logs/exp012_v2_diffon.txt
val_bpb:enabled tokenizer_kind=sentencepiece tokenizer_path=./data/tokenizers/fineweb_8192_bpe.model
train_loader:dataset:fineweb10B_sp8192 train_shards:80
val_loader:shards pattern=./data/datasets/fineweb10B_sp8192/fineweb_val_*.bin tokens:40546304
model_params:36204632
mtp_num_heads:0 mtp_loss_weight:0.0 mtp_params:0
diffusion_aux:prob:0.05 weight:0.5000 stop_frac:0.60 subsample:1.00 objective:latent_mse params:263168
XSA:last_11 active_layers:[0, 1, 2, 3, 4, 5, 6, 7, 8, 9, 10]
world_size:1 grad_accum_steps:8
sdp_backends:cudnn=False flash=True mem_efficient=False math=False
attention_mode:gqa num_heads:8 num_kv_heads:4
tie_embeddings:True embed_lr:0.03 head_lr:0.008 matrix_lr:0.02 scalar_lr:0.02
quant_stack:compressor=brotli matrix_bits=6 embed_bits=8 matrix_clip_sigmas=12.85 embed_clip_sigmas=20.0 muon_row_normalize=True
train_batch_tokens:786432 train_seq_len:2048 iterations:20000 warmup_steps:20 max_wallclock_seconds:600.000
seed:1337
gptq:reserving 12s for quant/export effective_wallclock_ms:588000
warmup_step:1/20
warmup_step:2/20
warmup_step:3/20
warmup_step:4/20
warmup_step:5/20
warmup_step:6/20
warmup_step:7/20
warmup_step:8/20
warmup_step:9/20
warmup_step:10/20
warmup_step:11/20
warmup_step:12/20
warmup_step:13/20
warmup_step:14/20
warmup_step:15/20
warmup_step:16/20
warmup_step:17/20
warmup_step:18/20
warmup_step:19/20
warmup_step:20/20
step:0/20000 val_loss:9.00738945 val_bpb:3.48765246 train_time:0ms step_avg:0.01ms
step:1/20000 train_loss:9.0076 train_time:723ms step_avg:722.92ms
step:2/20000 train_loss:12.3520 train_time:1392ms step_avg:695.85ms
step:3/20000 train_loss:11.1502 train_time:2240ms step_avg:746.71ms
step:4/20000 train_loss:9.7289 train_time:3090ms step_avg:772.58ms
step:5/20000 train_loss:8.4502 train_time:3841ms step_avg:768.17ms
step:6/20000 train_loss:7.7157 train_time:4690ms step_avg:781.68ms
step:7/20000 train_loss:7.2917 train_time:5445ms step_avg:777.87ms
step:8/20000 train_loss:7.0675 train_time:6201ms step_avg:775.10ms
step:9/20000 train_loss:6.9680 train_time:7058ms step_avg:784.22ms
step:10/20000 train_loss:6.8937 train_time:7818ms step_avg:781.79ms
diffusion_cutoff:step:446 elapsed_ms:353377 frac:0.60
step:500/20000 train_loss:3.2258 train_time:393831ms step_avg:787.66ms
late_qat:enabled step:681 scale:0.1486
swa:start step:700
step:759/20000 val_loss:3.10869005 val_bpb:1.20368177 train_time:588409ms step_avg:775.24ms
stopping_early: wallclock_cap train_time:588409ms step:759/20000
peak memory allocated: 49963 MiB reserved: 50074 MiB
DIAGNOSTIC post_train val_loss:3.1087 val_bpb:1.2037 eval_time:12502ms
export_excluding_training_only_params:262144
Serialized model: 135398000 bytes
Code size: 123371 bytes
gptq:building non-banked model for Hessian collection...
gptq:collecting hessians from 32 calibration batches...
gptq:collected hessians for 66 layers
selective_prune: 9623535 ±1 candidates, unpruned=17.29MB target=15.95MB
selective_prune: full ±1 prune=14.23MB
selective_prune: pruning 4240223/9623535 ±1 values (44.1%) to fit 15.95MB
Serialized model mixed-quant+brotli: 15826556 bytes
Total submission size mixed-quant+brotli: 15949927 bytes
final_int6_roundtrip val_loss:3.1888 val_bpb:1.2347 eval_time:15997ms
final_int6_roundtrip_exact val_loss:3.18883035 val_bpb:1.23471202
final_int6_sliding_window val_loss:3.1480 val_bpb:1.2189 stride:64 eval_time:502865ms
final_int6_sliding_window_exact val_loss:3.14799238 val_bpb:1.21891972
final_int8_zlib_roundtrip_exact val_loss:3.14799238 val_bpb:1.21891972
