logs/exp012_v2_target15mb.txt
val_bpb:enabled tokenizer_kind=sentencepiece tokenizer_path=./data/tokenizers/fineweb_8192_bpe.model
train_loader:dataset:fineweb10B_sp8192 train_shards:80
val_loader:shards pattern=./data/datasets/fineweb10B_sp8192/fineweb_val_*.bin tokens:40546304
model_params:36204632
mtp_num_heads:0 mtp_loss_weight:0.0 mtp_params:0
diffusion_aux:prob:0.05 weight:0.5000 stop_frac:0.60 subsample:1.00 objective:latent_mse params:263168
XSA:last_11 active_layers:[0, 1, 2, 3, 4, 5, 6, 7, 8, 9, 10]
world_size:1 grad_accum_steps:8
sdp_backends:cudnn=False flash=True mem_efficient=False math=False
attention_mode:gqa num_heads:8 num_kv_heads:4
tie_embeddings:True embed_lr:0.03 head_lr:0.008 matrix_lr:0.02 scalar_lr:0.02
quant_stack:compressor=brotli matrix_bits=6 embed_bits=8 matrix_clip_sigmas=12.85 embed_clip_sigmas=20.0 muon_row_normalize=True
train_batch_tokens:786432 train_seq_len:2048 iterations:20000 warmup_steps:20 max_wallclock_seconds:600.000
seed:1337
gptq:reserving 12s for quant/export effective_wallclock_ms:588000
warmup_step:1/20
warmup_step:2/20
warmup_step:3/20
warmup_step:4/20
warmup_step:5/20
warmup_step:6/20
warmup_step:7/20
warmup_step:8/20
warmup_step:9/20
warmup_step:10/20
warmup_step:11/20
warmup_step:12/20
warmup_step:13/20
warmup_step:14/20
warmup_step:15/20
warmup_step:16/20
warmup_step:17/20
warmup_step:18/20
warmup_step:19/20
warmup_step:20/20
step:0/20000 val_loss:9.00738945 val_bpb:3.48765246 train_time:0ms step_avg:0.01ms
step:1/20000 train_loss:9.0076 train_time:722ms step_avg:721.95ms
step:2/20000 train_loss:12.3520 train_time:1385ms step_avg:692.64ms
step:3/20000 train_loss:11.1501 train_time:2236ms step_avg:745.40ms
step:4/20000 train_loss:9.7288 train_time:3084ms step_avg:771.05ms
step:5/20000 train_loss:8.4502 train_time:3828ms step_avg:765.65ms
step:6/20000 train_loss:7.7156 train_time:4677ms step_avg:779.53ms
step:7/20000 train_loss:7.2917 train_time:5427ms step_avg:775.24ms
step:8/20000 train_loss:7.0676 train_time:6181ms step_avg:772.62ms
step:9/20000 train_loss:6.9680 train_time:7034ms step_avg:781.56ms
step:10/20000 train_loss:6.8936 train_time:7782ms step_avg:778.16ms
diffusion_cutoff:step:449 elapsed_ms:353524 frac:0.60
step:500/20000 train_loss:3.2252 train_time:391601ms step_avg:783.20ms
late_qat:enabled step:685 scale:0.1489
swa:start step:700
step:764/20000 val_loss:3.10690420 val_bpb:1.20299029 train_time:588724ms step_avg:770.58ms
stopping_early: wallclock_cap train_time:588724ms step:764/20000
peak memory allocated: 49964 MiB reserved: 50074 MiB
DIAGNOSTIC post_train val_loss:3.1069 val_bpb:1.2030 eval_time:12465ms
export_excluding_training_only_params:262144
Serialized model: 135398000 bytes
Code size: 123350 bytes
gptq:building non-banked model for Hessian collection...
gptq:collecting hessians from 32 calibration batches...
gptq:collected hessians for 66 layers
selective_prune: 9625525 ±1 candidates, unpruned=16.49MB target=15.25MB
selective_prune: full ±1 prune=13.57MB
selective_prune: pruning 4112468/9625525 ±1 values (42.7%) to fit 15.25MB
Serialized model mixed-quant+brotli: 15867246 bytes
Total submission size mixed-quant+brotli: 15990596 bytes
final_int6_roundtrip val_loss:3.1834 val_bpb:1.2326 eval_time:15763ms
final_int6_roundtrip_exact val_loss:3.18341966 val_bpb:1.23261700
final_int6_sliding_window val_loss:3.1427 val_bpb:1.2169 stride:64 eval_time:501002ms
final_int6_sliding_window_exact val_loss:3.14267534 val_bpb:1.21686093
final_int8_zlib_roundtrip_exact val_loss:3.14267534 val_bpb:1.21686093
