logs/ac1a690c-75f5-49b7-b909-4c507dbdab9c.txt
val_bpb:enabled tokenizer_kind=sentencepiece tokenizer_path=./data/tokenizers/fineweb_8192_bpe.model
train_loader:dataset:fineweb10B_sp8192 train_shards:80
val_loader:shards pattern=./data/datasets/fineweb10B_sp8192/fineweb_val_*.bin tokens:40546304
model_params:36204632
diffusion_aux:prob:0.05 weight:0.5000 stop_frac:0.60 subsample:1.00 objective:latent_mse params:263168
XSA:last_11 active_layers:[0, 1, 2, 3, 4, 5, 6, 7, 8, 9, 10]
world_size:1 grad_accum_steps:8
sdp_backends:cudnn=False flash=True mem_efficient=False math=False
attention_mode:gqa num_heads:8 num_kv_heads:4
tie_embeddings:True embed_lr:0.03 head_lr:0.008 matrix_lr:0.02 scalar_lr:0.02
quant_stack:compressor=brotli matrix_bits=6 embed_bits=8 matrix_clip_sigmas=12.85 embed_clip_sigmas=20.0 muon_row_normalize=True
train_batch_tokens:786432 train_seq_len:2048 iterations:20000 warmup_steps:20 max_wallclock_seconds:600.000
seed:1337
recurrence:depth=2 layers=[3,5] start_frac=0.35
gptq:reserving 12s for quant/export effective_wallclock_ms:588000
warmup_step:1/20
warmup_step:2/20
warmup_step:3/20
warmup_step:4/20
warmup_step:5/20
warmup_step:6/20
warmup_step:7/20
warmup_step:8/20
warmup_step:9/20
warmup_step:10/20
warmup_step:11/20
warmup_step:12/20
warmup_step:13/20
warmup_step:14/20
warmup_step:15/20
warmup_step:16/20
warmup_step:17/20
warmup_step:18/20
warmup_step:19/20
warmup_step:20/20
step:0/20000 val_loss:9.00738945 val_bpb:3.48765246 train_time:0ms step_avg:0.03ms
step:1/20000 train_loss:9.0076 train_time:726ms step_avg:725.79ms
step:2/20000 train_loss:12.3520 train_time:1394ms step_avg:697.06ms
step:3/20000 train_loss:11.1502 train_time:2250ms step_avg:749.94ms
step:4/20000 train_loss:9.7289 train_time:3110ms step_avg:777.55ms
step:5/20000 train_loss:8.4502 train_time:3865ms step_avg:772.94ms
step:6/20000 train_loss:7.7157 train_time:4725ms step_avg:787.46ms
step:7/20000 train_loss:7.2917 train_time:5487ms step_avg:783.87ms
step:8/20000 train_loss:7.0675 train_time:6249ms step_avg:781.14ms
step:9/20000 train_loss:6.9681 train_time:7115ms step_avg:790.60ms
step:10/20000 train_loss:6.8937 train_time:7875ms step_avg:787.47ms
recurrence:activated depth=2 layers=[3,5] step:259 frac:0.350
diffusion_cutoff:step:384 elapsed_ms:353802 frac:0.60
step:500/20000 train_loss:3.1863 train_time:462443ms step_avg:924.89ms
late_qat:enabled step:572 scale:0.1482
swa:start step:600
step:634/20000 val_loss:3.13371924 val_bpb:1.21337305 train_time:588245ms step_avg:927.83ms
stopping_early: wallclock_cap train_time:588245ms step:634/20000
peak memory allocated: 63003 MiB reserved: 63080 MiB
DIAGNOSTIC post_train val_loss:3.1337 val_bpb:1.2134 eval_time:15583ms
export_excluding_training_only_params:262144
Serialized model: 135398000 bytes
Code size: 96728 bytes
skip_quant:enabled — skipping post-training quantization pipeline
