logs/exp012_v11.txt
val_bpb:enabled tokenizer_kind=sentencepiece tokenizer_path=./data/tokenizers/fineweb_8192_bpe.model
train_loader:dataset:fineweb10B_sp8192 train_shards:80
val_loader:shards pattern=./data/datasets/fineweb10B_sp8192/fineweb_val_*.bin tokens:40546304
model_params:36204632
diffusion_aux:prob:0.05 weight:0.5000 start_frac:0.25 stop_frac:0.75 subsample:1.00 objective:latent_mse params:263168
XSA:last_11 active_layers:[0, 1, 2, 3, 4, 5, 6, 7, 8, 9, 10]
world_size:1 grad_accum_steps:8
sdp_backends:cudnn=False flash=True mem_efficient=False math=False
attention_mode:gqa num_heads:8 num_kv_heads:4
tie_embeddings:True embed_lr:0.03 head_lr:0.008 matrix_lr:0.02 scalar_lr:0.02
quant_stack:compressor=brotli matrix_bits=6 embed_bits=8 matrix_clip_sigmas=12.85 embed_clip_sigmas=20.0 muon_row_normalize=True
train_batch_tokens:786432 train_seq_len:2048 iterations:20000 warmup_steps:20 max_wallclock_seconds:600.000
seed:1337
gptq:reserving 12s for quant/export effective_wallclock_ms:588000
warmup_step:1/20
warmup_step:2/20
warmup_step:3/20
warmup_step:4/20
warmup_step:5/20
warmup_step:6/20
warmup_step:7/20
warmup_step:8/20
warmup_step:9/20
warmup_step:10/20
warmup_step:11/20
warmup_step:12/20
warmup_step:13/20
warmup_step:14/20
warmup_step:15/20
warmup_step:16/20
warmup_step:17/20
warmup_step:18/20
warmup_step:19/20
warmup_step:20/20
step:0/20000 val_loss:9.00738945 val_bpb:3.48765246 train_time:0ms step_avg:0.02ms
step:1/20000 train_loss:9.0076 train_time:729ms step_avg:729.03ms
step:2/20000 train_loss:12.3520 train_time:1400ms step_avg:699.98ms
step:3/20000 train_loss:11.1501 train_time:2164ms step_avg:721.31ms
step:4/20000 train_loss:9.5877 train_time:2925ms step_avg:731.30ms
step:5/20000 train_loss:8.4322 train_time:3685ms step_avg:736.99ms
step:6/20000 train_loss:7.7050 train_time:4447ms step_avg:741.24ms
step:7/20000 train_loss:7.2996 train_time:5210ms step_avg:744.30ms
step:8/20000 train_loss:7.0719 train_time:5976ms step_avg:747.00ms
step:9/20000 train_loss:6.9275 train_time:6738ms step_avg:748.67ms
step:10/20000 train_loss:6.8978 train_time:7507ms step_avg:750.66ms
diffusion_start:step:195 elapsed_ms:147425 frac:0.25
step:500/20000 train_loss:3.2252 train_time:390137ms step_avg:780.27ms
diffusion_cutoff:step:565 elapsed_ms:441339 frac:0.75
late_qat:enabled step:682 scale:0.1493
swa:start step:700
step:760/20000 val_loss:3.10691498 val_bpb:1.20299447 train_time:588496ms step_avg:774.34ms
stopping_early: wallclock_cap train_time:588496ms step:760/20000
peak memory allocated: 49964 MiB reserved: 50074 MiB
DIAGNOSTIC post_train val_loss:3.1069 val_bpb:1.2030 eval_time:12595ms
export_excluding_training_only_params:262144
Serialized model: 135398000 bytes
Code size: 96207 bytes
skip_quant:enabled — skipping post-training quantization pipeline
