logs/exp006_mod.txt
val_bpb:enabled tokenizer_kind=sentencepiece tokenizer_path=./data/tokenizers/fineweb_1024_bpe.model
train_loader:dataset:fineweb10B_sp1024 train_shards:80
val_loader:shards pattern=./data/datasets/fineweb10B_sp1024/fineweb_val_*.bin tokens:62021632
/usr/local/lib/python3.12/dist-packages/torch/_compile.py:53: UserWarning: optimizer contains a parameter group with duplicate parameters; in future, this will cause an error; see github.com/pytorch/pytorch/issues/40967 for more information
  return disable_fn(*args, **kwargs)
model_params:43534538
mtp_num_heads:0 mtp_loss_weight:0.2 mtp_params:0
XSA:last_18 active_layers:[0, 1, 2, 3, 4, 5, 6, 7, 8, 9, 10, 11, 12, 13, 14, 15, 16, 17]
recurrence:depth:2 shared_layers:0-17 mod:enabled:1 route_fraction:0.6667 aux_weight:0.0100
world_size:1 grad_accum_steps:8
sdp_backends:cudnn=False flash=True mem_efficient=False math=False
attention_mode:gqa num_heads:8 num_kv_heads:4
tie_embeddings:True embed_lr:0.035 head_lr:0.0 matrix_lr:0.025 scalar_lr:0.025
train_batch_tokens:786432 train_seq_len:2048 iterations:20000 warmup_steps:20 max_wallclock_seconds:600.000
seed:1337
warmup_step:1/20
warmup_step:2/20
warmup_step:3/20
warmup_step:4/20
warmup_step:5/20
warmup_step:6/20
warmup_step:7/20
warmup_step:8/20
warmup_step:9/20
warmup_step:10/20
warmup_step:11/20
warmup_step:12/20
warmup_step:13/20
warmup_step:14/20
warmup_step:15/20
warmup_step:16/20
warmup_step:17/20
warmup_step:18/20
warmup_step:19/20
warmup_step:20/20
step:0/20000 val_loss:6.9291 val_bpb:4.1038 train_time:0ms step_avg:0.02ms
step:1/20000 train_loss:6.9294 train_time:4582ms step_avg:4582.34ms
late_qat:enabled step:1 scale:0.0371
step:2/20000 train_loss:7.8077 train_time:9213ms step_avg:4606.28ms
step:3/20000 train_loss:7.7341 train_time:13854ms step_avg:4617.91ms
step:4/20000 train_loss:7.6140 train_time:18513ms step_avg:4628.29ms
step:5/20000 train_loss:7.4470 train_time:23171ms step_avg:4634.17ms
step:6/20000 train_loss:7.3290 train_time:27811ms step_avg:4635.12ms
step:7/20000 train_loss:7.1666 train_time:32449ms step_avg:4635.57ms
step:8/20000 train_loss:7.0331 train_time:37089ms step_avg:4636.07ms
step:9/20000 train_loss:6.8799 train_time:41730ms step_avg:4636.70ms
step:10/20000 train_loss:6.7546 train_time:46370ms step_avg:4637.00ms
swa:start step:50
step:130/20000 val_loss:5.3521 val_bpb:3.1698 train_time:603479ms step_avg:4642.15ms
stopping_early: wallclock_cap train_time:603479ms step:130/20000
peak memory allocated: 77095 MiB reserved: 77614 MiB
ema:applying EMA weights
DIAGNOSTIC post_ema val_loss:5.7783 val_bpb:3.4222 eval_time:115773ms
Serialized model: 172323279 bytes
Code size: 111403 bytes
gptq:building non-banked model for Hessian collection...
gptq:generating autoregressive calibration data (64 seqs x 2048 tokens, temp=0.8)...
gptq:generated 64 sequences in 840.7s
gptq:collecting hessians from autoregressive data...
gptq:collected hessians for 110 layers (AR self-gen)
selective_prune: already fits, no pruning needed
Total submission size int6+lzma: 7642599 bytes
final_int6_roundtrip_exact val_loss:5.79691968 val_bpb:3.43326236
[rank0]:[W407 20:18:37.623318280 ProcessGroupNCCL.cpp:1771] [PG ID 0 PG GUID 0(default_pg) Rank 0] Failed to check the "should dump" flag on TCPStore, (maybe TCPStore server has shut down too early), with error: Failed to recv, got 0 bytes. Connection was likely closed. Did the remote server shutdown or crash?
[rank0]:[W407 20:18:41.636244334 TCPStore.cpp:106] [c10d] sendBytes failed on SocketImpl(fd=41, addr=[3c0423380c53]:50640, remote=[3c0423380c53]:34167): Broken pipe
Exception raised from sendBytes at /pytorch/torch/csrc/distributed/c10d/Utils.hpp:653 (most recent call first):
frame #0: c10::Error::Error(c10::SourceLocation, std::__cxx11::basic_string<char, std::char_traits<char>, std::allocator<char> >) + 0x80 (0x7d2149f7cb80 in /usr/local/lib/python3.12/dist-packages/torch/lib/libc10.so)
frame #1: <unknown function> + 0x5ffc5b1 (0x7d21066cd5b1 in /usr/local/lib/python3.12/dist-packages/torch/lib/libtorch_cpu.so)
frame #2: <unknown function> + 0x5ffce42 (0x7d21066cde42 in /usr/local/lib/python3.12/dist-packages/torch/lib/libtorch_cpu.so)
frame #3: <unknown function> + 0x5ffe94e (0x7d21066cf94e in /usr/local/lib/python3.12/dist-packages/torch/lib/libtorch_cpu.so)
frame #4: c10d::TCPStore::check(std::vector<std::__cxx11::basic_string<char, std::char_traits<char>, std::allocator<char> >, std::allocator<std::__cxx11::basic_string<char, std::char_traits<char>, std::allocator<char> > > > const&) + 0x30e (0x7d21066ca26e in /usr/local/lib/python3.12/dist-packages/torch/lib/libtorch_cpu.so)
frame #5: c10d::ProcessGroupNCCL::HeartbeatMonitor::runLoop() + 0x3c8 (0x7d20c5249868 in /usr/local/lib/python3.12/dist-packages/torch/lib/libtorch_cuda.so)
frame #6: <unknown function> + 0xecdb4 (0x7d21cc35edb4 in /lib/x86_64-linux-gnu/libstdc++.so.6)
frame #7: <unknown function> + 0x9caa4 (0x7d21cecddaa4 in /lib/x86_64-linux-gnu/libc.so.6)
frame #8: __clone + 0x44 (0x7d21ced6aa64 in /lib/x86_64-linux-gnu/libc.so.6)

[rank0]:[W407 20:18:41.640032955 ProcessGroupNCCL.cpp:1771] [PG ID 0 PG GUID 0(default_pg) Rank 0] Failed to check the "should dump" flag on TCPStore, (maybe TCPStore server has shut down too early), with error: Broken pipe
[rank0]:[W407 20:18:45.652427343 TCPStore.cpp:106] [c10d] sendBytes failed on SocketImpl(fd=41, addr=[3c0423380c53]:50640, remote=[3c0423380c53]:34167): Broken pipe
Exception raised from sendBytes at /pytorch/torch/csrc/distributed/c10d/Utils.hpp:653 (most recent call first):
frame #0: c10::Error::Error(c10::SourceLocation, std::__cxx11::basic_string<char, std::char_traits<char>, std::allocator<char> >) + 0x80 (0x7d2149f7cb80 in /usr/local/lib/python3.12/dist-packages/torch/lib/libc10.so)
frame #1: <unknown function> + 0x5ffc5b1 (0x7d21066cd5b1 in /usr/local/lib/python3.12/dist-packages/torch/lib/libtorch_cpu.so)
frame #2: <unknown function> + 0x5ffce42 (0x7d21066cde42 in /usr/local/lib/python3.12/dist-packages/torch/lib/libtorch_cpu.so)
frame #3: <unknown function> + 0x5ffe94e (0x7d21066cf94e in /usr/local/lib/python3.12/dist-packages/torch/lib/libtorch_cpu.so)
frame #4: c10d::TCPStore::check(std::vector<std::__cxx11::basic_string<char, std::char_traits<char>, std::allocator<char> >, std::allocator<std::__cxx11::basic_string<char, std::char_traits<char>, std::allocator<char> > > > const&) + 0x30e (0x7d21066ca26e in /usr/local/lib/python3.12/dist-packages/torch/lib/libtorch_cpu.so)
frame #5: c10d::ProcessGroupNCCL::HeartbeatMonitor::runLoop() + 0x3c8 (0x7d20c5249868 in /usr/local/lib/python3.12/dist-packages/torch/lib/libtorch_cuda.so)
frame #6: <unknown function> + 0xecdb4 (0x7d21cc35edb4 in /lib/x86_64-linux-gnu/libstdc++.so.6)
frame #7: <unknown function> + 0x9caa4 (0x7d21cecddaa4 in /lib/x86_64-linux-gnu/libc.so.6)
frame #8: __clone + 0x44 (0x7d21ced6aa64 in /lib/x86_64-linux-gnu/libc.so.6)

[rank0]:[W407 20:18:47.660778436 TCPStore.cpp:106] [c10d] sendBytes failed on SocketImpl(fd=41, addr=[3c0423380c53]:50640, remote=[3c0423380c53]:34167): Broken pipe
Exception raised from sendBytes at /pytorch/torch/csrc/distributed/c10d/Utils.hpp:653 (most recent call first):
frame #0: c10::Error::Error(c10::SourceLocation, std::__cxx11::basic_string<char, std::char_traits<char>, std::allocator<char> >) + 0x80 (0x7d2149f7cb80 in /usr/local/lib/python3.12/dist-packages/torch/lib/libc10.so)
frame #1: <unknown function> + 0x5ffc5b1 (0x7d21066cd5b1 in /usr/local/lib/python3.12/dist-packages/torch/lib/libtorch_cpu.so)
frame #2: <unknown function> + 0x5ffce42 (0x7d21066cde42 in /usr/local/lib/python3.12/dist-packages/torch/lib/libtorch_cpu.so)
frame #3: <unknown function> + 0x5ffe94e (0x7d21066cf94e in /usr/local/lib/python3.12/dist-packages/torch/lib/libtorch_cpu.so)
frame #4: c10d::TCPStore::check(std::vector<std::__cxx11::basic_string<char, std::char_traits<char>, std::allocator<char> >, std::allocator<std::__cxx11::basic_string<char, std::char_traits<char>, std::allocator<char> > > > const&) + 0x30e (0x7d21066ca26e in /usr/local/lib/python3.12/dist-packages/torch/lib/libtorch_cpu.so)
frame #5: c10d::ProcessGroupNCCL::HeartbeatMonitor::runLoop() + 0x3c8 (0x7d20c5249868 in /usr/local/lib/python3.12/dist-packages/torch/lib/libtorch_cuda.so)
frame #6: <unknown function> + 0xecdb4 (0x7d21cc35edb4 in /lib/x86_64-linux-gnu/libstdc++.so.6)
frame #7: <unknown function> + 0x9caa4 (0x7d21cecddaa4 in /lib/x86_64-linux-gnu/libc.so.6)
frame #8: __clone + 0x44 (0x7d21ced6aa64 in /lib/x86_64-linux-gnu/libc.so.6)

[rank0]:[W407 20:18:49.668717844 TCPStore.cpp:106] [c10d] sendBytes failed on SocketImpl(fd=41, addr=[3c0423380c53]:50640, remote=[3c0423380c53]:34167): Broken pipe
Exception raised from sendBytes at /pytorch/torch/csrc/distributed/c10d/Utils.hpp:653 (most recent call first):
frame #0: c10::Error::Error(c10::SourceLocation, std::__cxx11::basic_string<char, std::char_traits<char>, std::allocator<char> >) + 0x80 (0x7d2149f7cb80 in /usr/local/lib/python3.12/dist-packages/torch/lib/libc10.so)
frame #1: <unknown function> + 0x5ffc5b1 (0x7d21066cd5b1 in /usr/local/lib/python3.12/dist-packages/torch/lib/libtorch_cpu.so)
frame #2: <unknown function> + 0x5ffce42 (0x7d21066cde42 in /usr/local/lib/python3.12/dist-packages/torch/lib/libtorch_cpu.so)
frame #3: <unknown function> + 0x5ffe94e (0x7d21066cf94e in /usr/local/lib/python3.12/dist-packages/torch/lib/libtorch_cpu.so)
frame #4: c10d::TCPStore::check(std::vector<std::__cxx11::basic_string<char, std::char_traits<char>, std::allocator<char> >, std::allocator<std::__cxx11::basic_string<char, std::char_traits<char>, std::allocator<char> > > > const&) + 0x30e (0x7d21066ca26e in /usr/local/lib/python3.12/dist-packages/torch/lib/libtorch_cpu.so)
frame #5: c10d::ProcessGroupNCCL::HeartbeatMonitor::runLoop() + 0x3c8 (0x7d20c5249868 in /usr/local/lib/python3.12/dist-packages/torch/lib/libtorch_cuda.so)
frame #6: <unknown function> + 0xecdb4 (0x7d21cc35edb4 in /lib/x86_64-linux-gnu/libstdc++.so.6)
frame #7: <unknown function> + 0x9caa4 (0x7d21cecddaa4 in /lib/x86_64-linux-gnu/libc.so.6)
frame #8: __clone + 0x44 (0x7d21ced6aa64 in /lib/x86_64-linux-gnu/libc.so.6)

[rank0]:[W407 20:18:50.676362417 ProcessGroupNCCL.cpp:1771] [PG ID 0 PG GUID 0(default_pg) Rank 0] Failed to check the "should dump" flag on TCPStore, (maybe TCPStore server has shut down too early), with error: Broken pipe
[rank0]:[W407 20:18:52.680403019 TCPStore.cpp:106] [c10d] sendBytes failed on SocketImpl(fd=41, addr=[3c0423380c53]:50640, remote=[3c0423380c53]:34167): Broken pipe
Exception raised from sendBytes at /pytorch/torch/csrc/distributed/c10d/Utils.hpp:653 (most recent call first):
frame #0: c10::Error::Error(c10::SourceLocation, std::__cxx11::basic_string<char, std::char_traits<char>, std::allocator<char> >) + 0x80 (0x7d2149f7cb80 in /usr/local/lib/python3.12/dist-packages/torch/lib/libc10.so)
frame #1: <unknown function> + 0x5ffc5b1 (0x7d21066cd5b1 in /usr/local/lib/python3.12/dist-packages/torch/lib/libtorch_cpu.so)
frame #2: <unknown function> + 0x5ffce42 (0x7d21066cde42 in /usr/local/lib/python3.12/dist-packages/torch/lib/libtorch_cpu.so)
frame #3: <unknown function> + 0x5ffe94e (0x7d21066cf94e in /usr/local/lib/python3.12/dist-packages/torch/lib/libtorch_cpu.so)
frame #4: c10d::TCPStore::check(std::vector<std::__cxx11::basic_string<char, std::char_traits<char>, std::allocator<char> >, std::allocator<std::__cxx11::basic_string<char, std::char_traits<char>, std::allocator<char> > > > const&) + 0x30e (0x7d21066ca26e in /usr/local/lib/python3.12/dist-packages/torch/lib/libtorch_cpu.so)
frame #5: c10d::ProcessGroupNCCL::HeartbeatMonitor::runLoop() + 0x3c8 (0x7d20c5249868 in /usr/local/lib/python3.12/dist-packages/torch/lib/libtorch_cuda.so)
frame #6: <unknown function> + 0xecdb4 (0x7d21cc35edb4 in /lib/x86_64-linux-gnu/libstdc++.so.6)
frame #7: <unknown function> + 0x9caa4 (0x7d21cecddaa4 in /lib/x86_64-linux-gnu/libc.so.6)
frame #8: __clone + 0x44 (0x7d21ced6aa64 in /lib/x86_64-linux-gnu/libc.so.6)

[rank0]:[W407 20:18:52.684161500 ProcessGroupNCCL.cpp:1771] [PG ID 0 PG GUID 0(default_pg) Rank 0] Failed to check the "should dump" flag on TCPStore, (maybe TCPStore server has shut down too early), with error: Broken pipe
[rank0]:[W407 20:18:53.688229048 ProcessGroupNCCL.cpp:1771] [PG ID 0 PG GUID 0(default_pg) Rank 0] Failed to check the "should dump" flag on TCPStore, (maybe TCPStore server has shut down too early), with error: Broken pipe
[rank0]:[W407 20:18:54.692296727 ProcessGroupNCCL.cpp:1771] [PG ID 0 PG GUID 0(default_pg) Rank 0] Failed to check the "should dump" flag on TCPStore, (maybe TCPStore server has shut down too early), with error: Broken pipe
[rank0]:[W407 20:18:55.696495613 ProcessGroupNCCL.cpp:1771] [PG ID 0 PG GUID 0(default_pg) Rank 0] Failed to check the "should dump" flag on TCPStore, (maybe TCPStore server has shut down too early), with error: Broken pipe
[rank0]:[W407 20:18:56.700401619 ProcessGroupNCCL.cpp:1771] [PG ID 0 PG GUID 0(default_pg) Rank 0] Failed to check the "should dump" flag on TCPStore, (maybe TCPStore server has shut down too early), with error: Broken pipe
[rank0]:[W407 20:18:58.704668582 TCPStore.cpp:106] [c10d] sendBytes failed on SocketImpl(fd=41, addr=[3c0423380c53]:50640, remote=[3c0423380c53]:34167): Broken pipe
Exception raised from sendBytes at /pytorch/torch/csrc/distributed/c10d/Utils.hpp:653 (most recent call first):
frame #0: c10::Error::Error(c10::SourceLocation, std::__cxx11::basic_string<char, std::char_traits<char>, std::allocator<char> >) + 0x80 (0x7d2149f7cb80 in /usr/local/lib/python3.12/dist-packages/torch/lib/libc10.so)
frame #1: <unknown function> + 0x5ffc5b1 (0x7d21066cd5b1 in /usr/local/lib/python3.12/dist-packages/torch/lib/libtorch_cpu.so)
frame #2: <unknown function> + 0x5ffce42 (0x7d21066cde42 in /usr/local/lib/python3.12/dist-packages/torch/lib/libtorch_cpu.so)
frame #3: <unknown function> + 0x5ffe94e (0x7d21066cf94e in /usr/local/lib/python3.12/dist-packages/torch/lib/libtorch_cpu.so)
frame #4: c10d::TCPStore::check(std::vector<std::__cxx11::basic_string<char, std::char_traits<char>, std::allocator<char> >, std::allocator<std::__cxx11::basic_string<char, std::char_traits<char>, std::allocator<char> > > > const&) + 0x30e (0x7d21066ca26e in /usr/local/lib/python3.12/dist-packages/torch/lib/libtorch_cpu.so)
frame #5: c10d::ProcessGroupNCCL::HeartbeatMonitor::runLoop() + 0x3c8 (0x7d20c5249868 in /usr/local/lib/python3.12/dist-packages/torch/lib/libtorch_cuda.so)
frame #6: <unknown function> + 0xecdb4 (0x7d21cc35edb4 in /lib/x86_64-linux-gnu/libstdc++.so.6)
frame #7: <unknown function> + 0x9caa4 (0x7d21cecddaa4 in /lib/x86_64-linux-gnu/libc.so.6)
frame #8: __clone + 0x44 (0x7d21ced6aa64 in /lib/x86_64-linux-gnu/libc.so.6)

[rank0]:[W407 20:18:59.712502405 ProcessGroupNCCL.cpp:1771] [PG ID 0 PG GUID 0(default_pg) Rank 0] Failed to check the "should dump" flag on TCPStore, (maybe TCPStore server has shut down too early), with error: Broken pipe
[rank0]:[W407 20:19:00.716521184 ProcessGroupNCCL.cpp:1771] [PG ID 0 PG GUID 0(default_pg) Rank 0] Failed to check the "should dump" flag on TCPStore, (maybe TCPStore server has shut down too early), with error: Broken pipe
[rank0]:[W407 20:19:01.720464222 ProcessGroupNCCL.cpp:1771] [PG ID 0 PG GUID 0(default_pg) Rank 0] Failed to check the "should dump" flag on TCPStore, (maybe TCPStore server has shut down too early), with error: Broken pipe
[rank0]:[W407 20:19:03.728551393 ProcessGroupNCCL.cpp:1771] [PG ID 0 PG GUID 0(default_pg) Rank 0] Failed to check the "should dump" flag on TCPStore, (maybe TCPStore server has shut down too early), with error: Broken pipe
[rank0]:[W407 20:19:04.732423940 ProcessGroupNCCL.cpp:1771] [PG ID 0 PG GUID 0(default_pg) Rank 0] Failed to check the "should dump" flag on TCPStore, (maybe TCPStore server has shut down too early), with error: Broken pipe
[rank0]:[W407 20:19:05.736459465 ProcessGroupNCCL.cpp:1771] [PG ID 0 PG GUID 0(default_pg) Rank 0] Failed to check the "should dump" flag on TCPStore, (maybe TCPStore server has shut down too early), with error: Broken pipe
[rank0]:[W407 20:19:06.740397907 ProcessGroupNCCL.cpp:1771] [PG ID 0 PG GUID 0(default_pg) Rank 0] Failed to check the "should dump" flag on TCPStore, (maybe TCPStore server has shut down too early), with error: Broken pipe
[rank0]:[W407 20:19:07.744355396 ProcessGroupNCCL.cpp:1771] [PG ID 0 PG GUID 0(default_pg) Rank 0] Failed to check the "should dump" flag on TCPStore, (maybe TCPStore server has shut down too early), with error: Broken pipe
[rank0]:[W407 20:19:08.748322387 ProcessGroupNCCL.cpp:1771] [PG ID 0 PG GUID 0(default_pg) Rank 0] Failed to check the "should dump" flag on TCPStore, (maybe TCPStore server has shut down too early), with error: Broken pipe
[rank0]:[W407 20:19:09.752733338 ProcessGroupNCCL.cpp:1771] [PG ID 0 PG GUID 0(default_pg) Rank 0] Failed to check the "should dump" flag on TCPStore, (maybe TCPStore server has shut down too early), with error: Broken pipe
[rank0]:[W407 20:19:10.756714641 ProcessGroupNCCL.cpp:1771] [PG ID 0 PG GUID 0(default_pg) Rank 0] Failed to check the "should dump" flag on TCPStore, (maybe TCPStore server has shut down too early), with error: Broken pipe
[rank0]:[W407 20:19:11.760765757 ProcessGroupNCCL.cpp:1771] [PG ID 0 PG GUID 0(default_pg) Rank 0] Failed to check the "should dump" flag on TCPStore, (maybe TCPStore server has shut down too early), with error: Broken pipe
[rank0]:[W407 20:19:12.765145547 ProcessGroupNCCL.cpp:1771] [PG ID 0 PG GUID 0(default_pg) Rank 0] Failed to check the "should dump" flag on TCPStore, (maybe TCPStore server has shut down too early), with error: Broken pipe
[rank0]:[W407 20:19:13.769577442 ProcessGroupNCCL.cpp:1771] [PG ID 0 PG GUID 0(default_pg) Rank 0] Failed to check the "should dump" flag on TCPStore, (maybe TCPStore server has shut down too early), with error: Broken pipe
