val_bpb:enabled tokenizer_kind=sentencepiece tokenizer_path=./data/tokenizers/fineweb_1024_bpe.model
train_loader:dataset:fineweb10B_sp1024 train_shards:80
val_loader:shards pattern=./data/datasets/fineweb10B_sp1024/fineweb_val_*.bin tokens:62021632
model_params:28173404
mtp_num_heads:0 mtp_loss_weight:0.0 mtp_params:0
mtp_delay:enabled heads:4 hidden_dim:128 weight:0.3000 params:1179648 kill_after:5000 kill_factor:2.00
XSA:last_11 active_layers:[0, 1, 2, 3, 4, 5, 6, 7, 8, 9, 10]
world_size:1 grad_accum_steps:8
sdp_backends:cudnn=False flash=True mem_efficient=False math=False
attention_mode:gqa num_heads:8 num_kv_heads:4
tie_embeddings:True embed_lr:0.035 head_lr:0.0 matrix_lr:0.025 scalar_lr:0.025
train_batch_tokens:786432 train_seq_len:2048 iterations:20000 warmup_steps:20 max_wallclock_seconds:600.000
seed:1337
warmup_step:1/20
warmup_step:2/20
warmup_step:3/20
warmup_step:4/20
warmup_step:5/20
warmup_step:6/20
warmup_step:7/20
warmup_step:8/20
warmup_step:9/20
warmup_step:10/20
warmup_step:11/20
warmup_step:12/20
warmup_step:13/20
warmup_step:14/20
warmup_step:15/20
warmup_step:16/20
warmup_step:17/20
warmup_step:18/20
warmup_step:19/20
warmup_step:20/20
step:0/20000 val_loss:6.9306 val_bpb:4.1047 train_time:0ms step_avg:0.01ms
step:1/20000 train_loss:9.0098 train_time:695ms step_avg:695.19ms
step:2/20000 train_loss:11.9297 train_time:1330ms step_avg:665.19ms
step:3/20000 train_loss:10.7509 train_time:2018ms step_avg:672.75ms
step:4/20000 train_loss:9.7901 train_time:2703ms step_avg:675.65ms
step:5/20000 train_loss:9.0167 train_time:3386ms step_avg:677.22ms
step:6/20000 train_loss:8.6318 train_time:4073ms step_avg:678.76ms
step:7/20000 train_loss:8.3268 train_time:4758ms step_avg:679.66ms
step:8/20000 train_loss:8.1726 train_time:5443ms step_avg:680.37ms
step:9/20000 train_loss:8.0126 train_time:6128ms step_avg:680.85ms
step:10/20000 train_loss:7.8824 train_time:6813ms step_avg:681.35ms
swa:start step:200
late_qat:enabled step:349 scale:0.1499
step:500/20000 train_loss:4.4866 train_time:343505ms step_avg:687.01ms
step:873/20000 val_loss:2.3790 val_bpb:1.4090 train_time:600414ms step_avg:687.76ms
stopping_early: wallclock_cap train_time:600414ms step:873/20000
peak memory allocated: 24196 MiB reserved: 24322 MiB
ema:applying EMA weights
DIAGNOSTIC post_ema val_loss:2.6191 val_bpb:1.5512 eval_time:16262ms
export_excluding_training_only_params:1179648
Serialized model: 106158518 bytes
Code size: 107021 bytes
gptq:building non-banked model for Hessian collection...
gptq:generating autoregressive calibration data (64 seqs x 2048 tokens, temp=0.8)...
gptq:generated 64 sequences in 206.5s
gptq:collecting hessians from autoregressive data...
gptq:collected hessians for 68 layers (AR self-gen)
selective_prune: 9592486 ±1 candidates, unpruned=7.07MB target=15.9MB
selective_prune: already fits, no pruning needed
Serialized model int6+lzma: 7306744 bytes
Total submission size int6+lzma: 7413765 bytes
final_int6_roundtrip val_loss:3.2895 val_bpb:1.9482 eval_time:33287ms
final_int6_roundtrip_exact val_loss:3.28951276 val_bpb:1.94823475
