logs/exp008_mtp-lite.txt
val_bpb:enabled tokenizer_kind=sentencepiece tokenizer_path=./data/tokenizers/fineweb_1024_bpe.model
train_loader:dataset:fineweb10B_sp1024 train_shards:80
val_loader:shards pattern=./data/datasets/fineweb10B_sp1024/fineweb_val_*.bin tokens:62021632
model_params:26993756
mtp_num_heads:0 mtp_loss_weight:0.0 mtp_params:0
XSA:last_11 active_layers:[0, 1, 2, 3, 4, 5, 6, 7, 8, 9, 10]
world_size:1 grad_accum_steps:8
sdp_backends:cudnn=False flash=True mem_efficient=False math=False
attention_mode:gqa num_heads:8 num_kv_heads:4
tie_embeddings:True embed_lr:0.035 head_lr:0.0 matrix_lr:0.025 scalar_lr:0.025
train_batch_tokens:786432 train_seq_len:2048 iterations:20000 warmup_steps:20 max_wallclock_seconds:600.000
seed:1337
warmup_step:1/20
warmup_step:2/20
warmup_step:3/20
warmup_step:4/20
warmup_step:5/20
warmup_step:6/20
warmup_step:7/20
warmup_step:8/20
warmup_step:9/20
warmup_step:10/20
warmup_step:11/20
warmup_step:12/20
warmup_step:13/20
warmup_step:14/20
warmup_step:15/20
warmup_step:16/20
warmup_step:17/20
warmup_step:18/20
warmup_step:19/20
warmup_step:20/20
step:0/20000 val_loss:6.9309 val_bpb:4.1049 train_time:0ms step_avg:0.02ms
step:1/20000 train_loss:6.9313 train_time:646ms step_avg:646.10ms
step:2/20000 train_loss:8.6943 train_time:1232ms step_avg:615.79ms
step:3/20000 train_loss:7.6361 train_time:1885ms step_avg:628.23ms
step:4/20000 train_loss:7.2659 train_time:2530ms step_avg:632.51ms
step:5/20000 train_loss:7.1487 train_time:3175ms step_avg:634.99ms
step:6/20000 train_loss:7.1398 train_time:3820ms step_avg:636.72ms
step:7/20000 train_loss:7.0448 train_time:4466ms step_avg:638.05ms
step:8/20000 train_loss:6.8108 train_time:5113ms step_avg:639.11ms
step:9/20000 train_loss:6.4898 train_time:5758ms step_avg:639.81ms
step:10/20000 train_loss:6.1544 train_time:6413ms step_avg:641.35ms
step:500/20000 train_loss:2.3147 train_time:323433ms step_avg:646.87ms
late_qat:enabled step:862 scale:0.2968
swa:start step:900
step:929/20000 val_loss:2.1409 val_bpb:1.2680 train_time:600492ms step_avg:646.38ms
stopping_early: wallclock_cap train_time:600492ms step:929/20000
peak memory allocated: 23055 MiB reserved: 23196 MiB
ema:applying EMA weights
DIAGNOSTIC post_ema val_loss:2.3221 val_bpb:1.3753 eval_time:16293ms
Serialized model: 106158518 bytes
Code size: 107087 bytes
gptq:building non-banked model for Hessian collection...
gptq:generating autoregressive calibration data (64 seqs x 2048 tokens, temp=0.8)...
gptq:generated 64 sequences in 233.3s
gptq:collecting hessians from autoregressive data...
gptq:collected hessians for 68 layers (AR self-gen)
selective_prune: 9470733 ±1 candidates, unpruned=11.12MB target=15.9MB
selective_prune: already fits, no pruning needed
Serialized model int6+lzma: 11552948 bytes
Total submission size int6+lzma: 11660035 bytes
final_int6_roundtrip val_loss:2.3414 val_bpb:1.3867 eval_time:23085ms
final_int6_roundtrip_exact val_loss:2.34143278 val_bpb:1.38672838
final_int6_sliding_window val_loss:2.3016 val_bpb:1.3632 stride:64 eval_time:596829ms
final_int6_sliding_window_exact val_loss:2.30164907 val_bpb:1.36316984
final_int8_zlib_roundtrip_exact val_loss:2.30164907 val_bpb:1.36316984
