logs/exp008_v5.txt
val_bpb:enabled tokenizer_kind=sentencepiece tokenizer_path=./data/tokenizers/fineweb_1024_bpe.model
train_loader:dataset:fineweb10B_sp1024 train_shards:80
val_loader:shards pattern=./data/datasets/fineweb10B_sp1024/fineweb_val_*.bin tokens:62021632
model_params:26993756
mtp_num_heads:0 mtp_loss_weight:0.0 mtp_params:0
XSA:last_11 active_layers:[0, 1, 2, 3, 4, 5, 6, 7, 8, 9, 10]
world_size:1 grad_accum_steps:8
sdp_backends:cudnn=False flash=True mem_efficient=False math=False
attention_mode:gqa num_heads:8 num_kv_heads:4
tie_embeddings:True embed_lr:0.035 head_lr:0.0 matrix_lr:0.025 scalar_lr:0.025
train_batch_tokens:786432 train_seq_len:2048 iterations:20000 warmup_steps:20 max_wallclock_seconds:600.000
seed:1337
warmup_step:1/20
warmup_step:2/20
warmup_step:3/20
warmup_step:4/20
warmup_step:5/20
warmup_step:6/20
warmup_step:7/20
warmup_step:8/20
warmup_step:9/20
warmup_step:10/20
warmup_step:11/20
warmup_step:12/20
warmup_step:13/20
warmup_step:14/20
warmup_step:15/20
warmup_step:16/20
warmup_step:17/20
warmup_step:18/20
warmup_step:19/20
warmup_step:20/20
step:0/20000 val_loss:6.9309 val_bpb:4.1049 train_time:0ms step_avg:0.01ms
step:1/20000 train_loss:6.9313 train_time:650ms step_avg:649.51ms
step:2/20000 train_loss:8.6943 train_time:1231ms step_avg:615.43ms
step:3/20000 train_loss:7.6361 train_time:1884ms step_avg:627.95ms
step:4/20000 train_loss:7.2659 train_time:2527ms step_avg:631.67ms
step:5/20000 train_loss:7.1488 train_time:3173ms step_avg:634.67ms
step:6/20000 train_loss:7.1400 train_time:3819ms step_avg:636.48ms
step:7/20000 train_loss:7.0450 train_time:4463ms step_avg:637.60ms
step:8/20000 train_loss:6.8109 train_time:5110ms step_avg:638.77ms
step:9/20000 train_loss:6.4896 train_time:5757ms step_avg:639.64ms
step:10/20000 train_loss:6.1545 train_time:6401ms step_avg:640.09ms
step:500/20000 train_loss:2.3145 train_time:321504ms step_avg:643.01ms
late_qat:enabled step:866 scale:0.2971
swa:start step:900
step:933/20000 val_loss:2.1412 val_bpb:1.2681 train_time:600540ms step_avg:643.67ms
stopping_early: wallclock_cap train_time:600540ms step:933/20000
peak memory allocated: 23055 MiB reserved: 23196 MiB
ema:applying EMA weights
DIAGNOSTIC post_ema val_loss:2.1781 val_bpb:1.2900 eval_time:16286ms
Serialized model: 106158518 bytes
Code size: 107522 bytes
gptq:building non-banked model for Hessian collection...
gptq:generating autoregressive calibration data (64 seqs x 2048 tokens, temp=0.8)...
gptq:generated 64 sequences in 212.2s
gptq:collecting hessians from autoregressive data...
gptq:collected hessians for 68 layers (AR self-gen)
selective_prune: 8297373 ±1 candidates, unpruned=12.04MB target=15.9MB
selective_prune: already fits, no pruning needed
Serialized model int6+lzma: 12516652 bytes
Total submission size int6+lzma: 12624174 bytes
final_int6_roundtrip val_loss:2.1927 val_bpb:1.2986 eval_time:21599ms
final_int6_roundtrip_exact val_loss:2.19267869 val_bpb:1.29862783
final_int6_sliding_window val_loss:2.1519 val_bpb:1.2745 stride:64 eval_time:592825ms
final_int6_sliding_window_exact val_loss:2.15189949 val_bpb:1.27447946
final_int8_zlib_roundtrip_exact val_loss:2.15189949 val_bpb:1.27447946
