W0410 09:40:58.837000 77283 torch/distributed/run.py:803] 
W0410 09:40:58.837000 77283 torch/distributed/run.py:803] *****************************************
W0410 09:40:58.837000 77283 torch/distributed/run.py:803] Setting OMP_NUM_THREADS environment variable for each process to be 1 in default, to avoid your system being overloaded, please further tune the variable for optimal performance in your application as needed. 
W0410 09:40:58.837000 77283 torch/distributed/run.py:803] *****************************************
logs/exp008_mtp_lite_v6.txt
val_bpb:enabled tokenizer_kind=sentencepiece tokenizer_path=./data/tokenizers/fineweb_1024_bpe.model
train_loader:dataset:fineweb10B_sp1024 train_shards:80
val_loader:shards pattern=./data/datasets/fineweb10B_sp1024/fineweb_val_*.bin tokens:62021632
model_params:26993756
mtp_num_heads:0 mtp_loss_weight:0.0 mtp_params:0
XSA:last_11 active_layers:[0, 1, 2, 3, 4, 5, 6, 7, 8, 9, 10]
world_size:8 grad_accum_steps:1
sdp_backends:cudnn=False flash=True mem_efficient=False math=False
attention_mode:gqa num_heads:8 num_kv_heads:4
tie_embeddings:True embed_lr:0.035 head_lr:0.0 matrix_lr:0.025 scalar_lr:0.025
train_batch_tokens:786432 train_seq_len:2048 iterations:20000 warmup_steps:20 max_wallclock_seconds:600.000
seed:1337
warmup_step:1/20
warmup_step:2/20
warmup_step:3/20
warmup_step:4/20
warmup_step:5/20
warmup_step:6/20
warmup_step:7/20
warmup_step:8/20
warmup_step:9/20
warmup_step:10/20
warmup_step:11/20
warmup_step:12/20
warmup_step:13/20
warmup_step:14/20
warmup_step:15/20
warmup_step:16/20
warmup_step:17/20
warmup_step:18/20
warmup_step:19/20
warmup_step:20/20
step:0/20000 val_loss:6.9309 val_bpb:4.1049 train_time:0ms step_avg:0.01ms
step:1/20000 train_loss:6.9317 train_time:133ms step_avg:133.26ms
step:2/20000 train_loss:8.6728 train_time:161ms step_avg:80.31ms
step:3/20000 train_loss:7.5837 train_time:244ms step_avg:81.30ms
step:4/20000 train_loss:7.3016 train_time:329ms step_avg:82.20ms
step:5/20000 train_loss:7.2497 train_time:415ms step_avg:82.92ms
step:6/20000 train_loss:7.1163 train_time:500ms step_avg:83.37ms
step:7/20000 train_loss:6.9422 train_time:587ms step_avg:83.81ms
step:8/20000 train_loss:6.8204 train_time:673ms step_avg:84.08ms
step:9/20000 train_loss:6.4417 train_time:758ms step_avg:84.18ms
step:10/20000 train_loss:6.0555 train_time:842ms step_avg:84.19ms
step:500/20000 train_loss:2.3783 train_time:43124ms step_avg:86.25ms
step:1000/20000 train_loss:2.2554 train_time:86746ms step_avg:86.75ms
step:1500/20000 train_loss:2.2052 train_time:130517ms step_avg:87.01ms
step:2000/20000 train_loss:2.0483 train_time:174319ms step_avg:87.16ms
step:2500/20000 train_loss:2.1514 train_time:218102ms step_avg:87.24ms
step:3000/20000 train_loss:2.1498 train_time:261866ms step_avg:87.29ms
step:3500/20000 train_loss:2.1640 train_time:305625ms step_avg:87.32ms
step:4000/20000 train_loss:1.9691 train_time:349345ms step_avg:87.34ms
step:4000/20000 val_loss:2.0618 val_bpb:1.2211 train_time:349397ms step_avg:87.35ms
step:4500/20000 train_loss:2.1340 train_time:393107ms step_avg:87.36ms
step:5000/20000 train_loss:2.1298 train_time:436833ms step_avg:87.37ms
step:5500/20000 train_loss:2.0617 train_time:480544ms step_avg:87.37ms
step:6000/20000 train_loss:1.9956 train_time:524315ms step_avg:87.39ms
step:6500/20000 train_loss:2.1632 train_time:568013ms step_avg:87.39ms
late_qat:enabled step:6799 scale:0.2979
swa:start step:6850
step:6866/20000 val_loss:1.9804 val_bpb:1.1729 train_time:600089ms step_avg:87.40ms
stopping_early: wallclock_cap train_time:600089ms step:6866/20000
peak memory allocated: 22850 MiB reserved: 23004 MiB
ema:applying EMA weights
DIAGNOSTIC post_ema val_loss:1.9643 val_bpb:1.1634 eval_time:2097ms
Serialized model: 106158518 bytes
Code size: 107522 bytes
gptq:building non-banked model for Hessian collection...
gptq:generating autoregressive calibration data (64 seqs x 2048 tokens, temp=0.8)...
gptq:generated 64 sequences in 205.1s
gptq:collecting hessians from autoregressive data...
gptq:collected hessians for 68 layers (AR self-gen)
selective_prune: 3205258 ±1 candidates, unpruned=16.36MB target=15.9MB
selective_prune: full ±1 prune=15.46MB
