logs/exp000_baseline_v2.txt
val_bpb:enabled tokenizer_kind=sentencepiece tokenizer_path=./data/tokenizers/fineweb_1024_bpe.model
train_loader:dataset:fineweb10B_sp1024 train_shards:80
val_loader:shards pattern=./data/datasets/fineweb10B_sp1024/fineweb_val_*.bin tokens:62021632
model_params:17059912
world_size:1 grad_accum_steps:8
sdp_backends:cudnn=False flash=True mem_efficient=False math=False
attention_mode:gqa num_heads:8 num_kv_heads:4
tie_embeddings:True embed_lr:0.05 head_lr:0.0 matrix_lr:0.04 scalar_lr:0.04
train_batch_tokens:524288 train_seq_len:1024 iterations:20000 warmup_steps:20 max_wallclock_seconds:600.000
seed:1337
warmup_step:1/20
warmup_step:2/20
warmup_step:3/20
warmup_step:4/20
warmup_step:5/20
warmup_step:6/20
warmup_step:7/20
warmup_step:8/20
warmup_step:9/20
warmup_step:10/20
warmup_step:11/20
warmup_step:12/20
warmup_step:13/20
warmup_step:14/20
warmup_step:15/20
warmup_step:16/20
warmup_step:17/20
warmup_step:18/20
warmup_step:19/20
warmup_step:20/20
step:0/20000 val_loss:6.9357 val_bpb:4.1077 train_time:0ms step_avg:0.01ms
step:1/20000 train_loss:6.9357 train_time:645ms step_avg:645.10ms
step:2/20000 train_loss:16.7414 train_time:1297ms step_avg:648.32ms
step:3/20000 train_loss:9.7212 train_time:1950ms step_avg:650.02ms
step:4/20000 train_loss:6.6691 train_time:2603ms step_avg:650.81ms
step:5/20000 train_loss:6.3808 train_time:3260ms step_avg:652.03ms
step:6/20000 train_loss:6.5307 train_time:3911ms step_avg:651.78ms
step:7/20000 train_loss:6.2762 train_time:4564ms step_avg:651.95ms
step:8/20000 train_loss:6.1418 train_time:5218ms step_avg:652.30ms
step:9/20000 train_loss:6.0247 train_time:5872ms step_avg:652.47ms
step:10/20000 train_loss:5.9432 train_time:6527ms step_avg:652.70ms
step:200/20000 train_loss:2.7526 train_time:130888ms step_avg:654.44ms
step:400/20000 train_loss:2.3658 train_time:261736ms step_avg:654.34ms
step:600/20000 train_loss:2.4607 train_time:392579ms step_avg:654.30ms
step:800/20000 train_loss:2.3024 train_time:523412ms step_avg:654.26ms
step:918/20000 val_loss:2.3092 val_bpb:1.3676 train_time:600600ms step_avg:654.25ms
stopping_early: wallclock_cap train_time:600600ms step:918/20000
peak memory allocated: 10239 MiB reserved: 10554 MiB
Serialized model: 67224983 bytes
Code size: 47686 bytes
Total submission size: 67272669 bytes
Serialized model int8+zlib: 12035694 bytes (payload:17178912 raw_torch:17224025 payload_ratio:3.91x)
Total submission size int8+zlib: 12083380 bytes
final_int8_zlib_roundtrip val_loss:2.3131 val_bpb:1.3700 eval_time:21162ms
final_int8_zlib_roundtrip_exact val_loss:2.31310580 val_bpb:1.36995155
EXIT_CODE:0
