val_bpb:enabled tokenizer_kind=sentencepiece tokenizer_path=./data/tokenizers/fineweb_1024_bpe.model
train_loader:dataset:fineweb10B_sp1024 train_shards:80
val_loader:shards pattern=./data/datasets/fineweb10B_sp1024/fineweb_val_*.bin tokens:62021632
model_params:17059912
world_size:1 grad_accum_steps:8
sdp_backends:cudnn=False flash=True mem_efficient=False math=False
attention_mode:gqa num_heads:8 num_kv_heads:4
tie_embeddings:True embed_lr:0.05 head_lr:0.0 matrix_lr:0.04 scalar_lr:0.04
train_batch_tokens:524288 train_seq_len:1024 iterations:20000 warmup_steps:20 max_wallclock_seconds:600.000
seed:1337
warmup_step:1/20
warmup_step:2/20
warmup_step:3/20
warmup_step:4/20
warmup_step:5/20
warmup_step:6/20
warmup_step:7/20
warmup_step:8/20
warmup_step:9/20
warmup_step:10/20
warmup_step:11/20
warmup_step:12/20
warmup_step:13/20
warmup_step:14/20
warmup_step:15/20
warmup_step:16/20
warmup_step:17/20
warmup_step:18/20
warmup_step:19/20
warmup_step:20/20
step:0/20000 val_loss:6.9357 val_bpb:4.1077 train_time:0ms step_avg:0.01ms
step:1/20000 train_loss:6.9357 train_time:723ms step_avg:722.64ms
step:2/20000 train_loss:16.7414 train_time:1454ms step_avg:727.20ms
step:3/20000 train_loss:10.1751 train_time:2184ms step_avg:728.01ms
step:4/20000 train_loss:6.8312 train_time:2914ms step_avg:728.47ms
step:5/20000 train_loss:6.2902 train_time:3650ms step_avg:730.08ms
step:6/20000 train_loss:6.3925 train_time:4383ms step_avg:730.46ms
step:7/20000 train_loss:6.1789 train_time:5122ms step_avg:731.67ms
step:8/20000 train_loss:6.0768 train_time:5851ms step_avg:731.34ms
step:9/20000 train_loss:5.9903 train_time:6579ms step_avg:731.02ms
step:10/20000 train_loss:5.9369 train_time:7310ms step_avg:730.96ms
step:200/20000 train_loss:2.7453 train_time:147845ms step_avg:739.22ms
step:400/20000 train_loss:2.3625 train_time:295037ms step_avg:737.59ms
step:600/20000 train_loss:2.4548 train_time:442727ms step_avg:737.88ms
step:800/20000 train_loss:2.3049 train_time:589672ms step_avg:737.09ms
step:815/20000 val_loss:2.3330 val_bpb:1.3817 train_time:600710ms step_avg:737.07ms
stopping_early: wallclock_cap train_time:600710ms step:815/20000
peak memory allocated: 10239 MiB reserved: 10554 MiB
Serialized model: 67224983 bytes
Code size: 47686 bytes
Total submission size: 67272669 bytes
Serialized model int8+zlib: 11653453 bytes (payload:17178912 raw_torch:17224025 payload_ratio:3.91x)
Total submission size int8+zlib: 11701139 bytes
final_int8_zlib_roundtrip val_loss:2.3381 val_bpb:1.3848 eval_time:11126ms
final_int8_zlib_roundtrip_exact val_loss:2.33811612 val_bpb:1.38476406
