logs/exp011_v5b.txt
val_bpb:enabled tokenizer_kind=sentencepiece tokenizer_path=./data/tokenizers/fineweb_8192_bpe.model
train_loader:dataset:fineweb10B_sp8192 train_shards:80
val_loader:shards pattern=./data/datasets/fineweb10B_sp8192/fineweb_val_*.bin tokens:40546304
model_params:35942488
mtp_num_heads:0 mtp_loss_weight:0.0 mtp_params:0
diffusion_aux:prob:0.03 weight:0.1000 stop_frac:0.50 subsample:0.10 params:1024
XSA:last_11 active_layers:[0, 1, 2, 3, 4, 5, 6, 7, 8, 9, 10]
world_size:1 grad_accum_steps:8
sdp_backends:cudnn=False flash=True mem_efficient=False math=False
attention_mode:gqa num_heads:8 num_kv_heads:4
tie_embeddings:True embed_lr:0.03 head_lr:0.0 matrix_lr:0.02 scalar_lr:0.02
quant_stack:compressor=brotli matrix_bits=6 embed_bits=8 matrix_clip_sigmas=12.85 embed_clip_sigmas=20.0 muon_row_normalize=True
train_batch_tokens:786432 train_seq_len:2048 iterations:20000 warmup_steps:20 max_wallclock_seconds:600.000
seed:1337
gptq:reserving 12s for quant/export effective_wallclock_ms:588000
warmup_step:1/20
warmup_step:2/20
warmup_step:3/20
warmup_step:4/20
warmup_step:5/20
warmup_step:6/20
warmup_step:7/20
warmup_step:8/20
warmup_step:9/20
warmup_step:10/20
warmup_step:11/20
warmup_step:12/20
warmup_step:13/20
warmup_step:14/20
warmup_step:15/20
warmup_step:16/20
warmup_step:17/20
warmup_step:18/20
warmup_step:19/20
warmup_step:20/20
step:0/20000 val_loss:9.00567974 val_bpb:3.48699046 train_time:0ms step_avg:0.01ms
step:1/20000 train_loss:9.0062 train_time:720ms step_avg:719.94ms
step:2/20000 train_loss:12.2617 train_time:1382ms step_avg:690.98ms
step:3/20000 train_loss:11.2079 train_time:2252ms step_avg:750.64ms
step:4/20000 train_loss:9.6114 train_time:3097ms step_avg:774.17ms
step:5/20000 train_loss:8.3336 train_time:3842ms step_avg:768.50ms
step:6/20000 train_loss:7.7467 train_time:4690ms step_avg:781.59ms
step:7/20000 train_loss:7.2743 train_time:5443ms step_avg:777.54ms
step:8/20000 train_loss:7.0486 train_time:6193ms step_avg:774.14ms
step:9/20000 train_loss:7.0489 train_time:7045ms step_avg:782.76ms
step:10/20000 train_loss:6.8994 train_time:7798ms step_avg:779.82ms
diffusion_cutoff:step:384 elapsed_ms:294773 frac:0.50
step:500/20000 train_loss:3.2418 train_time:380849ms step_avg:761.70ms
swa:start step:700
late_qat:enabled step:701 scale:0.1485
step:780/20000 val_loss:3.11238045 val_bpb:1.20511069 train_time:588579ms step_avg:754.59ms
stopping_early: wallclock_cap train_time:588579ms step:780/20000
peak memory allocated: 50024 MiB reserved: 50086 MiB
ema:applying EMA weights
DIAGNOSTIC post_ema val_loss:3.1441 val_bpb:1.2174 eval_time:12395ms
Serialized model: 135398000 bytes
Code size: 124816 bytes
skip_quant:enabled — skipping post-training quantization pipeline
