logs/exp009_v11_qkgain.txt
val_bpb:enabled tokenizer_kind=sentencepiece tokenizer_path=./data/tokenizers/fineweb_1024_bpe.model
train_loader:dataset:fineweb10B_sp1024 train_shards:80
val_loader:shards pattern=./data/datasets/fineweb10B_sp1024/fineweb_val_*.bin tokens:62021632
model_params:26994780
mtp_num_heads:0 mtp_loss_weight:0.0 mtp_params:0
diffusion_aux:prob:0.08 weight:0.1000 stop_frac:0.70 params:1024
XSA:last_11 active_layers:[0, 1, 2, 3, 4, 5, 6, 7, 8, 9, 10]
world_size:1 grad_accum_steps:8
sdp_backends:cudnn=False flash=True mem_efficient=False math=False
attention_mode:gqa num_heads:8 num_kv_heads:4
tie_embeddings:True embed_lr:0.035 head_lr:0.0 matrix_lr:0.025 scalar_lr:0.025
train_batch_tokens:786432 train_seq_len:2048 iterations:20000 warmup_steps:20 max_wallclock_seconds:600.000
seed:1337
warmup_step:1/20
warmup_step:2/20
warmup_step:3/20
warmup_step:4/20
warmup_step:5/20
warmup_step:6/20
warmup_step:7/20
warmup_step:8/20
warmup_step:9/20
warmup_step:10/20
warmup_step:11/20
warmup_step:12/20
warmup_step:13/20
warmup_step:14/20
warmup_step:15/20
warmup_step:16/20
warmup_step:17/20
warmup_step:18/20
warmup_step:19/20
warmup_step:20/20
step:0/20000 val_loss:6.9301 val_bpb:4.1044 train_time:0ms step_avg:0.01ms
step:1/20000 train_loss:7.0176 train_time:738ms step_avg:737.85ms
step:2/20000 train_loss:8.7463 train_time:1413ms step_avg:706.43ms
step:3/20000 train_loss:8.2145 train_time:2074ms step_avg:691.31ms
step:4/20000 train_loss:7.7017 train_time:2823ms step_avg:705.72ms
step:5/20000 train_loss:7.1113 train_time:3566ms step_avg:713.12ms
step:6/20000 train_loss:6.7196 train_time:4313ms step_avg:718.88ms
step:7/20000 train_loss:6.4846 train_time:5156ms step_avg:736.57ms
step:8/20000 train_loss:6.1767 train_time:5904ms step_avg:738.01ms
step:9/20000 train_loss:6.0253 train_time:6649ms step_avg:738.74ms
step:10/20000 train_loss:5.9897 train_time:7489ms step_avg:748.85ms
swa:start step:150
late_qat:enabled step:313 scale:0.1500
step:500/20000 train_loss:2.4491 train_time:356891ms step_avg:713.78ms
diffusion_cutoff:step:590 elapsed_ms:420144 frac:0.70
step:866/20000 val_loss:2.3530 val_bpb:1.3936 train_time:600288ms step_avg:693.17ms
stopping_early: wallclock_cap train_time:600288ms step:866/20000
peak memory allocated: 45589 MiB reserved: 45744 MiB
ema:applying EMA weights
DIAGNOSTIC post_ema val_loss:2.3584 val_bpb:1.3968 eval_time:16396ms
Serialized model: 106163192 bytes
Code size: 112417 bytes
gptq:building non-banked model for Hessian collection...
gptq:generating autoregressive calibration data (64 seqs x 2048 tokens, temp=0.8)...
gptq:generated 64 sequences in 226.6s
gptq:collecting hessians from autoregressive data...
gptq:collected hessians for 68 layers (AR self-gen)
selective_prune: 10080475 ±1 candidates, unpruned=7.38MB target=15.9MB
selective_prune: already fits, no pruning needed
Serialized model int6+lzma: 7621156 bytes
Total submission size int6+lzma: 7733573 bytes
final_int6_roundtrip val_loss:3.0802 val_bpb:1.8243 eval_time:21036ms
final_int6_roundtrip_exact val_loss:3.08021874 val_bpb:1.82427904
final_int6_sliding_window val_loss:3.0412 val_bpb:1.8012 stride:64 eval_time:596367ms
final_int6_sliding_window_exact val_loss:3.04122571 val_bpb:1.80118994
final_int8_zlib_roundtrip_exact val_loss:3.04122571 val_bpb:1.80118994
