logs/exp009_v12_parallel_res.txt
val_bpb:enabled tokenizer_kind=sentencepiece tokenizer_path=./data/tokenizers/fineweb_1024_bpe.model
train_loader:dataset:fineweb10B_sp1024 train_shards:80
val_loader:shards pattern=./data/datasets/fineweb10B_sp1024/fineweb_val_*.bin tokens:62021632
model_params:26994780
mtp_num_heads:0 mtp_loss_weight:0.0 mtp_params:0
diffusion_aux:prob:0.08 weight:0.1000 stop_frac:0.70 params:1024
XSA:last_11 active_layers:[0, 1, 2, 3, 4, 5, 6, 7, 8, 9, 10]
world_size:1 grad_accum_steps:8
sdp_backends:cudnn=False flash=True mem_efficient=False math=False
attention_mode:gqa num_heads:8 num_kv_heads:4
tie_embeddings:True embed_lr:0.035 head_lr:0.0 matrix_lr:0.025 scalar_lr:0.025
train_batch_tokens:786432 train_seq_len:2048 iterations:20000 warmup_steps:20 max_wallclock_seconds:600.000
seed:1337
warmup_step:1/20
warmup_step:2/20
warmup_step:3/20
warmup_step:4/20
warmup_step:5/20
warmup_step:6/20
warmup_step:7/20
warmup_step:8/20
warmup_step:9/20
warmup_step:10/20
warmup_step:11/20
warmup_step:12/20
warmup_step:13/20
warmup_step:14/20
warmup_step:15/20
warmup_step:16/20
warmup_step:17/20
warmup_step:18/20
warmup_step:19/20
warmup_step:20/20
step:0/20000 val_loss:6.9301 val_bpb:4.1044 train_time:0ms step_avg:0.02ms
step:1/20000 train_loss:7.0176 train_time:731ms step_avg:730.69ms
step:2/20000 train_loss:8.7250 train_time:1401ms step_avg:700.52ms
step:3/20000 train_loss:7.5939 train_time:2049ms step_avg:683.07ms
step:4/20000 train_loss:7.3669 train_time:2785ms step_avg:696.20ms
step:5/20000 train_loss:7.1572 train_time:3520ms step_avg:704.10ms
step:6/20000 train_loss:7.1321 train_time:4258ms step_avg:709.71ms
step:7/20000 train_loss:7.1693 train_time:5093ms step_avg:727.51ms
step:8/20000 train_loss:6.8260 train_time:5831ms step_avg:728.89ms
step:9/20000 train_loss:6.5169 train_time:6566ms step_avg:729.59ms
step:10/20000 train_loss:6.2579 train_time:7403ms step_avg:740.27ms
step:500/20000 train_loss:2.3229 train_time:352404ms step_avg:704.81ms
diffusion_cutoff:step:598 elapsed_ms:420141 frac:0.70
late_qat:enabled step:842 scale:0.1479
swa:start step:850
step:878/20000 val_loss:2.1514 val_bpb:1.2742 train_time:600580ms step_avg:684.03ms
stopping_early: wallclock_cap train_time:600580ms step:878/20000
peak memory allocated: 44351 MiB reserved: 44390 MiB
ema:applying EMA weights
DIAGNOSTIC post_ema val_loss:2.1717 val_bpb:1.2862 eval_time:16274ms
Serialized model: 106163192 bytes
Code size: 113625 bytes
gptq:building non-banked model for Hessian collection...
gptq:generating autoregressive calibration data (64 seqs x 2048 tokens, temp=0.8)...
gptq:generated 64 sequences in 220.1s
gptq:collecting hessians from autoregressive data...
gptq:collected hessians for 68 layers (AR self-gen)
selective_prune: 8322251 ±1 candidates, unpruned=12.01MB target=15.9MB
selective_prune: already fits, no pruning needed
Serialized model int6+lzma: 12483612 bytes
Total submission size int6+lzma: 12597237 bytes
final_int6_roundtrip val_loss:2.1921 val_bpb:1.2983 eval_time:32568ms
final_int6_roundtrip_exact val_loss:2.19210792 val_bpb:1.29828979
final_int6_sliding_window val_loss:2.1521 val_bpb:1.2746 stride:64 eval_time:603956ms
final_int6_sliding_window_exact val_loss:2.15208640 val_bpb:1.27459016
final_int8_zlib_roundtrip_exact val_loss:2.15208640 val_bpb:1.27459016
