logs/exp009_v16_parallel5.txt
val_bpb:enabled tokenizer_kind=sentencepiece tokenizer_path=./data/tokenizers/fineweb_1024_bpe.model
train_loader:dataset:fineweb10B_sp1024 train_shards:80
val_loader:shards pattern=./data/datasets/fineweb10B_sp1024/fineweb_val_*.bin tokens:62021632
model_params:26994780
mtp_num_heads:0 mtp_loss_weight:0.0 mtp_params:0
diffusion_aux:prob:0.08 weight:0.1000 stop_frac:0.70 params:1024
XSA:last_11 active_layers:[0, 1, 2, 3, 4, 5, 6, 7, 8, 9, 10]
world_size:1 grad_accum_steps:8
sdp_backends:cudnn=False flash=True mem_efficient=False math=False
attention_mode:gqa num_heads:8 num_kv_heads:4
tie_embeddings:True embed_lr:0.035 head_lr:0.0 matrix_lr:0.025 scalar_lr:0.025
train_batch_tokens:786432 train_seq_len:2048 iterations:20000 warmup_steps:20 max_wallclock_seconds:600.000
seed:1337
warmup_step:1/20
warmup_step:2/20
warmup_step:3/20
warmup_step:4/20
warmup_step:5/20
warmup_step:6/20
warmup_step:7/20
warmup_step:8/20
warmup_step:9/20
warmup_step:10/20
warmup_step:11/20
warmup_step:12/20
warmup_step:13/20
warmup_step:14/20
warmup_step:15/20
warmup_step:16/20
warmup_step:17/20
warmup_step:18/20
warmup_step:19/20
warmup_step:20/20
step:0/20000 val_loss:6.9301 val_bpb:4.1044 train_time:0ms step_avg:0.01ms
step:1/20000 train_loss:7.0176 train_time:721ms step_avg:721.43ms
step:2/20000 train_loss:8.7238 train_time:1379ms step_avg:689.63ms
step:3/20000 train_loss:8.2106 train_time:2020ms step_avg:673.49ms
step:4/20000 train_loss:7.7068 train_time:2751ms step_avg:687.63ms
step:5/20000 train_loss:7.1169 train_time:3478ms step_avg:695.63ms
step:6/20000 train_loss:6.7245 train_time:4209ms step_avg:701.52ms
step:7/20000 train_loss:6.4875 train_time:5040ms step_avg:719.99ms
step:8/20000 train_loss:6.1791 train_time:5769ms step_avg:721.09ms
step:9/20000 train_loss:6.0287 train_time:6498ms step_avg:722.00ms
step:10/20000 train_loss:5.9948 train_time:7320ms step_avg:731.97ms
swa:start step:200
late_qat:enabled step:333 scale:0.1500
step:500/20000 train_loss:2.4577 train_time:349145ms step_avg:698.29ms
diffusion_cutoff:step:604 elapsed_ms:420446 frac:0.70
step:886/20000 val_loss:2.3537 val_bpb:1.3940 train_time:600260ms step_avg:677.49ms
stopping_early: wallclock_cap train_time:600260ms step:886/20000
peak memory allocated: 43641 MiB reserved: 43736 MiB
ema:applying EMA weights
DIAGNOSTIC post_ema val_loss:2.3610 val_bpb:1.3983 eval_time:16047ms
Serialized model: 106163192 bytes
Code size: 117415 bytes
skip_quant:enabled — skipping post-training quantization pipeline
