logs/exp009_v2.txt
val_bpb:enabled tokenizer_kind=sentencepiece tokenizer_path=./data/tokenizers/fineweb_1024_bpe.model
train_loader:dataset:fineweb10B_sp1024 train_shards:80
val_loader:shards pattern=./data/datasets/fineweb10B_sp1024/fineweb_val_*.bin tokens:62021632
model_params:26994780
mtp_num_heads:0 mtp_loss_weight:0.0 mtp_params:0
diffusion_aux:prob:0.25 weight:0.3000 params:1024
XSA:last_11 active_layers:[0, 1, 2, 3, 4, 5, 6, 7, 8, 9, 10]
world_size:1 grad_accum_steps:8
sdp_backends:cudnn=False flash=True mem_efficient=False math=False
attention_mode:gqa num_heads:8 num_kv_heads:4
tie_embeddings:True embed_lr:0.035 head_lr:0.0 matrix_lr:0.025 scalar_lr:0.025
train_batch_tokens:786432 train_seq_len:2048 iterations:20000 warmup_steps:20 max_wallclock_seconds:600.000
seed:1337
warmup_step:1/20
warmup_step:2/20
warmup_step:3/20
warmup_step:4/20
warmup_step:5/20
warmup_step:6/20
warmup_step:7/20
warmup_step:8/20
warmup_step:9/20
warmup_step:10/20
warmup_step:11/20
warmup_step:12/20
warmup_step:13/20
warmup_step:14/20
warmup_step:15/20
warmup_step:16/20
warmup_step:17/20
warmup_step:18/20
warmup_step:19/20
warmup_step:20/20
step:0/20000 val_loss:6.9301 val_bpb:4.1044 train_time:0ms step_avg:0.02ms
step:1/20000 train_loss:7.4512 train_time:825ms step_avg:825.49ms
step:2/20000 train_loss:9.2935 train_time:1605ms step_avg:802.56ms
step:3/20000 train_loss:8.3233 train_time:2247ms step_avg:749.02ms
step:4/20000 train_loss:8.6022 train_time:3177ms step_avg:794.14ms
step:5/20000 train_loss:8.2144 train_time:4205ms step_avg:841.07ms
step:6/20000 train_loss:7.5227 train_time:5131ms step_avg:855.18ms
step:7/20000 train_loss:6.9243 train_time:5954ms step_avg:850.53ms
step:8/20000 train_loss:6.6725 train_time:6790ms step_avg:848.76ms
step:9/20000 train_loss:6.2488 train_time:7535ms step_avg:837.18ms
step:10/20000 train_loss:6.3271 train_time:8369ms step_avg:836.94ms
swa:start step:50
late_qat:enabled step:187 scale:0.1499
step:500/20000 train_loss:2.5269 train_time:420927ms step_avg:841.85ms
step:715/20000 val_loss:2.4721 val_bpb:1.4641 train_time:600270ms step_avg:839.54ms
stopping_early: wallclock_cap train_time:600270ms step:715/20000
peak memory allocated: 45587 MiB reserved: 45772 MiB
ema:applying EMA weights
DIAGNOSTIC post_ema val_loss:6.9301 val_bpb:4.1044 eval_time:16091ms
Serialized model: 106163192 bytes
Code size: 111677 bytes
gptq:building non-banked model for Hessian collection...
gptq:generating autoregressive calibration data (64 seqs x 2048 tokens, temp=0.8)...
gptq:generated 64 sequences in 214.0s
gptq:collecting hessians from autoregressive data...
gptq:collected hessians for 68 layers (AR self-gen)
selective_prune: 6628702 ±1 candidates, unpruned=4.43MB target=15.9MB
selective_prune: already fits, no pruning needed
Serialized model int6+lzma: 4534272 bytes
Total submission size int6+lzma: 4645949 bytes
final_int6_roundtrip val_loss:6.9304 val_bpb:4.1046 eval_time:32545ms
final_int6_roundtrip_exact val_loss:6.93037340 val_bpb:4.10455749
