logs/exp009_v3.txt
val_bpb:enabled tokenizer_kind=sentencepiece tokenizer_path=./data/tokenizers/fineweb_1024_bpe.model
train_loader:dataset:fineweb10B_sp1024 train_shards:80
val_loader:shards pattern=./data/datasets/fineweb10B_sp1024/fineweb_val_*.bin tokens:62021632
model_params:26994780
mtp_num_heads:0 mtp_loss_weight:0.0 mtp_params:0
diffusion_aux:prob:0.15 weight:0.3000 params:1024
XSA:last_11 active_layers:[0, 1, 2, 3, 4, 5, 6, 7, 8, 9, 10]
world_size:1 grad_accum_steps:8
sdp_backends:cudnn=False flash=True mem_efficient=False math=False
attention_mode:gqa num_heads:8 num_kv_heads:4
tie_embeddings:True embed_lr:0.035 head_lr:0.0 matrix_lr:0.025 scalar_lr:0.025
train_batch_tokens:786432 train_seq_len:2048 iterations:20000 warmup_steps:20 max_wallclock_seconds:600.000
seed:1337
warmup_step:1/20
warmup_step:2/20
warmup_step:3/20
warmup_step:4/20
warmup_step:5/20
warmup_step:6/20
warmup_step:7/20
warmup_step:8/20
warmup_step:9/20
warmup_step:10/20
warmup_step:11/20
warmup_step:12/20
warmup_step:13/20
warmup_step:14/20
warmup_step:15/20
warmup_step:16/20
warmup_step:17/20
warmup_step:18/20
warmup_step:19/20
warmup_step:20/20
step:0/20000 val_loss:6.9301 val_bpb:4.1044 train_time:0ms step_avg:0.02ms
step:1/20000 train_loss:7.4512 train_time:824ms step_avg:823.87ms
step:2/20000 train_loss:8.9925 train_time:1502ms step_avg:750.80ms
step:3/20000 train_loss:7.6476 train_time:2157ms step_avg:718.96ms
step:4/20000 train_loss:7.8065 train_time:2994ms step_avg:748.47ms
step:5/20000 train_loss:7.3754 train_time:3736ms step_avg:747.17ms
step:6/20000 train_loss:7.3877 train_time:4477ms step_avg:746.23ms
step:7/20000 train_loss:7.5933 train_time:5312ms step_avg:758.89ms
step:8/20000 train_loss:7.3074 train_time:6149ms step_avg:768.60ms
step:9/20000 train_loss:6.6994 train_time:6893ms step_avg:765.92ms
step:10/20000 train_loss:6.5778 train_time:7728ms step_avg:772.76ms
step:500/20000 train_loss:2.3213 train_time:382296ms step_avg:764.59ms
swa:start step:750
late_qat:enabled step:754 scale:0.1475
step:787/20000 val_loss:2.1764 val_bpb:1.2890 train_time:600364ms step_avg:762.85ms
stopping_early: wallclock_cap train_time:600364ms step:787/20000
peak memory allocated: 45589 MiB reserved: 45744 MiB
ema:applying EMA weights
DIAGNOSTIC post_ema val_loss:2.2324 val_bpb:1.3221 eval_time:16441ms
Serialized model: 106163192 bytes
Code size: 111677 bytes
gptq:building non-banked model for Hessian collection...
gptq:generating autoregressive calibration data (64 seqs x 2048 tokens, temp=0.8)...
gptq:generated 64 sequences in 211.1s
gptq:collecting hessians from autoregressive data...
gptq:collected hessians for 68 layers (AR self-gen)
selective_prune: 9053339 ±1 candidates, unpruned=11.47MB target=15.9MB
selective_prune: already fits, no pruning needed
Serialized model int6+lzma: 11914140 bytes
Total submission size int6+lzma: 12025817 bytes
final_int6_roundtrip val_loss:2.2491 val_bpb:1.3320 eval_time:20705ms
final_int6_roundtrip_exact val_loss:2.24908758 val_bpb:1.33203635
