val_bpb:enabled tokenizer_kind=sentencepiece tokenizer_path=./data/tokenizers/fineweb_1024_bpe.model
train_loader:dataset:fineweb10B_sp1024 train_shards:80
val_loader:shards pattern=./data/datasets/fineweb10B_sp1024/fineweb_val_*.bin tokens:62021632
model_params:26994780
mtp_num_heads:0 mtp_loss_weight:0.0 mtp_params:0
diffusion_aux:prob:0.05 weight:0.1000 params:1024
XSA:last_11 active_layers:[0, 1, 2, 3, 4, 5, 6, 7, 8, 9, 10]
world_size:1 grad_accum_steps:8
sdp_backends:cudnn=False flash=True mem_efficient=False math=False
attention_mode:gqa num_heads:8 num_kv_heads:4
tie_embeddings:True embed_lr:0.035 head_lr:0.0 matrix_lr:0.025 scalar_lr:0.025
train_batch_tokens:786432 train_seq_len:2048 iterations:20000 warmup_steps:20 max_wallclock_seconds:600.000
seed:1337
warmup_step:1/20
warmup_step:2/20
warmup_step:3/20
warmup_step:4/20
warmup_step:5/20
warmup_step:6/20
warmup_step:7/20
warmup_step:8/20
warmup_step:9/20
warmup_step:10/20
warmup_step:11/20
warmup_step:12/20
warmup_step:13/20
warmup_step:14/20
warmup_step:15/20
warmup_step:16/20
warmup_step:17/20
warmup_step:18/20
warmup_step:19/20
warmup_step:20/20
step:0/20000 val_loss:6.9301 val_bpb:4.1044 train_time:0ms step_avg:0.02ms
step:1/20000 train_loss:7.0176 train_time:735ms step_avg:734.96ms
step:2/20000 train_loss:8.7271 train_time:1412ms step_avg:705.79ms
step:3/20000 train_loss:7.5945 train_time:2067ms step_avg:689.14ms
step:4/20000 train_loss:7.3604 train_time:2812ms step_avg:703.08ms
step:5/20000 train_loss:7.0628 train_time:3462ms step_avg:692.40ms
step:6/20000 train_loss:7.0424 train_time:4111ms step_avg:685.19ms
step:7/20000 train_loss:7.0863 train_time:4858ms step_avg:693.97ms
step:8/20000 train_loss:6.7380 train_time:5507ms step_avg:688.43ms
step:9/20000 train_loss:6.5163 train_time:6256ms step_avg:695.09ms
step:10/20000 train_loss:6.0981 train_time:6908ms step_avg:690.82ms
step:500/20000 train_loss:2.3289 train_time:344131ms step_avg:688.26ms
late_qat:enabled step:840 scale:0.1468
swa:start step:850
step:873/20000 val_loss:2.1570 val_bpb:1.2775 train_time:600288ms step_avg:687.62ms
stopping_early: wallclock_cap train_time:600288ms step:873/20000
peak memory allocated: 45590 MiB reserved: 45744 MiB
ema:applying EMA weights
DIAGNOSTIC post_ema val_loss:2.1998 val_bpb:1.3028 eval_time:16405ms
Serialized model: 106163192 bytes
Code size: 111677 bytes
gptq:building non-banked model for Hessian collection...
gptq:generating autoregressive calibration data (64 seqs x 2048 tokens, temp=0.8)...
gptq:generated 64 sequences in 198.6s
gptq:collecting hessians from autoregressive data...
gptq:collected hessians for 68 layers (AR self-gen)
selective_prune: 8483511 ±1 candidates, unpruned=11.90MB target=15.9MB
selective_prune: already fits, no pruning needed
Serialized model int6+lzma: 12371484 bytes
Total submission size int6+lzma: 12483161 bytes
final_int6_roundtrip val_loss:2.2157 val_bpb:1.3123 eval_time:19803ms
final_int6_roundtrip_exact val_loss:2.21573470 val_bpb:1.31228289
final_int6_sliding_window val_loss:2.1759 val_bpb:1.2887 stride:64 eval_time:593192ms
final_int6_sliding_window_exact val_loss:2.17591261 val_bpb:1.28870142
final_int8_zlib_roundtrip_exact val_loss:2.17591261 val_bpb:1.28870142
