logs/exp009_v8_warmdown.txt
val_bpb:enabled tokenizer_kind=sentencepiece tokenizer_path=./data/tokenizers/fineweb_1024_bpe.model
train_loader:dataset:fineweb10B_sp1024 train_shards:80
val_loader:shards pattern=./data/datasets/fineweb10B_sp1024/fineweb_val_*.bin tokens:62021632
model_params:26994780
mtp_num_heads:0 mtp_loss_weight:0.0 mtp_params:0
diffusion_aux:prob:0.08 weight:0.1000 stop_frac:0.70 params:1024
XSA:last_11 active_layers:[0, 1, 2, 3, 4, 5, 6, 7, 8, 9, 10]
world_size:1 grad_accum_steps:8
sdp_backends:cudnn=False flash=True mem_efficient=False math=False
attention_mode:gqa num_heads:8 num_kv_heads:4
tie_embeddings:True embed_lr:0.035 head_lr:0.0 matrix_lr:0.025 scalar_lr:0.025
train_batch_tokens:786432 train_seq_len:2048 iterations:20000 warmup_steps:20 max_wallclock_seconds:600.000
seed:1337
warmup_step:1/20
warmup_step:2/20
warmup_step:3/20
warmup_step:4/20
warmup_step:5/20
warmup_step:6/20
warmup_step:7/20
warmup_step:8/20
warmup_step:9/20
warmup_step:10/20
warmup_step:11/20
warmup_step:12/20
warmup_step:13/20
warmup_step:14/20
warmup_step:15/20
warmup_step:16/20
warmup_step:17/20
warmup_step:18/20
warmup_step:19/20
warmup_step:20/20
step:0/20000 val_loss:6.9301 val_bpb:4.1044 train_time:0ms step_avg:0.01ms
step:1/20000 train_loss:7.0176 train_time:746ms step_avg:746.38ms
step:2/20000 train_loss:8.7281 train_time:1424ms step_avg:711.77ms
step:3/20000 train_loss:7.5958 train_time:2078ms step_avg:692.54ms
step:4/20000 train_loss:7.3612 train_time:2829ms step_avg:707.26ms
step:5/20000 train_loss:7.1532 train_time:3572ms step_avg:714.48ms
step:6/20000 train_loss:7.1307 train_time:4322ms step_avg:720.36ms
step:7/20000 train_loss:7.1667 train_time:5162ms step_avg:737.47ms
step:8/20000 train_loss:6.8216 train_time:5903ms step_avg:737.84ms
step:9/20000 train_loss:6.5135 train_time:6656ms step_avg:739.57ms
step:10/20000 train_loss:6.2564 train_time:7495ms step_avg:749.46ms
step:500/20000 train_loss:2.3212 train_time:356272ms step_avg:712.54ms
diffusion_cutoff:step:592 elapsed_ms:420678 frac:0.70
late_qat:enabled step:832 scale:0.1486
swa:start step:850
step:868/20000 val_loss:2.1542 val_bpb:1.2759 train_time:600505ms step_avg:691.83ms
stopping_early: wallclock_cap train_time:600505ms step:868/20000
peak memory allocated: 45589 MiB reserved: 45744 MiB
ema:applying EMA weights
DIAGNOSTIC post_ema val_loss:2.1724 val_bpb:1.2866 eval_time:16435ms
Serialized model: 106163192 bytes
Code size: 112417 bytes
gptq:building non-banked model for Hessian collection...
gptq:generating autoregressive calibration data (64 seqs x 2048 tokens, temp=0.8)...
gptq:generated 64 sequences in 231.0s
gptq:collecting hessians from autoregressive data...
gptq:collected hessians for 68 layers (AR self-gen)
selective_prune: 8361304 ±1 candidates, unpruned=12.00MB target=15.9MB
selective_prune: already fits, no pruning needed
Serialized model int6+lzma: 12468556 bytes
Total submission size int6+lzma: 12580973 bytes
final_int6_roundtrip val_loss:2.1927 val_bpb:1.2987 eval_time:21350ms
final_int6_roundtrip_exact val_loss:2.19274266 val_bpb:1.29866572
final_int6_sliding_window val_loss:2.1529 val_bpb:1.2751 stride:64 eval_time:606787ms
final_int6_sliding_window_exact val_loss:2.15287382 val_bpb:1.27505652
final_int8_zlib_roundtrip_exact val_loss:2.15287382 val_bpb:1.27505652
