Welcome to Ubuntu 24.04.3 LTS (GNU/Linux 6.8.0-90-generic x86_64)

 * Documentation:  https://help.ubuntu.com
 * Management:     https://landscape.canonical.com
 * Support:        https://ubuntu.com/pro

This system has been minimized by removing packages and content that are
not required on a system that users do not log into.

To restore this content, you can run the 'unminimize' command.
Last login: Thu Apr 23 15:50:57 2026 from 93.195.10.159
 _____                             _ 
|  __ \                           | |
| |__) |   _ _ __  _ __   ___   __| |
|  _  / | | | '_ \| '_ \ / _ \ / _` |
| | \ \ |_| | | | | |_) | (_) | (_| |
|_|  \_\__,_|_| |_| .__/ \___/ \__,_|
                  | |                
                  |_|                
For detailed documentation and guides, please visit:
[1;34mhttps://docs.runpod.io/[0m and [1;34mhttps://blog.runpod.io/[0m


root@4eaa83ebf5ce:/workspace/parameter-golf# <riments/014-ar-latent/train_gpt_encode_diffusion.py
Already up to date.
experiments/014-ar-latent/train_gpt_encode_diffusion.py
root@4eaa83ebf5ce:/workspace/parameter-golf-exp# <.py 2>&1 | tee logs/exp014_v43_encode_diffusion.log
Hyperparameters:
  adam_eps: 1e-08
  adam_wd: 0.02
  beta1: 0.9
  beta2: 0.95
  compressor: brotli
  data_dir: ./data/
  datasets_dir: ./data/datasets/fineweb10B_sp8192
  diffusion_aux_prob: 0.03
  diffusion_head_wd: 0.0
  diffusion_loss_weight: 0.5
  diffusion_scalar_wd: 0.02
  diffusion_start_frac: 0.25
  diffusion_stop_frac: 0.6
  diffusion_subsample_frac: 1.0
  distributed: True
  ema_decay: 0.9965
  embed_bits: 8
  embed_clip_sigmas: 20.0
  embed_lr: 0.6
  embed_wd: 0.085
  embedding_dim: 512
  enable_looping_at: 0.35
  etlb_clip: 3.0
  etlb_enabled: False
  etlb_lr: 0.05
  etlb_steps: 5
  eval_seq_len: 2048
  eval_stride: 64
  gptq_calibration_batches: 64
  gptq_reserve_seconds: 12.0
  grad_accum_steps: 8
  grad_clip_norm: 0.3
  head_lr: 0.008
  is_main_process: True
  iterations: 20000
  ln_scale: True
  local_rank: 0
  logfile: logs/exp014_v43_encode_diffusion.txt
  logit_softcap: 30.0
  loop_end: 5
  loop_start: 3
  matrix_bits: 6
  matrix_clip_sigmas: 12.85
  matrix_lr: 0.022
  max_wallclock_seconds: 600.0
  min_lr: 0.0
  mlp_mult: 4.0
  model_dim: 512
  model_path: final_model.pt
  muon_backend_steps: 5
  muon_beta2: 0.95
  muon_momentum: 0.99
  muon_momentum_warmup_start: 0.92
  muon_momentum_warmup_steps: 1500
  muon_row_normalize: True
  muon_wd: 0.095
  num_heads: 8
  num_kv_heads: 4
  num_layers: 11
  num_loops: 2
  parallel_residual_start: 7
  qk_gain_init: 5.0
  quantized_model_path: final_model.int6.ptz
  rank: 0
  rope_base: 10000.0
  rope_dims: 16
  rope_train_seq_len: 2048
  run_id: exp014_v43_encode_diffusion
  scalar_lr: 0.02
  seed: 1337
  skip_gates_enabled: True
  sliding_window_enabled: True
  tie_embeddings: True
  tied_embed_init_std: 0.005
  tied_embed_lr: 0.03
  tokenizer_path: ./data/tokenizers/fineweb_8192_bpe.model
  train_batch_tokens: 786432
  train_files: ./data/datasets/fineweb10B_sp8192/fineweb_train_*.bin
  train_log_every: 500
  train_seq_len: 2048
  ttt_chunk_tokens: 32768
  ttt_enabled: False
  ttt_epochs: 3
  ttt_lr: 0.005
  ttt_momentum: 0.9
  val_batch_tokens: 524288
  val_files: ./data/datasets/fineweb10B_sp8192/fineweb_val_*.bin
  val_loss_every: 4000
  vocab_size: 8192
  warmdown_frac: 0.72
  warmup_steps: 20
  world_size: 1
  xsa_last_n: 11
train_shards: 80
val_tokens: 40540160
model_params:36207704
diffusion_aux:prob:0.03 weight:0.5000 start_frac:0.25 stop_frac:0.60 subsample:1.00 max_micro_steps_per_step:1 params:263168
gptq:reserving 12s, effective=588000ms
warmup_step: 1/20
warmup_step: 2/20
warmup_step: 3/20
warmup_step: 4/20
warmup_step: 5/20
warmup_step: 6/20
warmup_step: 10/20
warmup_step: 20/20
loop_warmup:enabled encoder:[0, 1, 2, 3, 4, 5, 3, 4] decoder:[5, 3, 4, 5, 6, 7, 8, 9, 10]
loop_warmup_step: 1/20
loop_warmup_step: 2/20
loop_warmup_step: 3/20
loop_warmup_step: 4/20
loop_warmup_step: 5/20
loop_warmup_step: 6/20
loop_warmup_step: 10/20
loop_warmup_step: 20/20
0/20000 val_loss: 9.0084 val_bpb: 3.4874
1/20000 train_loss: 9.0090 train_time: 0.0m tok/s: 1047836
2/20000 train_loss: 12.2499 train_time: 0.0m tok/s: 927555
3/20000 train_loss: 11.0687 train_time: 0.1m tok/s: 777610
4/20000 train_loss: 9.5298 train_time: 0.1m tok/s: 817087
5/20000 train_loss: 8.3856 train_time: 0.1m tok/s: 844826
diffusion_startup:step:61 elapsed_ms:151871 frac:0.25
layer_loop:enabled step:75 frac:0.353 encoder:[0, 1, 2, 3, 4, 5, 3, 4] decoder:[5, 3, 4, 5, 6, 7, 8, 9, 10]
diffusion_cutoff:step:134 elapsed_ms:353072 frac:0.60
253/20000 val_loss: 3.5870 val_bpb: 1.3886
stopping_early: wallclock_cap train_time: 589297ms step: 253/20000
peak memory allocated: 76523 MiB reserved: 76704 MiB
ema:applying EMA weights
pre-quantization post-ema val_loss:6.38290265 val_bpb:2.47102053 eval_time:22178ms
Serialized model: 135425593 bytes
Code size: 70100 bytes
export_excluding_training_only_params:263168
GPTQ:collecting Hessians from calibration data...
GPTQ:collected 67 Hessians in 13.3s
Quantized weights:
  gptq (int6): blocks.attn.c_k.weight, blocks.attn.c_q.weight, blocks.attn.c_v.weight, blocks.attn.proj.weight, blocks.mlp.fc.weight, blocks.mlp.proj.weight
  gptq (int8): tok_emb.weight
  passthrough (float16): blocks.attn.q_gain, blocks.attn_scale, blocks.mlp_scale, blocks.resid_mix, skip_gates, skip_weights
Serialized model quantized+brotli: 16001005 bytes
Total submission size quantized+brotli: 16071105 bytes
quantized val_loss:6.39900716 val_bpb:2.47725508 eval_time:37542ms
quantized_sliding_window val_loss:6.42130277 val_bpb:2.48588641 eval_time:715847ms
root@4eaa83ebf5ce:/workspace/parameter-golf-exp# 