logs/exp014_v7.txt
val_bpb:enabled tokenizer_kind=sentencepiece tokenizer_path=/workspace/parameter-golf/data/tokenizers/fineweb_8192_bpe.model
train_loader:dataset:fineweb10B_sp8192 train_shards:80
val_loader:shards pattern=/workspace/parameter-golf/data/datasets/fineweb10B_sp8192/fineweb_val_*.bin tokens:40540160
model_params:35844184
diffusion_aux:prob:0.03 weight:0.5000 start_frac:0.15 stop_frac:0.60 subsample:1.00 objective:latent_mse params:263168
diffusion_decay:scalar_wd:0.0800 head_wd:0.0800
XSA:last_11 active_layers:[0, 1, 2, 3, 4, 5, 6, 7, 8, 9, 10]
world_size:1 grad_accum_steps:8
sdp_backends:cudnn=False flash=True mem_efficient=False math=False
attention_mode:gqa num_heads:8 num_kv_heads:4
tie_embeddings:True embed_lr:0.03 head_lr:0.008 matrix_lr:0.045 scalar_lr:0.02
quant_stack:compressor=brotli matrix_bits=6 embed_bits=8 gptq_scale=clip_sigmas matrix_clip_sigmas=12.85 embed_clip_sigmas=20.0 calib_mode=ar_selfgen calib_batches=64 selfgen_prompt_len=32 selfgen_seq_len=256 selfgen_batch_size=8 selfgen_temp=0.80 muon_row_normalize=True
train_batch_tokens:786432 train_seq_len:2048 iterations:20000 warmup_steps:20 max_wallclock_seconds:600.000
seed:1337
gptq:reserve_skipped skip_quant:enabled effective_wallclock_ms:600000
screen_mode:warmup_steps 20->2
warmup_step:1/2
warmup_step:2/2
step:0/20000 val_loss:9.00796645 val_bpb:3.48726453 train_time:0ms step_avg:0.01ms
step:1/20000 train_loss:9.0082 train_time:743ms step_avg:743.00ms
step:2/20000 train_loss:12.3051 train_time:1418ms step_avg:709.01ms
step:3/20000 train_loss:10.6827 train_time:2291ms step_avg:763.81ms
step:4/20000 train_loss:9.0033 train_time:3153ms step_avg:788.25ms
step:5/20000 train_loss:8.0237 train_time:3996ms step_avg:799.25ms
step:6/20000 train_loss:7.6245 train_time:4836ms step_avg:805.96ms
step:7/20000 train_loss:7.3322 train_time:5670ms step_avg:810.04ms
step:8/20000 train_loss:7.1199 train_time:6516ms step_avg:814.47ms
step:9/20000 train_loss:6.9660 train_time:7344ms step_avg:815.95ms
step:10/20000 train_loss:6.8033 train_time:8176ms step_avg:817.63ms
diffusion_startup:step:110 elapsed_ms:90176 frac:0.15
diffusion_cutoff:step:444 elapsed_ms:360545 frac:0.60
step:500/20000 train_loss:3.2594 train_time:403896ms step_avg:807.79ms
late_qat:enabled step:677 scale:0.1484
swa:start step:700
step:755/20000 val_loss:3.07849522 val_bpb:1.19178144 train_time:600795ms step_avg:795.76ms
stopping_early: wallclock_cap train_time:600795ms step:755/20000
peak memory allocated: 49636 MiB reserved: 50044 MiB
DIAGNOSTIC post_train val_loss:3.0785 val_bpb:1.1918 eval_time:12632ms
export_excluding_training_only_params:262144
Serialized model: 133956208 bytes
Code size: 117731 bytes
skip_quant:enabled — skipping post-training quantization pipeline
