hyperparameters:
  data_path                  : ./data/datasets/fineweb10B_sp8192
  train_files                : ./data/datasets/fineweb10B_sp8192/fineweb_train_*.bin
  val_files                  : ./data/datasets/fineweb10B_sp8192/fineweb_val_*.bin
  tokenizer_path             : ./data/tokenizers/fineweb_8192_bpe.model
  run_id                     : exp014_8h100_bf16_swigelu_xx
  seed                       : 1337
  val_batch_size             : 524288
  val_loss_every             : 4000
  train_log_every            : 500
  iterations                 : 20000
  warmdown_iters             : 0
  warmdown_frac              : 0.667
  warmup_steps               : 20
  train_batch_tokens         : 786432
  grad_accum_steps           : 0
  train_seq_len              : 2048
  max_micro_batch_seqs       : 48
  max_local_batch_tokens     : 0
  eval_seq_len               : 2048
  max_wallclock_seconds      : 600.0
  qk_gain_init               : 5.0
  vocab_size                 : 8192
  num_layers                 : 11
  num_kv_heads               : 8
  model_dim                  : 512
  num_heads                  : 8
  mlp_mult                   : 4.0
  tie_embeddings             : True
  rope_base                  : 10000.0
  logit_softcap              : 30.0
  embed_lr                   : 0.6
  head_lr                    : 0.008
  tied_embed_lr              : 0.03
  tied_embed_init_std        : 0.005
  matrix_lr                  : 0.02
  scalar_lr                  : 0.02
  min_lr                     : 0.0
  muon_momentum              : 0.99
  muon_backend_steps         : 5
  muon_momentum_warmup_start : 0.92
  muon_momentum_warmup_steps : 1500
  muon_row_normalize         : True
  beta1                      : 0.9
  beta2                      : 0.95
  beta2_end                  : -1.0
  adam_eps                   : 1e-08
  grad_clip_norm             : 0.3
  eval_stride                : 64
  swa_enabled                : True
  swa_every                  : 50
  muon_wd                    : 0.09
  adam_wd                    : 0.02
  embed_wd                   : 0.09
  qat_enabled                : False
  xsa_last_n                 : 11
  rope_dims                  : 64
  swigelu                    : True
  swigelu_hidden_dim         : 1344
  ln_scale                   : True
  late_qat_threshold         : 0.15
  skip_gates_enabled         : True
  diffusion_loss_weight      : 0.5
  diffusion_aux_prob         : 0.03
  diffusion_stop_frac        : 0.6
  diffusion_start_frac       : 0.25
  diffusion_subsample_frac   : 1.0
  gptq_calib_batches         : 64
  gptq_block_size            : 128
  gptq_reserve_seconds       : 12.0
  screen_warmup_steps        : 2
  comm_profile               : False
  comm_profile_log_every     : 200
  matrix_bits                : 6
  embed_bits                 : 8
  matrix_clip_sigmas         : 12.85
  embed_clip_sigmas          : 20.0
  diffusion_scalar_wd        : 0.02
  diffusion_head_wd          : 0.0
  compressor                 : brotli
  parallel_start_layer       : 7
  recurrence_depth           : 1
  recurrence_start           : 3
  recurrence_end             : 5
  recurrence_start_frac      : 0.35
  skip_quant                 : False
  weight_share               : False
val_bpb:enabled tokenizer_kind=sentencepiece tokenizer_path=./data/tokenizers/fineweb_8192_bpe.model
train_loader:dataset:fineweb10B_sp8192 train_shards:80
val_loader:shards pattern=./data/datasets/fineweb10B_sp8192/fineweb_val_*.bin tokens:40540160
model_params:38727768
diffusion_aux:prob:0.03 weight:0.5000 start_frac:0.25 stop_frac:0.60 subsample:1.00 objective:latent_mse params:263168
diffusion_decay:scalar_wd:0.0200 head_wd:0.0000
XSA:last_11 active_layers:[0, 1, 2, 3, 4, 5, 6, 7, 8, 9, 10]
world_size:8 grad_accum_steps:1 grad_accum_policy:auto_micro_batch_seq_cap effective_local_batch_tokens:98304
sdp_backends:cudnn=False flash=True mem_efficient=False math=False
attention_mode:gqa num_heads:8 num_kv_heads:8
tie_embeddings:True embed_lr:0.03 head_lr:0.008 matrix_lr:0.02 scalar_lr:0.02
quant_stack:compressor=brotli matrix_bits=6 embed_bits=8 gptq_scale=clip_sigmas matrix_clip_sigmas=12.85 embed_clip_sigmas=20.0 calib_mode=train_loader calib_batches=64 muon_row_normalize=True
train_batch_tokens:786432 local_batch_tokens:98304 micro_batch_seqs:48 train_seq_len:2048 iterations:20000 warmup_steps:20 max_wallclock_seconds:600.000
seed:1337
forward_params:banks_bf16 casted_linear_fp32 controls_fp32 optimizer_masters:matrix_only
gptq:reserving 12s for quant/export effective_wallclock_ms:588000
warmup_step:1/20
warmup_step:2/20
warmup_step:3/20
warmup_step:4/20
warmup_step:5/20
warmup_step:6/20
warmup_step:7/20
warmup_step:8/20
warmup_step:9/20
warmup_step:10/20
warmup_step:11/20
warmup_step:12/20
warmup_step:13/20
warmup_step:14/20
warmup_step:15/20
warmup_step:16/20
warmup_step:17/20
warmup_step:18/20
warmup_step:19/20
warmup_step:20/20
step:0/20000 val_loss:9.00796645 val_bpb:3.48726453 train_time:0ms step_avg:0.01ms
step:1/20000 train_loss:9.0082 train_time:128ms step_avg:128.23ms
step:2/20000 train_loss:12.3456 train_time:149ms step_avg:74.37ms
step:3/20000 train_loss:10.7921 train_time:245ms step_avg:81.83ms
step:4/20000 train_loss:9.1926 train_time:346ms step_avg:86.46ms
step:5/20000 train_loss:8.2334 train_time:452ms step_avg:90.34ms
step:6/20000 train_loss:7.7124 train_time:556ms step_avg:92.66ms
step:7/20000 train_loss:7.3096 train_time:654ms step_avg:93.50ms
step:8/20000 train_loss:7.1512 train_time:754ms step_avg:94.22ms
step:9/20000 train_loss:7.0367 train_time:852ms step_avg:94.71ms
step:10/20000 train_loss:6.9838 train_time:952ms step_avg:95.19ms
step:500/20000 train_loss:3.2989 train_time:50621ms step_avg:101.24ms
step:1000/20000 train_loss:3.1769 train_time:101674ms step_avg:101.67ms
diffusion_startup:step:1444 elapsed_ms:147050 frac:0.25
step:1500/20000 train_loss:3.1683 train_time:152682ms step_avg:101.79ms
step:2000/20000 train_loss:3.1230 train_time:255666ms step_avg:127.83ms
step:2500/20000 train_loss:3.0820 train_time:307957ms step_avg:123.18ms
diffusion_cutoff:step:2925 elapsed_ms:352804 frac:0.60
step:3000/20000 train_loss:3.0123 train_time:360391ms step_avg:120.13ms
step:3500/20000 train_loss:2.9550 train_time:411357ms step_avg:117.53ms
step:4000/20000 train_loss:3.0012 train_time:462251ms step_avg:115.56ms
step:4000/20000 val_loss:2.93421611 val_bpb:1.13592650 train_time:462320ms step_avg:115.58ms
swa:start step:4500
step:4500/20000 train_loss:2.9130 train_time:513007ms step_avg:114.00ms
late_qat:enabled step:4658 scale:0.1498
step:5000/20000 train_loss:2.8897 train_time:564083ms step_avg:112.82ms
step:5235/20000 val_loss:2.83025398 val_bpb:1.09567951 train_time:588142ms step_avg:112.35ms
stopping_early: wallclock_cap train_time:588142ms step:5235/20000
peak memory allocated: 55754 MiB reserved: 55900 MiB
DIAGNOSTIC post_train val_loss:2.8303 val_bpb:1.0957 eval_time:1605ms
export_excluding_training_only_params:262144
Serialized model: 77005424 bytes
Code size: 116918 bytes
gptq:building non-banked model for Hessian collection...
gptq:collecting 64 calibration batches from train loader...
gptq:collected 64 calibration batches in 0.1s
gptq:collected hessians for 67 layers in 10.7s
Quantized weights:
  gptq (int6): blocks.attn.c_k.weight, blocks.attn.c_q.weight, blocks.attn.c_v.weight, blocks.attn.proj.weight, blocks.mlp.fc.weight, blocks.mlp.proj.weight
  gptq (int8): tok_emb.weight
  passthrough (float16): blocks.attn.q_gain, blocks.attn_scale, blocks.mlp_scale, blocks.resid_mix, mask_embed, skip_gates, skip_weights, time_proj.weight
gptq:quantized 115 layers in 6.9s
Serialized model mixed-quant+brotli: 17047435 bytes
Total submission size mixed-quant+brotli: 17164353 bytes
final_int6_roundtrip val_loss:2.8675 val_bpb:1.1101 eval_time:37378ms
final_int6_roundtrip_exact val_loss:2.86752673 val_bpb:1.11010896
final_int6_sliding_window val_loss:2.8280 val_bpb:1.0948 stride:64 eval_time:88273ms
final_int6_sliding_window_exact val_loss:2.82804224 val_bpb:1.09482789