Hyperparameters:
adam_eps: 1e-08
adam_wd: 0.02
beta1: 0.9
beta2: 0.95
compressor: brotli
data_dir: ./data/
datasets_dir: ./data/datasets/fineweb10B_sp8192
diffusion_aux_prob: 0.03
diffusion_head_wd: 0.0
diffusion_loss_weight: 0.5
diffusion_scalar_wd: 0.02
diffusion_start_frac: 0.25
diffusion_stop_frac: 0.6
diffusion_subsample_frac: 1.0
distributed: True
ema_decay: 0.9965
embed_bits: 8
embed_clip_sigmas: 20.0
embed_lr: 0.6
embed_wd: 0.085
embedding_dim: 512
enable_looping_at: 0.35
etlb_clip: 3.0
etlb_enabled: False
etlb_lr: 0.05
etlb_steps: 5
eval_seq_len: 2048
eval_stride: 64
gptq_calibration_batches: 64
gptq_reserve_seconds: 12.0
grad_accum_steps: 1
grad_clip_norm: 0.3
head_lr: 0.008
is_main_process: True
iterations: 20000
ln_scale: True
local_rank: 0
logfile: logs/67f429cb-9118-4350-8754-b54f3619a5bb.txt
logit_softcap: 30.0
loop_end: 5
loop_start: 3
matrix_bits: 6
matrix_clip_sigmas: 12.85
matrix_lr: 0.022
max_wallclock_seconds: 600.0
min_lr: 0.0
mlp_mult: 4.0
model_dim: 512
model_path: final_model.pt
muon_backend_steps: 5
muon_beta2: 0.95
muon_momentum: 0.99
muon_momentum_warmup_start: 0.92
muon_momentum_warmup_steps: 1500
muon_row_normalize: True
muon_wd: 0.095
num_heads: 8
num_kv_heads: 4
num_layers: 11
num_loops: 2
parallel_residual_start: 7
qk_gain_init: 5.0
quantized_model_path: final_model.int6.ptz
rank: 0
rope_base: 10000.0
rope_dims: 16
rope_train_seq_len: 2048
run_id: 67f429cb-9118-4350-8754-b54f3619a5bb
scalar_lr: 0.02
seed: 1337
skip_gates_enabled: True
skip_quant: False
sliding_window_enabled: True
tie_embeddings: True
tied_embed_init_std: 0.005
tied_embed_lr: 0.03
tokenizer_path: ./data/tokenizers/fineweb_8192_bpe.model
train_batch_tokens: 786432
train_files: ./data/datasets/fineweb10B_sp8192/fineweb_train*_.bin
train*log_every: 500
train_seq_len: 2048
ttt_chunk_tokens: 32768
ttt_enabled: False
ttt_epochs: 3
ttt_lr: 0.005
ttt_momentum: 0.9
val_batch_tokens: 524288
val_files: ./data/datasets/fineweb10B_sp8192/fineweb_val*_.bin
val_loss_every: 4000
vocab_size: 8192
warmdown_frac: 0.72
warmup_steps: 20
world_size: 8
xsa_last_n: 11
train_shards: 80
val_tokens: 40540160
model_params:36207704
diffusion_aux:prob:0.03 weight:0.5000 start_frac:0.25 stop_frac:0.60 subsample:1.00 max_micro_steps_per_step:1 params:263168
gptq:reserving 12s, effective=588000ms
warmup_step: 1/20
warmup_step: 2/20
warmup_step: 3/20
warmup_step: 4/20
warmup_step: 5/20
warmup_step: 6/20
warmup_step: 10/20
warmup_step: 20/20
loop_warmup:enabled encoder:[0, 1, 2, 3, 4, 5, 3, 4] decoder:[5, 3, 4, 5, 6, 7, 8, 9, 10]
loop_warmup_step: 1/20
loop_warmup_step: 2/20
loop_warmup_step: 3/20
loop_warmup_step: 4/20
loop_warmup_step: 5/20
loop_warmup_step: 6/20
loop_warmup_step: 10/20
loop_warmup_step: 20/20
0/20000 val_loss: 9.0084 val_bpb: 3.4874
1/20000 train_loss: 9.0101 train_time: 0.0m tok/s: 8254905
2/20000 train_loss: 12.2395 train_time: 0.0m tok/s: 8158965
3/20000 train_loss: 10.9101 train_time: 0.0m tok/s: 8072089
4/20000 train_loss: 9.4299 train_time: 0.0m tok/s: 8027716
5/20000 train_loss: 8.2982 train_time: 0.0m tok/s: 8007071
500/20000 train_loss: 3.3755 train_time: 0.8m tok/s: 7792145
1000/20000 train_loss: 3.2793 train_time: 1.7m tok/s: 7785547
diffusion_startup:step:1456 elapsed_ms:147022 frac:0.25
1500/20000 train_loss: 3.1809 train_time: 2.5m tok/s: 7788975
layer_loop:enabled step:1852 frac:0.350 ema_reset:true encoder:[0, 1, 2, 3, 4, 5, 3, 4] decoder:[5, 3, 4, 5, 6, 7, 8, 9, 10]
2000/20000 train_loss: 3.0657 train_time: 3.8m tok/s: 6880003
2500/20000 train_loss: 3.1125 train_time: 5.1m tok/s: 6435960
diffusion_cutoff:step:2809 elapsed_ms:352945 frac:0.60
3000/20000 train_loss: 2.8853 train_time: 6.4m tok/s: 6188594
3500/20000 train_loss: 2.9249 train_time: 7.6m tok/s: 6045582
4000/20000 train_loss: 2.7962 train_time: 8.8m tok/s: 5942970
4000/20000 val_loss: 2.8548 val_bpb: 1.1052
4397/20000 val_loss: 2.8135 val_bpb: 1.0892
stopping_early: wallclock_cap train_time: 588094ms step: 4397/20000
peak memory allocated: 76554 MiB reserved: 76678 MiB
ema:applying EMA weights
pre-quantization post-ema val_loss:2.81060243 val_bpb:1.08807179 eval_time:4317ms
Serialized model: 135425593 bytes
Code size: 19984 bytes
export_excluding_training_only_params:263168
GPTQ:collecting Hessians from calibration data...
GPTQ:collected 67 Hessians in 13.4s
Quantized weights:
gptq (int6): blocks.attn.c_k.weight, blocks.attn.c_q.weight, blocks.attn.c_v.weight, blocks.attn.proj.weight, blocks.mlp.fc.weight, blocks.mlp.proj.weight
gptq (int8): tok_emb.weight
passthrough (float16): blocks.attn.q_gain, blocks.attn_scale, blocks.mlp_scale, blocks.resid_mix, skip_gates, skip_weights
Serialized model quantized+brotli: 15979214 bytes
Total submission size quantized+brotli: 15999198 bytes
quantized val_loss:2.83962621 val_bpb:1.09930780 eval_time:7562ms
quantized_sliding_window val_loss:2.79671006 val_bpb:1.08269362 eval_time:89492ms
