Hyperparameters:
adam*eps: 1e-08
adam_wd: 0.02
beta1: 0.9
beta2: 0.95
compressor: brotli
data_dir: ./data/
datasets_dir: ./data/datasets/fineweb10B_sp8192
diffusion_aux_prob: 0.2
diffusion_head_wd: 0.0
diffusion_loss_weight: 0.5
diffusion_scalar_wd: 0.02
diffusion_start_frac: 0.0
diffusion_stop_frac: 0.5
diffusion_subsample_frac: 1.0
distributed: True
ema_decay: 0.9965
embed_bits: 8
embed_clip_sigmas: 20.0
embed_lr: 0.6
embed_wd: 0.085
embedding_dim: 512
enable_looping_at: 0.5
etlb_clip: 3.0
etlb_enabled: False
etlb_lr: 0.05
etlb_steps: 5
eval_seq_len: 2048
eval_stride: 64
gptq_calibration_batches: 64
gptq_reserve_seconds: 12.0
grad_accum_steps: 1
grad_clip_norm: 0.3
head_lr: 0.008
is_main_process: True
iterations: 20000
ln_scale: True
local_rank: 0
logfile: logs/exp016_baseline_diff_000-050-loopttt-epoch4-diff0.2.txt
logit_softcap: 30.0
loop_end: 5
loop_start: 3
matrix_bits: 6
matrix_clip_sigmas: 12.85
matrix_lr: 0.022
max_wallclock_seconds: 600.0
min_lr: 0.0
mlp_mult: 4.0
model_dim: 512
model_path: final_model.pt
muon_backend_steps: 5
muon_beta2: 0.95
muon_momentum: 0.99
muon_momentum_warmup_start: 0.92
muon_momentum_warmup_steps: 1500
muon_row_normalize: True
muon_wd: 0.095
num_heads: 8
num_kv_heads: 4
num_layers: 11
num_loops: 2
parallel_residual_start: 7
qk_gain_init: 5.0
quantized_model_path: final_model.int6.ptz
rank: 0
rope_base: 10000.0
rope_dims: 16
rope_train_seq_len: 2048
run_id: exp016_baseline_diff_000-050-loopttt-epoch4-diff0.2
scalar_lr: 0.02
seed: 1337
skip_gates_enabled: True
skip_quant: False
sliding_window_enabled: True
tie_embeddings: True
tied_embed_init_std: 0.005
tied_embed_lr: 0.03
tokenizer_path: ./data/tokenizers/fineweb_8192_bpe.model
train_batch_tokens: 786432
train_files: ./data/datasets/fineweb10B_sp8192/fineweb_train*_.bin
train*log_every: 500
train_seq_len: 2048
ttt_chunk_tokens: 32768
ttt_enabled: False
ttt_epochs: 4
ttt_lr: 0.005
ttt_momentum: 0.9
val_batch_tokens: 524288
val_files: ./data/datasets/fineweb10B_sp8192/fineweb_val*_.bin
val_loss_every: 4000
vocab_size: 8192
warmdown_frac: 0.72
warmup_steps: 20
world_size: 8
xsa_last_n: 11
====================================================================================================
Running Python 3.12.3 (main, Nov 6 2025, 13:44:16) [GCC 13.3.0]
Running PyTorch 2.9.1+cu128
Sun Apr 26 16:26:45 2026  
+-----------------------------------------------------------------------------------------+
| NVIDIA-SMI 580.126.09 Driver Version: 580.126.09 CUDA Version: 13.0 |
+-----------------------------------------+------------------------+----------------------+
| GPU Name Persistence-M | Bus-Id Disp.A | Volatile Uncorr. ECC |
| Fan Temp Perf Pwr:Usage/Cap | Memory-Usage | GPU-Util Compute M. |
| | | MIG M. |
|=========================================+========================+======================|
| 0 NVIDIA H100 80GB HBM3 On | 00000000:19:00.0 Off | 0 |
| N/A 36C P0 114W / 700W | 1521MiB / 81559MiB | 1% Default |
| | | Disabled |
+-----------------------------------------+------------------------+----------------------+
| 1 NVIDIA H100 80GB HBM3 On | 00000000:3B:00.0 Off | 0 |
| N/A 33C P0 119W / 700W | 1521MiB / 81559MiB | 0% Default |
| | | Disabled |
+-----------------------------------------+------------------------+----------------------+
| 2 NVIDIA H100 80GB HBM3 On | 00000000:4C:00.0 Off | 0 |
| N/A 31C P0 116W / 700W | 1521MiB / 81559MiB | 4% Default |
| | | Disabled |
+-----------------------------------------+------------------------+----------------------+
| 3 NVIDIA H100 80GB HBM3 On | 00000000:5D:00.0 Off | 0 |
| N/A 36C P0 120W / 700W | 1521MiB / 81559MiB | 0% Default |
| | | Disabled |
+-----------------------------------------+------------------------+----------------------+
| 4 NVIDIA H100 80GB HBM3 On | 00000000:9B:00.0 Off | 0 |
| N/A 37C P0 115W / 700W | 1521MiB / 81559MiB | 2% Default |
| | | Disabled |
+-----------------------------------------+------------------------+----------------------+
| 5 NVIDIA H100 80GB HBM3 On | 00000000:BB:00.0 Off | 0 |
| N/A 33C P0 116W / 700W | 1521MiB / 81559MiB | 4% Default |
| | | Disabled |
+-----------------------------------------+------------------------+----------------------+
| 6 NVIDIA H100 80GB HBM3 On | 00000000:CB:00.0 Off | 0 |
| N/A 36C P0 117W / 700W | 1521MiB / 81559MiB | 0% Default |
| | | Disabled |
+-----------------------------------------+------------------------+----------------------+
| 7 NVIDIA H100 80GB HBM3 On | 00000000:DB:00.0 Off | 0 |
| N/A 32C P0 114W / 700W | 1521MiB / 81559MiB | 0% Default |
| | | Disabled |
+-----------------------------------------+------------------------+----------------------+

+-----------------------------------------------------------------------------------------+
| Processes: |
| GPU GI CI PID Type Process name GPU Memory |
| ID ID Usage |
|=========================================================================================|
| No running processes found |
+-----------------------------------------------------------------------------------------+

====================================================================================================
train_shards: 80
val_tokens: 40540160
model_params:36207704
diffusion_aux:prob:0.20 weight:0.5000 start_frac:0.00 stop_frac:0.50 subsample:1.00 max_micro_steps_per_step:1 params:263168
gptq:reserving 12s, effective=588000ms
warmup_step: 1/20
warmup_step: 2/20
warmup_step: 3/20
warmup_step: 4/20
warmup_step: 5/20
warmup_step: 6/20
warmup_step: 10/20
warmup_step: 20/20
loop_warmup:enabled encoder:[0, 1, 2, 3, 4, 5, 3, 4] decoder:[5, 3, 4, 5, 6, 7, 8, 9, 10]
loop_warmup_step: 1/20
loop_warmup_step: 2/20
loop_warmup_step: 3/20
loop_warmup_step: 4/20
loop_warmup_step: 5/20
loop_warmup_step: 6/20
loop_warmup_step: 10/20
loop_warmup_step: 20/20
0/20000 val_loss: 9.0084 val_bpb: 3.4874
1/20000 train_loss: 9.0101 train_time: 0.0m tok/s: 8280701
2/20000 train_loss: 12.2395 train_time: 0.0m tok/s: 8193923
3/20000 train_loss: 10.9102 train_time: 0.0m tok/s: 8028213
4/20000 train_loss: 9.4299 train_time: 0.0m tok/s: 7994105
5/20000 train_loss: 8.7982 train_time: 0.3m tok/s: 210135
500/20000 train_loss: 3.3971 train_time: 1.3m tok/s: 5047599
1000/20000 train_loss: 3.2944 train_time: 2.3m tok/s: 5710875
1500/20000 train_loss: 3.1863 train_time: 3.3m tok/s: 5911055
2000/20000 train_loss: 3.0999 train_time: 4.3m tok/s: 6031756
layer_loop:enabled step:2270 frac:0.500 ema_reset:true encoder:[0, 1, 2, 3, 4, 5, 3, 4] decoder:[5, 3, 4, 5, 6, 7, 8, 9, 10]
diffusion_cutoff:step:2270 elapsed_ms:294138 frac:0.50
2500/20000 train_loss: 3.1283 train_time: 5.5m tok/s: 5972233
3000/20000 train_loss: 2.8910 train_time: 6.7m tok/s: 5851596
3500/20000 train_loss: 2.9224 train_time: 8.0m tok/s: 5768306
4000/20000 train_loss: 2.7936 train_time: 9.2m tok/s: 5707839
4000/20000 val_loss: 2.8484 val_bpb: 1.1027
4250/20000 val_loss: 2.8257 val_bpb: 1.0939
stopping_early: wallclock_cap train_time: 588139ms step: 4250/20000
peak memory allocated: 76422 MiB reserved: 76476 MiB
ema:applying EMA weights
pre-quantization post-ema val_loss:2.82348483 val_bpb:1.09305897 eval_time:4323ms
Serialized model: 135425593 bytes
Code size: 19984 bytes
export_excluding_training_only_params:263168
GPTQ:collecting Hessians from calibration data...
GPTQ:collected 67 Hessians in 13.3s
Quantized weights:
gptq (int6): blocks.attn.c_k.weight, blocks.attn.c_q.weight, blocks.attn.c_v.weight, blocks.attn.proj.weight, blocks.mlp.fc.weight, blocks.mlp.proj.weight
gptq (int8): tok_emb.weight
passthrough (float16): blocks.attn.q_gain, blocks.attn_scale, blocks.mlp_scale, blocks.resid_mix, skip_gates, skip_weights
Serialized model quantized+brotli: 15974337 bytes
Total submission size quantized+brotli: 15994321 bytes
quantized val_loss:2.85279385 val_bpb:1.10440540 eval_time:7636ms
quantized_sliding_window val_loss:2.80984615 val_bpb:1.08777901 eval_time:89017ms
