Hyperparameters:
adam_eps: 1e-08
adam_wd: 0.02
beta1: 0.9
beta2: 0.95
compressor: brotli
data_dir: ./data/
datasets_dir: ./data/datasets/fineweb10B_sp8192
diffusion_aux_prob: 0.03
diffusion_head_wd: 0.0
diffusion_loss_weight: 0.5
diffusion_scalar_wd: 0.02
diffusion_start_frac: 0.25
diffusion_stop_frac: 0.6
diffusion_subsample_frac: 1.0
distributed: True
ema_decay: 0.9965
embed_bits: 8
embed_clip_sigmas: 20.0
embed_lr: 0.6
embed_wd: 0.085
embedding_dim: 512
enable_looping_at: 0.35
etlb_clip: 3.0
etlb_enabled: False
etlb_lr: 0.05
etlb_steps: 5
eval_seq_len: 2048
eval_stride: 64
gptq_calibration_batches: 64
gptq_reserve_seconds: 12.0
grad_accum_steps: 1
grad_clip_norm: 0.3
head_lr: 0.008
is_main_process: True
iterations: 20000
ln_scale: True
local_rank: 0
logfile: logs/exp016_diff-8h100.txt
logit_softcap: 30.0
loop_end: 5
loop_start: 3
matrix_bits: 6
matrix_clip_sigmas: 12.85
matrix_lr: 0.022
max_wallclock_seconds: 600.0
min_lr: 0.0
mlp_mult: 4.0
model_dim: 512
model_path: final_model.pt
muon_backend_steps: 5
muon_beta2: 0.95
muon_momentum: 0.99
muon_momentum_warmup_start: 0.92
muon_momentum_warmup_steps: 1500
muon_row_normalize: True
muon_wd: 0.095
num_heads: 8
num_kv_heads: 4
num_layers: 11
num_loops: 2
parallel_residual_start: 7
qk_gain_init: 5.0
quantized_model_path: final_model.int6.ptz
rank: 0
rope_base: 10000.0
rope_dims: 16
rope_train_seq_len: 2048
run_id: exp016_diff-8h100
scalar_lr: 0.02
seed: 1337
skip_gates_enabled: True
skip_quant: False
sliding_window_enabled: True
tie_embeddings: True
tied_embed_init_std: 0.005
tied_embed_lr: 0.03
tokenizer_path: ./data/tokenizers/fineweb_8192_bpe.model
train_batch_tokens: 786432
train_files: ./data/datasets/fineweb10B_sp8192/fineweb_train*_.bin
train*log_every: 500
train_seq_len: 2048
ttt_chunk_tokens: 32768
ttt_enabled: False
ttt_epochs: 3
ttt_lr: 0.005
ttt_momentum: 0.9
val_batch_tokens: 524288
val_files: ./data/datasets/fineweb10B_sp8192/fineweb_val*_.bin
val_loss_every: 4000
vocab_size: 8192
warmdown_frac: 0.72
warmup_steps: 20
world_size: 8
xsa_last_n: 11
train_shards: 80
val_tokens: 40540160
model_params:36207704
diffusion_aux:prob:0.03 weight:0.5000 start_frac:0.25 stop_frac:0.60 subsample:1.00 max_micro_steps_per_step:1 params:263168
gptq:reserving 12s, effective=588000ms
warmup_step: 1/20
warmup_step: 2/20
warmup_step: 3/20
warmup_step: 4/20
warmup_step: 5/20
warmup_step: 6/20
warmup_step: 10/20
warmup_step: 20/20
loop_warmup:enabled encoder:[0, 1, 2, 3, 4, 5, 3, 4] decoder:[5, 3, 4, 5, 6, 7, 8, 9, 10]
loop_warmup_step: 1/20
loop_warmup_step: 2/20
loop_warmup_step: 3/20
loop_warmup_step: 4/20
loop_warmup_step: 5/20
loop_warmup_step: 6/20
loop_warmup_step: 10/20
loop_warmup_step: 20/20
0/20000 val_loss: 9.0084 val_bpb: 3.4874
1/20000 train_loss: 9.0101 train_time: 0.0m tok/s: 8204143
2/20000 train_loss: 12.2394 train_time: 0.0m tok/s: 8131638
3/20000 train_loss: 10.9102 train_time: 0.0m tok/s: 8042719
4/20000 train_loss: 9.4298 train_time: 0.0m tok/s: 8004584
5/20000 train_loss: 8.2981 train_time: 0.0m tok/s: 7971358
500/20000 train_loss: 3.3764 train_time: 0.8m tok/s: 7751026
1000/20000 train_loss: 3.2776 train_time: 1.7m tok/s: 7740578
diffusion_startup:step:1447 elapsed_ms:147023 frac:0.25
1500/20000 train_loss: 3.1817 train_time: 2.5m tok/s: 7740334
layer_loop:enabled step:1844 frac:0.350 ema_reset:true encoder:[0, 1, 2, 3, 4, 5, 3, 4] decoder:[5, 3, 4, 5, 6, 7, 8, 9, 10]
2000/20000 train_loss: 3.0669 train_time: 3.8m tok/s: 6847043
2500/20000 train_loss: 3.1140 train_time: 5.2m tok/s: 6351457
diffusion_cutoff:step:2787 elapsed_ms:352944 frac:0.60
3000/20000 train_loss: 2.8862 train_time: 6.4m tok/s: 6133100
3500/20000 train_loss: 2.9228 train_time: 7.7m tok/s: 5995128
4000/20000 train_loss: 2.7932 train_time: 8.9m tok/s: 5895530
4000/20000 val_loss: 2.8516 val_bpb: 1.1040
4367/20000 val_loss: 2.8140 val_bpb: 1.0894
stopping_early: wallclock_cap train_time: 588116ms step: 4367/20000
peak memory allocated: 76554 MiB reserved: 76678 MiB
ema:applying EMA weights
pre-quantization post-ema val_loss:2.81115876 val_bpb:1.08828716 eval_time:4348ms
Serialized model: 135425593 bytes
Code size: 20250 bytes
export_excluding_training_only_params:263168
GPTQ:collecting Hessians from calibration data...
GPTQ:collected 67 Hessians in 13.3s
Quantized weights:
gptq (int6): blocks.attn.c_k.weight, blocks.attn.c_q.weight, blocks.attn.c_v.weight, blocks.attn.proj.weight, blocks.mlp.fc.weight, blocks.mlp.proj.weight
gptq (int8): tok_emb.weight
passthrough (float16): blocks.attn.q_gain, blocks.attn_scale, blocks.mlp_scale, blocks.resid_mix, skip_gates, skip_weights
Serialized model quantized+brotli: 15976553 bytes
Total submission size quantized+brotli: 15996803 bytes
quantized val_loss:2.84014912 val_bpb:1.09951023 eval_time:24100ms
quantized_sliding_window val_loss:2.79722308 val_bpb:1.08289223 eval_time:103152ms
