[v11c] launching SEED=1337 MATRIX_LR=0.035 AUX=0.03 startfrac=0.25 stopfrac=0.60 at 2026-04-16T17:17:10Z
logs/exp013_v11c_matrixlr035.txt
val_bpb:enabled tokenizer_kind=sentencepiece tokenizer_path=./data/tokenizers/fineweb_8192_bpe.model
train_loader:dataset:fineweb10B_sp8192 train_shards:80
val_loader:shards pattern=./data/datasets/fineweb10B_sp8192/fineweb_val_*.bin tokens:40546304
model_params:36204632
diffusion_aux:prob:0.03 weight:0.5000 start_frac:0.25 stop_frac:0.60 subsample:1.00 objective:latent_mse params:263168
XSA:last_11 active_layers:[0, 1, 2, 3, 4, 5, 6, 7, 8, 9, 10]
world_size:1 grad_accum_steps:8
sdp_backends:cudnn=False flash=True mem_efficient=False math=False
attention_mode:gqa num_heads:8 num_kv_heads:4
tie_embeddings:True embed_lr:0.03 head_lr:0.008 matrix_lr:0.035 scalar_lr:0.02
quant_stack:compressor=brotli matrix_bits=6 embed_bits=8 matrix_clip_sigmas=12.85 embed_clip_sigmas=20.0 muon_row_normalize=True
train_batch_tokens:786432 train_seq_len:2048 iterations:20000 warmup_steps:20 max_wallclock_seconds:600.000
seed:1337
gptq:reserve_skipped skip_quant:enabled effective_wallclock_ms:600000
screen_mode:warmup_steps 20->2
warmup_step:1/2
warmup_step:2/2
step:0/20000 val_loss:9.00738945 val_bpb:3.48765246 train_time:0ms step_avg:0.02ms
step:1/20000 train_loss:9.0076 train_time:734ms step_avg:733.57ms
step:2/20000 train_loss:12.3084 train_time:1400ms step_avg:699.92ms
step:3/20000 train_loss:10.9862 train_time:2154ms step_avg:717.93ms
step:4/20000 train_loss:9.3569 train_time:2911ms step_avg:727.69ms
step:5/20000 train_loss:8.1900 train_time:3660ms step_avg:732.04ms
step:6/20000 train_loss:7.5872 train_time:4410ms step_avg:735.04ms
step:7/20000 train_loss:7.2443 train_time:5167ms step_avg:738.15ms
step:8/20000 train_loss:7.0645 train_time:5924ms step_avg:740.45ms
step:9/20000 train_loss:6.9095 train_time:6676ms step_avg:741.78ms
step:10/20000 train_loss:6.8526 train_time:7432ms step_avg:743.23ms
diffusion_startup:step:200 elapsed_ms:150664 frac:0.25
diffusion_cutoff:step:472 elapsed_ms:360665 frac:0.60
step:500/20000 train_loss:3.2259 train_time:381654ms step_avg:763.31ms
swa:start step:700
late_qat:enabled step:711 scale:0.1491
step:791/20000 val_loss:3.07767138 val_bpb:1.19167137 train_time:600496ms step_avg:759.16ms
stopping_early: wallclock_cap train_time:600496ms step:791/20000
peak memory allocated: 49904 MiB reserved: 49978 MiB
DIAGNOSTIC post_train val_loss:3.0777 val_bpb:1.1917 eval_time:12498ms
export_excluding_training_only_params:262144
Serialized model: 135398000 bytes
Code size: 101437 bytes
skip_quant:enabled — skipping post-training quantization pipeline
[v11c] done at 2026-04-16T17:29:05Z
