nohup: ignoring input
logs/exp013_v9d_seed42_prob003.txt
val_bpb:enabled tokenizer_kind=sentencepiece tokenizer_path=./data/tokenizers/fineweb_8192_bpe.model
train_loader:dataset:fineweb10B_sp8192 train_shards:80
val_loader:shards pattern=./data/datasets/fineweb10B_sp8192/fineweb_val_*.bin tokens:40546304
model_params:36204632
diffusion_aux:prob:0.03 weight:0.5000 start_frac:0.25 stop_frac:0.60 subsample:1.00 objective:latent_mse params:263168
XSA:last_11 active_layers:[0, 1, 2, 3, 4, 5, 6, 7, 8, 9, 10]
world_size:1 grad_accum_steps:8
sdp_backends:cudnn=False flash=True mem_efficient=False math=False
attention_mode:gqa num_heads:8 num_kv_heads:4
tie_embeddings:True embed_lr:0.03 head_lr:0.008 matrix_lr:0.02 scalar_lr:0.02
quant_stack:compressor=brotli matrix_bits=6 embed_bits=8 matrix_clip_sigmas=12.85 embed_clip_sigmas=20.0 muon_row_normalize=True
train_batch_tokens:786432 train_seq_len:2048 iterations:20000 warmup_steps:20 max_wallclock_seconds:600.000
seed:42
gptq:reserve_skipped skip_quant:enabled effective_wallclock_ms:600000
screen_mode:warmup_steps 20->2
warmup_step:1/2
warmup_step:2/2
step:0/20000 val_loss:9.00972014 val_bpb:3.48855490 train_time:0ms step_avg:0.02ms
step:1/20000 train_loss:9.0098 train_time:727ms step_avg:726.93ms
step:2/20000 train_loss:12.2990 train_time:1394ms step_avg:696.99ms
step:3/20000 train_loss:11.0849 train_time:2141ms step_avg:713.73ms
step:4/20000 train_loss:9.5051 train_time:2888ms step_avg:722.08ms
step:5/20000 train_loss:8.3576 train_time:3638ms step_avg:727.51ms
step:6/20000 train_loss:7.6870 train_time:4387ms step_avg:731.21ms
step:7/20000 train_loss:7.3017 train_time:5138ms step_avg:734.06ms
step:8/20000 train_loss:7.0865 train_time:5894ms step_avg:736.71ms
step:9/20000 train_loss:6.9871 train_time:6644ms step_avg:738.20ms
step:10/20000 train_loss:6.9019 train_time:7397ms step_avg:739.73ms
diffusion_startup:step:200 elapsed_ms:150314 frac:0.25
diffusion_cutoff:step:472 elapsed_ms:360191 frac:0.60
step:500/20000 train_loss:3.2735 train_time:381047ms step_avg:762.09ms
swa:start step:700
late_qat:enabled step:713 scale:0.1492
step:793/20000 val_loss:3.10147488 val_bpb:1.20088806 train_time:600223ms step_avg:756.90ms
stopping_early: wallclock_cap train_time:600223ms step:793/20000
peak memory allocated: 49904 MiB reserved: 49978 MiB
DIAGNOSTIC post_train val_loss:3.1015 val_bpb:1.2009 eval_time:12460ms
export_excluding_training_only_params:262144
Serialized model: 135398000 bytes
Code size: 101437 bytes
skip_quant:enabled — skipping post-training quantization pipeline
