nohup: ignoring input
logs/exp013_v9_seed1337_prob003.txt
val_bpb:enabled tokenizer_kind=sentencepiece tokenizer_path=./data/tokenizers/fineweb_8192_bpe.model
train_loader:dataset:fineweb10B_sp8192 train_shards:80
val_loader:shards pattern=./data/datasets/fineweb10B_sp8192/fineweb_val_*.bin tokens:40546304
model_params:36204632
diffusion_aux:prob:0.03 weight:0.5000 start_frac:0.25 stop_frac:0.60 subsample:1.00 objective:latent_mse params:263168
XSA:last_11 active_layers:[0, 1, 2, 3, 4, 5, 6, 7, 8, 9, 10]
world_size:1 grad_accum_steps:8
sdp_backends:cudnn=False flash=True mem_efficient=False math=False
attention_mode:gqa num_heads:8 num_kv_heads:4
tie_embeddings:True embed_lr:0.03 head_lr:0.008 matrix_lr:0.02 scalar_lr:0.02
quant_stack:compressor=brotli matrix_bits=6 embed_bits=8 matrix_clip_sigmas=12.85 embed_clip_sigmas=20.0 muon_row_normalize=True
train_batch_tokens:786432 train_seq_len:2048 iterations:20000 warmup_steps:20 max_wallclock_seconds:600.000
seed:1337
gptq:reserve_skipped skip_quant:enabled effective_wallclock_ms:600000
screen_mode:warmup_steps 20->2
warmup_step:1/2
warmup_step:2/2
step:0/20000 val_loss:9.00738945 val_bpb:3.48765246 train_time:0ms step_avg:0.01ms
step:1/20000 train_loss:9.0076 train_time:723ms step_avg:723.06ms
step:2/20000 train_loss:12.3520 train_time:1386ms step_avg:692.81ms
step:3/20000 train_loss:11.1501 train_time:2132ms step_avg:710.53ms
step:4/20000 train_loss:9.5913 train_time:2878ms step_avg:719.46ms
step:5/20000 train_loss:8.4344 train_time:3619ms step_avg:723.88ms
step:6/20000 train_loss:7.7046 train_time:4366ms step_avg:727.69ms
step:7/20000 train_loss:7.2989 train_time:5113ms step_avg:730.37ms
step:8/20000 train_loss:7.0710 train_time:5864ms step_avg:733.02ms
step:9/20000 train_loss:6.9276 train_time:6616ms step_avg:735.15ms
step:10/20000 train_loss:6.8981 train_time:7367ms step_avg:736.69ms
diffusion_startup:step:201 elapsed_ms:150640 frac:0.25
diffusion_cutoff:step:474 elapsed_ms:360267 frac:0.60
step:500/20000 train_loss:3.2294 train_time:379615ms step_avg:759.23ms
swa:start step:700
late_qat:enabled step:715 scale:0.1495
step:796/20000 val_loss:3.09581240 val_bpb:1.19869556 train_time:600685ms step_avg:754.63ms
stopping_early: wallclock_cap train_time:600685ms step:796/20000
peak memory allocated: 49904 MiB reserved: 49978 MiB
DIAGNOSTIC post_train val_loss:3.0958 val_bpb:1.1987 eval_time:12433ms
export_excluding_training_only_params:262144
Serialized model: 135398000 bytes
Code size: 101437 bytes
skip_quant:enabled — skipping post-training quantization pipeline
