logs/ead59e07-5285-4826-b06c-9883831a4ab7.txt
[rank0]: Traceback (most recent call last):
[rank0]:   File "/workspace/parameter-golf-exp/experiments/013-ar-latent-diffusion/train_gpt_01_screen.py", line 2063, in <module>
[rank0]:     main()
[rank0]:   File "/workspace/parameter-golf-exp/experiments/013-ar-latent-diffusion/train_gpt_01_screen.py", line 1502, in main
[rank0]:     sp = spm.SentencePieceProcessor(model_file=args.tokenizer_path)
[rank0]:          ^^^^^^^^^^^^^^^^^^^^^^^^^^^^^^^^^^^^^^^^^^^^^^^^^^^^^^^^^^
[rank0]:   File "/usr/local/lib/python3.12/dist-packages/sentencepiece/__init__.py", line 468, in Init
[rank0]:     self.Load(model_file=model_file, model_proto=model_proto)
[rank0]:   File "/usr/local/lib/python3.12/dist-packages/sentencepiece/__init__.py", line 961, in Load
[rank0]:     return self.LoadFromFile(model_file)
[rank0]:            ^^^^^^^^^^^^^^^^^^^^^^^^^^^^^
[rank0]:   File "/usr/local/lib/python3.12/dist-packages/sentencepiece/__init__.py", line 316, in LoadFromFile
[rank0]:     return _sentencepiece.SentencePieceProcessor_LoadFromFile(self, arg)
[rank0]:            ^^^^^^^^^^^^^^^^^^^^^^^^^^^^^^^^^^^^^^^^^^^^^^^^^^^^^^^^^^^^^
[rank0]: OSError: Not found: "./data/tokenizers/fineweb_8192_bpe.model": No such file or directory Error #2
[rank0]:[W416 10:25:04.889061511 ProcessGroupNCCL.cpp:1524] Warning: WARNING: destroy_process_group() was not called before program exit, which can leak resources. For more info, please see https://pytorch.org/docs/stable/distributed.html#shutdown (function operator())
E0416 10:25:05.815000 13447 torch/distributed/elastic/multiprocessing/api.py:882] failed (exitcode: 1) local_rank: 0 (pid: 13515) of binary: /usr/local/bin/python
Traceback (most recent call last):
  File "/usr/local/bin/torchrun", line 7, in <module>
    sys.exit(main())
             ^^^^^^
  File "/usr/local/lib/python3.12/dist-packages/torch/distributed/elastic/multiprocessing/errors/__init__.py", line 357, in wrapper
    return f(*args, **kwargs)
           ^^^^^^^^^^^^^^^^^^
  File "/usr/local/lib/python3.12/dist-packages/torch/distributed/run.py", line 936, in main
    run(args)
  File "/usr/local/lib/python3.12/dist-packages/torch/distributed/run.py", line 927, in run
    elastic_launch(
  File "/usr/local/lib/python3.12/dist-packages/torch/distributed/launcher/api.py", line 156, in __call__
    return launch_agent(self._config, self._entrypoint, list(args))
           ^^^^^^^^^^^^^^^^^^^^^^^^^^^^^^^^^^^^^^^^^^^^^^^^^^^^^^^^
  File "/usr/local/lib/python3.12/dist-packages/torch/distributed/launcher/api.py", line 293, in launch_agent
    raise ChildFailedError(
torch.distributed.elastic.multiprocessing.errors.ChildFailedError: 
============================================================
train_gpt_01_screen.py FAILED
------------------------------------------------------------
Failures:
  <NO_OTHER_FAILURES>
------------------------------------------------------------
Root Cause (first observed failure):
[0]:
  time      : 2026-04-16_10:25:05
  host      : eab306a1cda4
  rank      : 0 (local_rank: 0)
  exitcode  : 1 (pid: 13515)
  error_file: <N/A>
  traceback : To enable traceback see: https://pytorch.org/docs/stable/elastic/errors.html
============================================================
