logs/cd3beb84-67bc-482e-bcec-da796107d3e3.txt
val_bpb:enabled tokenizer_kind=sentencepiece tokenizer_path=./data/tokenizers/fineweb_8192_bpe.model
train_loader:dataset:fineweb10B_sp8192 train_shards:80
val_loader:shards pattern=./data/datasets/fineweb10B_sp8192/fineweb_val_*.bin tokens:40546304
model_params:36204632
diffusion_aux:prob:0.03 weight:0.5000 start_frac:0.25 stop_frac:0.60 subsample:1.00 objective:latent_mse params:263168
XSA:last_11 active_layers:[0, 1, 2, 3, 4, 5, 6, 7, 8, 9, 10]
world_size:1 grad_accum_steps:8
sdp_backends:cudnn=False flash=True mem_efficient=False math=False
attention_mode:gqa num_heads:8 num_kv_heads:4
tie_embeddings:True embed_lr:0.03 head_lr:0.008 matrix_lr:0.025 scalar_lr:0.02
quant_stack:compressor=brotli matrix_bits=6 embed_bits=8 matrix_clip_sigmas=12.85 embed_clip_sigmas=20.0 muon_row_normalize=True
train_batch_tokens:786432 train_seq_len:2048 iterations:20000 warmup_steps:20 max_wallclock_seconds:600.000
seed:1337
gptq:reserve_skipped skip_quant:enabled effective_wallclock_ms:600000
screen_mode:warmup_steps 20->2
warmup_step:1/2
warmup_step:2/2
step:0/20000 val_loss:9.00738945 val_bpb:3.48765246 train_time:0ms step_avg:0.01ms
step:1/20000 train_loss:9.0076 train_time:726ms step_avg:726.13ms
step:2/20000 train_loss:12.3377 train_time:1391ms step_avg:695.69ms
step:3/20000 train_loss:11.0938 train_time:2144ms step_avg:714.80ms
step:4/20000 train_loss:9.5126 train_time:2899ms step_avg:724.69ms
step:5/20000 train_loss:8.3535 train_time:3642ms step_avg:728.32ms
step:6/20000 train_loss:7.6600 train_time:4394ms step_avg:732.37ms
step:7/20000 train_loss:7.2748 train_time:5148ms step_avg:735.43ms
step:8/20000 train_loss:7.0687 train_time:5900ms step_avg:737.51ms
step:9/20000 train_loss:6.9167 train_time:6653ms step_avg:739.20ms
step:10/20000 train_loss:6.8810 train_time:7406ms step_avg:740.58ms
diffusion_startup:step:200 elapsed_ms:150408 frac:0.25
diffusion_cutoff:step:473 elapsed_ms:360734 frac:0.60
step:500/20000 train_loss:3.2288 train_time:380882ms step_avg:761.76ms
swa:start step:700
late_qat:enabled step:713 scale:0.1490
step:793/20000 val_loss:3.08623176 val_bpb:1.19498594 train_time:600274ms step_avg:756.97ms
stopping_early: wallclock_cap train_time:600274ms step:793/20000
peak memory allocated: 49904 MiB reserved: 49978 MiB
DIAGNOSTIC post_train val_loss:3.0862 val_bpb:1.1950 eval_time:12451ms
export_excluding_training_only_params:262144
Serialized model: 135398000 bytes
Code size: 101437 bytes
skip_quant:enabled — skipping post-training quantization pipeline
