nohup: ignoring input
logs/exp013_v9c_seed2026_prob003.txt
val_bpb:enabled tokenizer_kind=sentencepiece tokenizer_path=./data/tokenizers/fineweb_8192_bpe.model
train_loader:dataset:fineweb10B_sp8192 train_shards:80
val_loader:shards pattern=./data/datasets/fineweb10B_sp8192/fineweb_val_*.bin tokens:40546304
model_params:36204632
diffusion_aux:prob:0.03 weight:0.5000 start_frac:0.25 stop_frac:0.60 subsample:1.00 objective:latent_mse params:263168
XSA:last_11 active_layers:[0, 1, 2, 3, 4, 5, 6, 7, 8, 9, 10]
world_size:1 grad_accum_steps:8
sdp_backends:cudnn=False flash=True mem_efficient=False math=False
attention_mode:gqa num_heads:8 num_kv_heads:4
tie_embeddings:True embed_lr:0.03 head_lr:0.008 matrix_lr:0.02 scalar_lr:0.02
quant_stack:compressor=brotli matrix_bits=6 embed_bits=8 matrix_clip_sigmas=12.85 embed_clip_sigmas=20.0 muon_row_normalize=True
train_batch_tokens:786432 train_seq_len:2048 iterations:20000 warmup_steps:20 max_wallclock_seconds:600.000
seed:2026
gptq:reserve_skipped skip_quant:enabled effective_wallclock_ms:600000
screen_mode:warmup_steps 20->2
warmup_step:1/2
warmup_step:2/2
step:0/20000 val_loss:9.01025414 val_bpb:3.48876166 train_time:0ms step_avg:0.01ms
step:1/20000 train_loss:9.0113 train_time:722ms step_avg:722.38ms
step:2/20000 train_loss:12.3678 train_time:1383ms step_avg:691.44ms
step:3/20000 train_loss:11.1423 train_time:2129ms step_avg:709.77ms
step:4/20000 train_loss:9.5888 train_time:2876ms step_avg:719.04ms
step:5/20000 train_loss:8.4160 train_time:3617ms step_avg:723.39ms
step:6/20000 train_loss:7.7094 train_time:4359ms step_avg:726.55ms
step:7/20000 train_loss:7.3191 train_time:5111ms step_avg:730.19ms
step:8/20000 train_loss:7.1228 train_time:5864ms step_avg:733.00ms
step:9/20000 train_loss:6.9543 train_time:6619ms step_avg:735.45ms
step:10/20000 train_loss:6.8917 train_time:7371ms step_avg:737.07ms
diffusion_startup:step:201 elapsed_ms:150721 frac:0.25
diffusion_cutoff:step:473 elapsed_ms:360261 frac:0.60
step:500/20000 train_loss:3.2981 train_time:380366ms step_avg:760.73ms
swa:start step:700
late_qat:enabled step:714 scale:0.1492
step:794/20000 val_loss:3.10540999 val_bpb:1.20241173 train_time:600143ms step_avg:755.85ms
stopping_early: wallclock_cap train_time:600143ms step:794/20000
peak memory allocated: 49904 MiB reserved: 49978 MiB
DIAGNOSTIC post_train val_loss:3.1054 val_bpb:1.2024 eval_time:12426ms
export_excluding_training_only_params:262144
Serialized model: 135398000 bytes
Code size: 101437 bytes
skip_quant:enabled — skipping post-training quantization pipeline
