nohup: ignoring input
logs/exp013_v7_seed42.txt
val_bpb:enabled tokenizer_kind=sentencepiece tokenizer_path=./data/tokenizers/fineweb_8192_bpe.model
train_loader:dataset:fineweb10B_sp8192 train_shards:80
val_loader:shards pattern=./data/datasets/fineweb10B_sp8192/fineweb_val_*.bin tokens:40546304
model_params:36204632
diffusion_aux:prob:0.05 weight:0.5000 start_frac:0.25 stop_frac:0.60 subsample:1.00 objective:latent_mse params:263168
XSA:last_11 active_layers:[0, 1, 2, 3, 4, 5, 6, 7, 8, 9, 10]
world_size:1 grad_accum_steps:8
sdp_backends:cudnn=False flash=True mem_efficient=False math=False
attention_mode:gqa num_heads:8 num_kv_heads:4
tie_embeddings:True embed_lr:0.03 head_lr:0.008 matrix_lr:0.02 scalar_lr:0.02
quant_stack:compressor=brotli matrix_bits=6 embed_bits=8 matrix_clip_sigmas=12.85 embed_clip_sigmas=20.0 muon_row_normalize=True
train_batch_tokens:786432 train_seq_len:2048 iterations:20000 warmup_steps:20 max_wallclock_seconds:600.000
seed:42
gptq:reserve_skipped skip_quant:enabled effective_wallclock_ms:600000
screen_mode:warmup_steps 20->2
warmup_step:1/2
warmup_step:2/2
step:0/20000 val_loss:9.00972014 val_bpb:3.48855490 train_time:0ms step_avg:0.01ms
step:1/20000 train_loss:9.0098 train_time:725ms step_avg:724.61ms
step:2/20000 train_loss:12.2990 train_time:1392ms step_avg:695.78ms
step:3/20000 train_loss:11.0849 train_time:2143ms step_avg:714.34ms
step:4/20000 train_loss:9.5051 train_time:2893ms step_avg:723.37ms
step:5/20000 train_loss:8.3576 train_time:3637ms step_avg:727.44ms
step:6/20000 train_loss:7.6869 train_time:4385ms step_avg:730.77ms
step:7/20000 train_loss:7.3016 train_time:5136ms step_avg:733.65ms
step:8/20000 train_loss:7.0865 train_time:5887ms step_avg:735.85ms
step:9/20000 train_loss:6.9871 train_time:6643ms step_avg:738.09ms
step:10/20000 train_loss:6.9019 train_time:7396ms step_avg:739.58ms
diffusion_startup:step:200 elapsed_ms:150593 frac:0.25
diffusion_cutoff:step:468 elapsed_ms:360300 frac:0.60
step:500/20000 train_loss:3.2737 train_time:384135ms step_avg:768.27ms
swa:start step:700
late_qat:enabled step:709 scale:0.1490
step:789/20000 val_loss:3.10284399 val_bpb:1.20141818 train_time:600161ms step_avg:760.66ms
stopping_early: wallclock_cap train_time:600161ms step:789/20000
peak memory allocated: 49904 MiB reserved: 49978 MiB
DIAGNOSTIC post_train val_loss:3.1028 val_bpb:1.2014 eval_time:12411ms
export_excluding_training_only_params:262144
Serialized model: 135398000 bytes
Code size: 101437 bytes
skip_quant:enabled — skipping post-training quantization pipeline
