logs/exp013_01_screen_sw2_v5_seed2026_confirm.txt
val_bpb:enabled tokenizer_kind=sentencepiece tokenizer_path=./data/tokenizers/fineweb_8192_bpe.model
train_loader:dataset:fineweb10B_sp8192 train_shards:80
val_loader:shards pattern=./data/datasets/fineweb10B_sp8192/fineweb_val_*.bin tokens:40546304
model_params:36204632
diffusion_aux:prob:0.05 weight:0.5000 start_frac:0.25 stop_frac:0.60 subsample:1.00 objective:latent_mse params:263168
XSA:last_11 active_layers:[0, 1, 2, 3, 4, 5, 6, 7, 8, 9, 10]
world_size:1 grad_accum_steps:8
sdp_backends:cudnn=False flash=True mem_efficient=False math=False
attention_mode:gqa num_heads:8 num_kv_heads:4
tie_embeddings:True embed_lr:0.03 head_lr:0.008 matrix_lr:0.02 scalar_lr:0.02
quant_stack:compressor=brotli matrix_bits=6 embed_bits=8 matrix_clip_sigmas=12.85 embed_clip_sigmas=20.0 muon_row_normalize=True
train_batch_tokens:786432 train_seq_len:2048 iterations:20000 warmup_steps:20 max_wallclock_seconds:600.000
seed:2026
gptq:reserve_skipped skip_quant:enabled effective_wallclock_ms:600000
screen_mode:warmup_steps 20->2
warmup_step:1/2
warmup_step:2/2
step:0/20000 val_loss:9.01025414 val_bpb:3.48876166 train_time:0ms step_avg:0.02ms
step:1/20000 train_loss:9.0113 train_time:724ms step_avg:723.78ms
step:2/20000 train_loss:12.3678 train_time:1386ms step_avg:692.77ms
step:3/20000 train_loss:11.1423 train_time:2151ms step_avg:716.93ms
step:4/20000 train_loss:9.5888 train_time:2912ms step_avg:727.94ms
step:5/20000 train_loss:8.4160 train_time:3669ms step_avg:733.85ms
step:6/20000 train_loss:7.7093 train_time:4426ms step_avg:737.70ms
step:7/20000 train_loss:7.3191 train_time:5184ms step_avg:740.50ms
step:8/20000 train_loss:7.1228 train_time:5945ms step_avg:743.13ms
step:9/20000 train_loss:6.9543 train_time:6702ms step_avg:744.71ms
step:10/20000 train_loss:6.8918 train_time:7457ms step_avg:745.71ms
diffusion_startup:step:199 elapsed_ms:150290 frac:0.25
diffusion_cutoff:step:466 elapsed_ms:360702 frac:0.60
step:500/20000 train_loss:3.2955 train_time:386090ms step_avg:772.18ms
swa:start step:700
late_qat:enabled step:706 scale:0.1494
step:787/20000 val_loss:3.10780836 val_bpb:1.20334038 train_time:600816ms step_avg:763.43ms
stopping_early: wallclock_cap train_time:600816ms step:787/20000
peak memory allocated: 49904 MiB reserved: 49978 MiB
DIAGNOSTIC post_train val_loss:3.1078 val_bpb:1.2033 eval_time:12370ms
export_excluding_training_only_params:262144
Serialized model: 135398000 bytes
Code size: 98716 bytes
skip_quant:enabled — skipping post-training quantization pipeline
