nohup: ignoring input
logs/exp013_v9b_seed1337_prob008.txt
val_bpb:enabled tokenizer_kind=sentencepiece tokenizer_path=./data/tokenizers/fineweb_8192_bpe.model
train_loader:dataset:fineweb10B_sp8192 train_shards:80
val_loader:shards pattern=./data/datasets/fineweb10B_sp8192/fineweb_val_*.bin tokens:40546304
model_params:36204632
diffusion_aux:prob:0.08 weight:0.5000 start_frac:0.25 stop_frac:0.60 subsample:1.00 objective:latent_mse params:263168
XSA:last_11 active_layers:[0, 1, 2, 3, 4, 5, 6, 7, 8, 9, 10]
world_size:1 grad_accum_steps:8
sdp_backends:cudnn=False flash=True mem_efficient=False math=False
attention_mode:gqa num_heads:8 num_kv_heads:4
tie_embeddings:True embed_lr:0.03 head_lr:0.008 matrix_lr:0.02 scalar_lr:0.02
quant_stack:compressor=brotli matrix_bits=6 embed_bits=8 matrix_clip_sigmas=12.85 embed_clip_sigmas=20.0 muon_row_normalize=True
train_batch_tokens:786432 train_seq_len:2048 iterations:20000 warmup_steps:20 max_wallclock_seconds:600.000
seed:1337
gptq:reserve_skipped skip_quant:enabled effective_wallclock_ms:600000
screen_mode:warmup_steps 20->2
warmup_step:1/2
warmup_step:2/2
step:0/20000 val_loss:9.00738945 val_bpb:3.48765246 train_time:0ms step_avg:0.01ms
step:1/20000 train_loss:9.0076 train_time:724ms step_avg:724.45ms
step:2/20000 train_loss:12.3520 train_time:1389ms step_avg:694.40ms
step:3/20000 train_loss:11.1501 train_time:2136ms step_avg:712.11ms
step:4/20000 train_loss:9.5913 train_time:2880ms step_avg:720.06ms
step:5/20000 train_loss:8.4344 train_time:3625ms step_avg:725.08ms
step:6/20000 train_loss:7.7047 train_time:4373ms step_avg:728.81ms
step:7/20000 train_loss:7.2990 train_time:5123ms step_avg:731.89ms
step:8/20000 train_loss:7.0711 train_time:5874ms step_avg:734.29ms
step:9/20000 train_loss:6.9271 train_time:6627ms step_avg:736.33ms
step:10/20000 train_loss:6.8974 train_time:7376ms step_avg:737.65ms
diffusion_startup:step:200 elapsed_ms:150042 frac:0.25
diffusion_cutoff:step:458 elapsed_ms:360670 frac:0.60
step:500/20000 train_loss:3.2264 train_time:391985ms step_avg:783.97ms
late_qat:enabled step:698 scale:0.1498
swa:start step:700
step:779/20000 val_loss:3.10093725 val_bpb:1.20067990 train_time:600819ms step_avg:771.27ms
stopping_early: wallclock_cap train_time:600819ms step:779/20000
peak memory allocated: 49904 MiB reserved: 49978 MiB
DIAGNOSTIC post_train val_loss:3.1009 val_bpb:1.2007 eval_time:12440ms
export_excluding_training_only_params:262144
Serialized model: 135398000 bytes
Code size: 101437 bytes
skip_quant:enabled — skipping post-training quantization pipeline
