[v11e-retry] launching SEED=42 MATRIX_LR=0.045 AUX=0.03 startfrac=0.25 stopfrac=0.60 at 2026-04-16T19:04:28Z
logs/db8029aa-931d-4cae-927a-698d945c3025.txt
val_bpb:enabled tokenizer_kind=sentencepiece tokenizer_path=./data/tokenizers/fineweb_8192_bpe.model
train_loader:dataset:fineweb10B_sp8192 train_shards:80
val_loader:shards pattern=./data/datasets/fineweb10B_sp8192/fineweb_val_*.bin tokens:40546304
model_params:36204632
diffusion_aux:prob:0.03 weight:0.5000 start_frac:0.25 stop_frac:0.60 subsample:1.00 objective:latent_mse params:263168
XSA:last_11 active_layers:[0, 1, 2, 3, 4, 5, 6, 7, 8, 9, 10]
world_size:1 grad_accum_steps:8
sdp_backends:cudnn=False flash=True mem_efficient=False math=False
attention_mode:gqa num_heads:8 num_kv_heads:4
tie_embeddings:True embed_lr:0.03 head_lr:0.008 matrix_lr:0.045 scalar_lr:0.02
quant_stack:compressor=brotli matrix_bits=6 embed_bits=8 matrix_clip_sigmas=12.85 embed_clip_sigmas=20.0 muon_row_normalize=True
train_batch_tokens:786432 train_seq_len:2048 iterations:20000 warmup_steps:20 max_wallclock_seconds:600.000
seed:42
gptq:reserve_skipped skip_quant:enabled effective_wallclock_ms:600000
screen_mode:warmup_steps 20->2
warmup_step:1/2
warmup_step:2/2
step:0/20000 val_loss:9.00972014 val_bpb:3.48855490 train_time:0ms step_avg:0.01ms
step:1/20000 train_loss:9.0098 train_time:728ms step_avg:728.10ms
step:2/20000 train_loss:12.2253 train_time:1396ms step_avg:697.76ms
step:3/20000 train_loss:10.8103 train_time:2335ms step_avg:778.22ms
step:4/20000 train_loss:9.1264 train_time:3208ms step_avg:802.05ms
step:5/20000 train_loss:7.9748 train_time:4097ms step_avg:819.42ms
step:6/20000 train_loss:7.5497 train_time:4966ms step_avg:827.62ms
step:7/20000 train_loss:7.2886 train_time:5833ms step_avg:833.25ms
step:8/20000 train_loss:7.0613 train_time:6712ms step_avg:839.06ms
step:9/20000 train_loss:6.9343 train_time:7601ms step_avg:844.57ms
step:10/20000 train_loss:6.7959 train_time:8453ms step_avg:845.34ms
diffusion_startup:step:185 elapsed_ms:150697 frac:0.25
diffusion_cutoff:step:446 elapsed_ms:360094 frac:0.60
step:500/20000 train_loss:3.2609 train_time:401648ms step_avg:803.30ms
late_qat:enabled step:681 scale:0.1487
swa:start step:700
step:760/20000 val_loss:3.07862546 val_bpb:1.19204079 train_time:600790ms step_avg:790.51ms
stopping_early: wallclock_cap train_time:600790ms step:760/20000
peak memory allocated: 49904 MiB reserved: 49978 MiB
DIAGNOSTIC post_train val_loss:3.0786 val_bpb:1.1920 eval_time:12513ms
export_excluding_training_only_params:262144
Serialized model: 135398000 bytes
Code size: 101437 bytes
skip_quant:enabled — skipping post-training quantization pipeline
[v11e-retry] done at 2026-04-16T19:16:23Z
