logs/exp013_01_screen_sw2.txt
val_bpb:enabled tokenizer_kind=sentencepiece tokenizer_path=./data/tokenizers/fineweb_8192_bpe.model
train_loader:dataset:fineweb10B_sp8192 train_shards:80
val_loader:shards pattern=./data/datasets/fineweb10B_sp8192/fineweb_val_*.bin tokens:40546304
model_params:36204632
diffusion_aux:prob:0.05 weight:0.5000 stop_frac:0.60 subsample:1.00 objective:latent_mse params:263168
XSA:last_11 active_layers:[0, 1, 2, 3, 4, 5, 6, 7, 8, 9, 10]
world_size:1 grad_accum_steps:8
sdp_backends:cudnn=False flash=True mem_efficient=False math=False
attention_mode:gqa num_heads:8 num_kv_heads:4
tie_embeddings:True embed_lr:0.03 head_lr:0.008 matrix_lr:0.02 scalar_lr:0.02
quant_stack:compressor=brotli matrix_bits=6 embed_bits=8 matrix_clip_sigmas=12.85 embed_clip_sigmas=20.0 muon_row_normalize=True
train_batch_tokens:786432 train_seq_len:2048 iterations:20000 warmup_steps:20 max_wallclock_seconds:600.000
seed:1337
gptq:reserve_skipped skip_quant:enabled effective_wallclock_ms:600000
screen_mode:warmup_steps 20->2
warmup_step:1/2
warmup_step:2/2
step:0/20000 val_loss:9.00738945 val_bpb:3.48765246 train_time:0ms step_avg:0.02ms
step:1/20000 train_loss:9.0076 train_time:729ms step_avg:728.67ms
step:2/20000 train_loss:12.3520 train_time:1392ms step_avg:695.87ms
step:3/20000 train_loss:11.1501 train_time:2258ms step_avg:752.67ms
step:4/20000 train_loss:9.5913 train_time:3097ms step_avg:774.15ms
step:5/20000 train_loss:8.4346 train_time:4082ms step_avg:816.45ms
step:6/20000 train_loss:7.7047 train_time:4922ms step_avg:820.25ms
step:7/20000 train_loss:7.2989 train_time:5765ms step_avg:823.60ms
step:8/20000 train_loss:7.0711 train_time:6584ms step_avg:823.00ms
step:9/20000 train_loss:6.9277 train_time:7416ms step_avg:824.05ms
step:10/20000 train_loss:6.8981 train_time:8233ms step_avg:823.28ms
diffusion_cutoff:step:439 elapsed_ms:360727 frac:0.60
step:500/20000 train_loss:3.2223 train_time:407027ms step_avg:814.05ms
late_qat:enabled step:676 scale:0.1496
swa:start step:700
step:756/20000 val_loss:3.10859290 val_bpb:1.20364416 train_time:600541ms step_avg:794.37ms
stopping_early: wallclock_cap train_time:600541ms step:756/20000
peak memory allocated: 49904 MiB reserved: 49978 MiB
DIAGNOSTIC post_train val_loss:3.1086 val_bpb:1.2036 eval_time:12386ms
export_excluding_training_only_params:262144
Serialized model: 135398000 bytes
Code size: 97900 bytes
skip_quant:enabled — skipping post-training quantization pipeline
