logs/exp013_v10b_matrixlr025_seed2026.txt
val_bpb:enabled tokenizer_kind=sentencepiece tokenizer_path=./data/tokenizers/fineweb_8192_bpe.model
train_loader:dataset:fineweb10B_sp8192 train_shards:80
val_loader:shards pattern=./data/datasets/fineweb10B_sp8192/fineweb_val_*.bin tokens:40546304
model_params:36204632
diffusion_aux:prob:0.03 weight:0.5000 start_frac:0.25 stop_frac:0.60 subsample:1.00 objective:latent_mse params:263168
XSA:last_11 active_layers:[0, 1, 2, 3, 4, 5, 6, 7, 8, 9, 10]
world_size:1 grad_accum_steps:8
sdp_backends:cudnn=False flash=True mem_efficient=False math=False
attention_mode:gqa num_heads:8 num_kv_heads:4
tie_embeddings:True embed_lr:0.03 head_lr:0.008 matrix_lr:0.025 scalar_lr:0.02
quant_stack:compressor=brotli matrix_bits=6 embed_bits=8 matrix_clip_sigmas=12.85 embed_clip_sigmas=20.0 muon_row_normalize=True
train_batch_tokens:786432 train_seq_len:2048 iterations:20000 warmup_steps:20 max_wallclock_seconds:600.000
seed:2026
gptq:reserve_skipped skip_quant:enabled effective_wallclock_ms:600000
screen_mode:warmup_steps 20->2
warmup_step:1/2
warmup_step:2/2
step:0/20000 val_loss:9.01025414 val_bpb:3.48876166 train_time:0ms step_avg:0.02ms
step:1/20000 train_loss:9.0113 train_time:732ms step_avg:732.21ms
step:2/20000 train_loss:12.3532 train_time:1398ms step_avg:699.10ms
step:3/20000 train_loss:11.0975 train_time:2149ms step_avg:716.46ms
step:4/20000 train_loss:9.5252 train_time:2900ms step_avg:724.93ms
step:5/20000 train_loss:8.3469 train_time:3646ms step_avg:729.25ms
step:6/20000 train_loss:7.6598 train_time:4463ms step_avg:743.81ms
step:7/20000 train_loss:7.2960 train_time:5232ms step_avg:747.41ms
step:8/20000 train_loss:7.1227 train_time:5996ms step_avg:749.47ms
step:9/20000 train_loss:6.9570 train_time:6761ms step_avg:751.25ms
step:10/20000 train_loss:6.8731 train_time:7521ms step_avg:752.06ms
diffusion_startup:step:200 elapsed_ms:150494 frac:0.25
diffusion_cutoff:step:472 elapsed_ms:360399 frac:0.60
step:500/20000 train_loss:3.2860 train_time:381288ms step_avg:762.58ms
swa:start step:700
late_qat:enabled step:712 scale:0.1499
step:793/20000 val_loss:3.09030018 val_bpb:1.19656123 train_time:600675ms step_avg:757.47ms
stopping_early: wallclock_cap train_time:600675ms step:793/20000
peak memory allocated: 49904 MiB reserved: 49978 MiB
DIAGNOSTIC post_train val_loss:3.0903 val_bpb:1.1966 eval_time:12421ms
export_excluding_training_only_params:262144
Serialized model: 135398000 bytes
Code size: 101437 bytes
skip_quant:enabled — skipping post-training quantization pipeline
