[v11c3] launching SEED=1337 MATRIX_LR=0.045 AUX=0.03 startfrac=0.25 stopfrac=0.60 at 2026-04-16T17:50:19Z
logs/exp013_v11c3_matrixlr045.txt
val_bpb:enabled tokenizer_kind=sentencepiece tokenizer_path=./data/tokenizers/fineweb_8192_bpe.model
train_loader:dataset:fineweb10B_sp8192 train_shards:80
val_loader:shards pattern=./data/datasets/fineweb10B_sp8192/fineweb_val_*.bin tokens:40546304
model_params:36204632
diffusion_aux:prob:0.03 weight:0.5000 start_frac:0.25 stop_frac:0.60 subsample:1.00 objective:latent_mse params:263168
XSA:last_11 active_layers:[0, 1, 2, 3, 4, 5, 6, 7, 8, 9, 10]
world_size:1 grad_accum_steps:8
sdp_backends:cudnn=False flash=True mem_efficient=False math=False
attention_mode:gqa num_heads:8 num_kv_heads:4
tie_embeddings:True embed_lr:0.03 head_lr:0.008 matrix_lr:0.045 scalar_lr:0.02
quant_stack:compressor=brotli matrix_bits=6 embed_bits=8 matrix_clip_sigmas=12.85 embed_clip_sigmas=20.0 muon_row_normalize=True
train_batch_tokens:786432 train_seq_len:2048 iterations:20000 warmup_steps:20 max_wallclock_seconds:600.000
seed:1337
gptq:reserve_skipped skip_quant:enabled effective_wallclock_ms:600000
screen_mode:warmup_steps 20->2
warmup_step:1/2
warmup_step:2/2
step:0/20000 val_loss:9.00738945 val_bpb:3.48765246 train_time:0ms step_avg:0.02ms
step:1/20000 train_loss:9.0076 train_time:726ms step_avg:725.86ms
step:2/20000 train_loss:12.2793 train_time:1390ms step_avg:695.03ms
step:3/20000 train_loss:10.8614 train_time:2146ms step_avg:715.43ms
step:4/20000 train_loss:9.1776 train_time:2896ms step_avg:723.98ms
step:5/20000 train_loss:8.0252 train_time:3641ms step_avg:728.16ms
step:6/20000 train_loss:7.5590 train_time:4389ms step_avg:731.58ms
step:7/20000 train_loss:7.2756 train_time:5145ms step_avg:735.00ms
step:8/20000 train_loss:7.0764 train_time:5900ms step_avg:737.56ms
step:9/20000 train_loss:6.9343 train_time:6657ms step_avg:739.68ms
step:10/20000 train_loss:6.8346 train_time:7410ms step_avg:740.98ms
diffusion_startup:step:200 elapsed_ms:150339 frac:0.25
diffusion_cutoff:step:472 elapsed_ms:360538 frac:0.60
step:500/20000 train_loss:3.2337 train_time:381494ms step_avg:762.99ms
swa:start step:700
late_qat:enabled step:711 scale:0.1498
step:791/20000 val_loss:3.07301125 val_bpb:1.18986697 train_time:600095ms step_avg:758.65ms
stopping_early: wallclock_cap train_time:600095ms step:791/20000
peak memory allocated: 49904 MiB reserved: 49978 MiB
DIAGNOSTIC post_train val_loss:3.0730 val_bpb:1.1899 eval_time:12489ms
export_excluding_training_only_params:262144
Serialized model: 135398000 bytes
Code size: 101437 bytes
skip_quant:enabled — skipping post-training quantization pipeline
[v11c3] done at 2026-04-16T18:02:10Z
