[v11c2] launching SEED=1337 MATRIX_LR=0.040 AUX=0.03 startfrac=0.25 stopfrac=0.60 at 2026-04-16T17:34:27Z
logs/exp013_v11c2_matrixlr040.txt
val_bpb:enabled tokenizer_kind=sentencepiece tokenizer_path=./data/tokenizers/fineweb_8192_bpe.model
train_loader:dataset:fineweb10B_sp8192 train_shards:80
val_loader:shards pattern=./data/datasets/fineweb10B_sp8192/fineweb_val_*.bin tokens:40546304
model_params:36204632
diffusion_aux:prob:0.03 weight:0.5000 start_frac:0.25 stop_frac:0.60 subsample:1.00 objective:latent_mse params:263168
XSA:last_11 active_layers:[0, 1, 2, 3, 4, 5, 6, 7, 8, 9, 10]
world_size:1 grad_accum_steps:8
sdp_backends:cudnn=False flash=True mem_efficient=False math=False
attention_mode:gqa num_heads:8 num_kv_heads:4
tie_embeddings:True embed_lr:0.03 head_lr:0.008 matrix_lr:0.04 scalar_lr:0.02
quant_stack:compressor=brotli matrix_bits=6 embed_bits=8 matrix_clip_sigmas=12.85 embed_clip_sigmas=20.0 muon_row_normalize=True
train_batch_tokens:786432 train_seq_len:2048 iterations:20000 warmup_steps:20 max_wallclock_seconds:600.000
seed:1337
gptq:reserve_skipped skip_quant:enabled effective_wallclock_ms:600000
screen_mode:warmup_steps 20->2
warmup_step:1/2
warmup_step:2/2
step:0/20000 val_loss:9.00738945 val_bpb:3.48765246 train_time:0ms step_avg:0.02ms
step:1/20000 train_loss:9.0076 train_time:726ms step_avg:725.82ms
step:2/20000 train_loss:12.2939 train_time:1391ms step_avg:695.70ms
step:3/20000 train_loss:10.9248 train_time:2143ms step_avg:714.18ms
step:4/20000 train_loss:9.2664 train_time:2896ms step_avg:724.07ms
step:5/20000 train_loss:8.1052 train_time:3651ms step_avg:730.21ms
step:6/20000 train_loss:7.5671 train_time:4404ms step_avg:734.08ms
step:7/20000 train_loss:7.2513 train_time:5165ms step_avg:737.83ms
step:8/20000 train_loss:7.0625 train_time:5925ms step_avg:740.66ms
step:9/20000 train_loss:6.8980 train_time:6682ms step_avg:742.41ms
step:10/20000 train_loss:6.8163 train_time:7442ms step_avg:744.22ms
diffusion_startup:step:199 elapsed_ms:150281 frac:0.25
diffusion_cutoff:step:471 elapsed_ms:360544 frac:0.60
step:500/20000 train_loss:3.2336 train_time:382257ms step_avg:764.51ms
swa:start step:700
late_qat:enabled step:710 scale:0.1499
step:791/20000 val_loss:3.07585103 val_bpb:1.19096653 train_time:600782ms step_avg:759.52ms
stopping_early: wallclock_cap train_time:600782ms step:791/20000
peak memory allocated: 49904 MiB reserved: 49978 MiB
DIAGNOSTIC post_train val_loss:3.0759 val_bpb:1.1910 eval_time:12452ms
export_excluding_training_only_params:262144
Serialized model: 135398000 bytes
Code size: 101437 bytes
skip_quant:enabled — skipping post-training quantization pipeline
[v11c2] done at 2026-04-16T17:46:13Z
