logs/exp013_v2.txt
val_bpb:enabled tokenizer_kind=sentencepiece tokenizer_path=./data/tokenizers/fineweb_8192_bpe.model
train_loader:dataset:fineweb10B_sp8192 train_shards:80
val_loader:shards pattern=./data/datasets/fineweb10B_sp8192/fineweb_val_*.bin tokens:40540160
model_params:36204632
diffusion_aux:prob:0.05 weight:0.5000 stop_frac:0.60 subsample:1.00 objective:latent_mse params:263168
XSA:last_11 active_layers:[0, 1, 2, 3, 4, 5, 6, 7, 8, 9, 10]
world_size:1 grad_accum_steps:8
sdp_backends:cudnn=False flash=True mem_efficient=False math=False
attention_mode:gqa num_heads:8 num_kv_heads:4
tie_embeddings:True embed_lr:0.03 head_lr:0.008 matrix_lr:0.02 scalar_lr:0.02
quant_stack:compressor=brotli matrix_bits=6 embed_bits=8 matrix_clip_sigmas=12.85 embed_clip_sigmas=20.0 muon_row_normalize=True
train_batch_tokens:786432 train_seq_len:2048 iterations:20000 warmup_steps:20 max_wallclock_seconds:600.000
seed:1337
gptq:reserving 12s for quant/export effective_wallclock_ms:588000
warmup_step:1/20
warmup_step:2/20
warmup_step:3/20
warmup_step:4/20
warmup_step:5/20
warmup_step:6/20
warmup_step:7/20
warmup_step:8/20
warmup_step:9/20
warmup_step:10/20
warmup_step:11/20
warmup_step:12/20
warmup_step:13/20
warmup_step:14/20
warmup_step:15/20
warmup_step:16/20
warmup_step:17/20
warmup_step:18/20
warmup_step:19/20
warmup_step:20/20
step:0/20000 val_loss:9.00796645 val_bpb:3.48726453 train_time:0ms step_avg:0.03ms
step:1/20000 train_loss:9.0092 train_time:731ms step_avg:731.28ms
step:2/20000 train_loss:12.3041 train_time:1396ms step_avg:698.05ms
step:3/20000 train_loss:11.1538 train_time:2246ms step_avg:748.69ms
step:4/20000 train_loss:9.6884 train_time:3097ms step_avg:774.21ms
step:5/20000 train_loss:8.4805 train_time:3846ms step_avg:769.14ms
step:6/20000 train_loss:7.7079 train_time:4699ms step_avg:783.15ms
step:7/20000 train_loss:7.3139 train_time:5451ms step_avg:778.76ms
step:8/20000 train_loss:7.0624 train_time:6206ms step_avg:775.80ms
step:9/20000 train_loss:7.0137 train_time:7058ms step_avg:784.25ms
step:10/20000 train_loss:6.8625 train_time:7816ms step_avg:781.59ms
diffusion_cutoff:step:443 elapsed_ms:352855 frac:0.60
step:500/20000 train_loss:3.2587 train_time:395735ms step_avg:791.47ms
late_qat:enabled step:678 scale:0.1483
swa:start step:700
step:756/20000 val_loss:3.10853401 val_bpb:1.20341039 train_time:588793ms step_avg:778.83ms
stopping_early: wallclock_cap train_time:588793ms step:756/20000
peak memory allocated: 49963 MiB reserved: 50074 MiB
DIAGNOSTIC post_train val_loss:3.1085 val_bpb:1.2034 eval_time:12495ms
export_excluding_training_only_params:262144
Serialized model: 135398000 bytes
Code size: 99409 bytes
gptq:building non-banked model for Hessian collection...
gptq:generating 64 AR calibration sequences (len=512, temp=0.8)...
gptq:generated 64 sequences in 47.4s
gptq:collecting hessians from AR self-gen calibration data...
gptq:collected hessians for 66 layers
selective_prune: 9619608 ±1 candidates, unpruned=17.27MB target=15.999MB
selective_prune: full ±1 prune=14.20MB
W0415 08:47:08.349000 64931 torch/distributed/elastic/agent/server/api.py:725] Received 15 death signal, shutting down workers
W0415 08:47:08.354000 64931 torch/distributed/elastic/multiprocessing/api.py:908] Sending process 64999 closing signal SIGTERM
Traceback (most recent call last):
  File "/usr/local/bin/torchrun", line 7, in <module>
    sys.exit(main())
             ^^^^^^
  File "/usr/local/lib/python3.12/dist-packages/torch/distributed/elastic/multiprocessing/errors/__init__.py", line 357, in wrapper
    return f(*args, **kwargs)
           ^^^^^^^^^^^^^^^^^^
  File "/usr/local/lib/python3.12/dist-packages/torch/distributed/run.py", line 936, in main
    run(args)
  File "/usr/local/lib/python3.12/dist-packages/torch/distributed/run.py", line 927, in run
    elastic_launch(
  File "/usr/local/lib/python3.12/dist-packages/torch/distributed/launcher/api.py", line 156, in __call__
    return launch_agent(self._config, self._entrypoint, list(args))
           ^^^^^^^^^^^^^^^^^^^^^^^^^^^^^^^^^^^^^^^^^^^^^^^^^^^^^^^^
  File "/usr/local/lib/python3.12/dist-packages/torch/distributed/launcher/api.py", line 284, in launch_agent
    result = agent.run()
             ^^^^^^^^^^^
  File "/usr/local/lib/python3.12/dist-packages/torch/distributed/elastic/metrics/api.py", line 138, in wrapper
    result = f(*args, **kwargs)
             ^^^^^^^^^^^^^^^^^^
  File "/usr/local/lib/python3.12/dist-packages/torch/distributed/elastic/agent/server/api.py", line 717, in run
    result = self._invoke_run(role)
             ^^^^^^^^^^^^^^^^^^^^^^
  File "/usr/local/lib/python3.12/dist-packages/torch/distributed/elastic/agent/server/api.py", line 881, in _invoke_run
    time.sleep(monitor_interval)
  File "/usr/local/lib/python3.12/dist-packages/torch/distributed/elastic/multiprocessing/api.py", line 85, in _terminate_process_handler
    raise SignalException(f"Process {os.getpid()} got signal: {sigval}", sigval=sigval)
torch.distributed.elastic.multiprocessing.api.SignalException: Process 64931 got signal: 15
