W0417 12:44:29.126000 65738 torch/distributed/run.py:803]
W0417 12:44:29.126000 65738 torch/distributed/run.py:803] *****************************************
W0417 12:44:29.126000 65738 torch/distributed/run.py:803] Setting OMP_NUM_THREADS environment variable for each process to be 1 in default, to avoid your system being overloaded, please further tune the variable for optimal performance in your application as needed.
W0417 12:44:29.126000 65738 torch/distributed/run.py:803] *****************************************
logs/1d1bd8a2-fb93-4708-a8fb-566484e01d24.txt
val_bpb:enabled tokenizer_kind=sentencepiece tokenizer_path=./data/tokenizers/fineweb_8192_bpe.model
train_loader:dataset:fineweb10B_sp8192 train_shards:80
val_loader:shards pattern=./data/datasets/fineweb10B_sp8192/fineweb_val_*.bin tokens:40540160
model_params:36204632
diffusion_aux:prob:0.03 weight:0.5000 start_frac:0.25 stop_frac:0.60 subsample:1.00 objective:latent_mse params:263168
XSA:last_11 active_layers:[0, 1, 2, 3, 4, 5, 6, 7, 8, 9, 10]
world_size:8 grad_accum_steps:1
sdp_backends:cudnn=False flash=True mem_efficient=False math=False
attention_mode:gqa num_heads:8 num_kv_heads:4
tie_embeddings:True embed_lr:0.03 head_lr:0.008 matrix_lr:0.02 scalar_lr:0.02
quant_stack:compressor=brotli matrix_bits=6 embed_bits=8 matrix_clip_sigmas=12.85 embed_clip_sigmas=20.0 muon_row_normalize=True
train_batch_tokens:786432 train_seq_len:2048 iterations:20000 warmup_steps:20 max_wallclock_seconds:600.000
seed:1337
gptq:reserve_skipped skip_quant:enabled effective_wallclock_ms:600000
screen_mode:warmup_steps 20->2
warmup_step:1/2
warmup_step:2/2
step:0/20000 val_loss:9.00796645 val_bpb:3.48726453 train_time:0ms step_avg:0.02ms
step:1/20000 train_loss:9.0082 train_time:126ms step_avg:125.95ms
step:2/20000 train_loss:12.3254 train_time:157ms step_avg:78.38ms
step:3/20000 train_loss:11.0243 train_time:258ms step_avg:85.93ms
step:4/20000 train_loss:9.3968 train_time:362ms step_avg:90.57ms
step:5/20000 train_loss:8.3052 train_time:465ms step_avg:92.90ms
step:6/20000 train_loss:7.7029 train_time:571ms step_avg:95.14ms
step:7/20000 train_loss:7.2504 train_time:670ms step_avg:95.70ms
step:8/20000 train_loss:7.0815 train_time:775ms step_avg:96.86ms
step:9/20000 train_loss:6.9863 train_time:879ms step_avg:97.69ms
step:10/20000 train_loss:6.9459 train_time:981ms step_avg:98.07ms
step:500/20000 train_loss:3.3356 train_time:49699ms step_avg:99.40ms
step:1000/20000 train_loss:3.2042 train_time:99330ms step_avg:99.33ms
step:1500/20000 train_loss:3.1899 train_time:149028ms step_avg:99.35ms
diffusion_startup:step:1509 elapsed_ms:150003 frac:0.25
step:2000/20000 train_loss:3.1490 train_time:218447ms step_avg:109.22ms
step:2500/20000 train_loss:3.1113 train_time:269297ms step_avg:107.72ms
step:3000/20000 train_loss:3.0430 train_time:320796ms step_avg:106.93ms
diffusion_cutoff:step:3382 elapsed_ms:360001 frac:0.60
step:3500/20000 train_loss:2.9861 train_time:371699ms step_avg:106.20ms
step:4000/20000 train_loss:3.0416 train_time:421699ms step_avg:105.42ms
step:4000/20000 val_loss:2.97657185 val_bpb:1.15232372 train_time:421775ms step_avg:105.44ms
step:4500/20000 train_loss:2.9631 train_time:471687ms step_avg:104.82ms
swa:start step:5000
step:5000/20000 train_loss:2.9452 train_time:521685ms step_avg:104.34ms
late_qat:enabled step:5177 scale:0.1500
step:5500/20000 train_loss:2.8584 train_time:572827ms step_avg:104.15ms
step:5766/20000 val_loss:2.83276542 val_bpb:1.09665177 train_time:600080ms step_avg:104.07ms
stopping_early: wallclock_cap train_time:600080ms step:5766/20000
peak memory allocated: 49712 MiB reserved: 49884 MiB
DIAGNOSTIC post_train val_loss:2.8328 val_bpb:1.0967 eval_time:1574ms
export_excluding_training_only_params:262144
Serialized model: 135398000 bytes
Code size: 101739 bytes
skip_quant:enabled — skipping post-training quantization pipeline
