W0417 13:32:32.225000 68791 torch/distributed/run.py:803] 
W0417 13:32:32.225000 68791 torch/distributed/run.py:803] *****************************************
W0417 13:32:32.225000 68791 torch/distributed/run.py:803] Setting OMP_NUM_THREADS environment variable for each process to be 1 in default, to avoid your system being overloaded, please further tune the variable for optimal performance in your application as needed. 
W0417 13:32:32.225000 68791 torch/distributed/run.py:803] *****************************************
logs/2def5cff-291e-4893-9e18-fe22bf64fa3c.txt
val_bpb:enabled tokenizer_kind=sentencepiece tokenizer_path=./data/tokenizers/fineweb_8192_bpe.model
train_loader:dataset:fineweb10B_sp8192 train_shards:80
val_loader:shards pattern=./data/datasets/fineweb10B_sp8192/fineweb_val_*.bin tokens:40540160
model_params:36204632
diffusion_aux:prob:0.03 weight:0.5000 start_frac:0.25 stop_frac:0.60 subsample:1.00 objective:latent_mse params:263168
XSA:last_11 active_layers:[0, 1, 2, 3, 4, 5, 6, 7, 8, 9, 10]
world_size:8 grad_accum_steps:1
sdp_backends:cudnn=False flash=True mem_efficient=False math=False
attention_mode:gqa num_heads:8 num_kv_heads:4
tie_embeddings:True embed_lr:0.03 head_lr:0.008 matrix_lr:0.02 scalar_lr:0.02
quant_stack:compressor=brotli matrix_bits=6 embed_bits=8 matrix_clip_sigmas=12.85 embed_clip_sigmas=20.0 muon_row_normalize=True
train_batch_tokens:786432 train_seq_len:2048 iterations:20000 warmup_steps:20 max_wallclock_seconds:600.000
seed:1337
gptq:reserve_skipped skip_quant:enabled effective_wallclock_ms:600000
screen_mode:warmup_steps 20->2
warmup_step:1/2
warmup_step:2/2
step:0/20000 val_loss:9.00796645 val_bpb:3.48726453 train_time:0ms step_avg:0.01ms
step:1/20000 train_loss:9.0082 train_time:152ms step_avg:151.64ms
step:2/20000 train_loss:12.3254 train_time:192ms step_avg:96.09ms
step:3/20000 train_loss:11.0269 train_time:297ms step_avg:98.94ms
step:4/20000 train_loss:9.3986 train_time:400ms step_avg:99.92ms
step:5/20000 train_loss:8.3055 train_time:503ms step_avg:100.66ms
step:6/20000 train_loss:7.7026 train_time:604ms step_avg:100.66ms
step:7/20000 train_loss:7.2497 train_time:705ms step_avg:100.71ms
step:8/20000 train_loss:7.0812 train_time:808ms step_avg:100.95ms
step:9/20000 train_loss:6.9855 train_time:909ms step_avg:100.95ms
step:10/20000 train_loss:6.9451 train_time:1012ms step_avg:101.23ms
step:500/20000 train_loss:3.3212 train_time:49841ms step_avg:99.68ms
step:1000/20000 train_loss:3.1968 train_time:99480ms step_avg:99.48ms
step:1500/20000 train_loss:3.1768 train_time:149187ms step_avg:99.46ms
diffusion_startup:step:1508 elapsed_ms:150054 frac:0.25
step:2000/20000 train_loss:3.1432 train_time:218482ms step_avg:109.24ms
step:2500/20000 train_loss:3.1074 train_time:269303ms step_avg:107.72ms
step:3000/20000 train_loss:3.0404 train_time:320759ms step_avg:106.92ms
diffusion_cutoff:step:3383 elapsed_ms:360075 frac:0.60
step:3500/20000 train_loss:2.9781 train_time:371670ms step_avg:106.19ms
step:4000/20000 train_loss:3.0365 train_time:421471ms step_avg:105.37ms
step:4000/20000 val_loss:2.96850153 val_bpb:1.14919945 train_time:421548ms step_avg:105.39ms
step:4500/20000 train_loss:2.9558 train_time:471237ms step_avg:104.72ms
swa:start step:5000
step:5000/20000 train_loss:2.9462 train_time:520959ms step_avg:104.19ms
late_qat:enabled step:5382 scale:0.0999
step:5500/20000 train_loss:2.8550 train_time:571960ms step_avg:103.99ms
step:5775/20000 val_loss:2.83282324 val_bpb:1.09667416 train_time:600151ms step_avg:103.92ms
stopping_early: wallclock_cap train_time:600151ms step:5775/20000
peak memory allocated: 49712 MiB reserved: 49884 MiB
DIAGNOSTIC post_train val_loss:2.8328 val_bpb:1.0967 eval_time:1578ms
export_excluding_training_only_params:262144
Serialized model: 135398000 bytes
Code size: 101739 bytes
skip_quant:enabled — skipping post-training quantization pipeline
