[v12a] launching SEED=1337 MATRIX_LR=0.045 TIED_EMBED_LR=0.045 AUX=0.03 startfrac=0.25 stopfrac=0.60 at 2026-04-16T19:28:09Z
logs/71b977d7-2831-466d-b791-deb812733150.txt
val_bpb:enabled tokenizer_kind=sentencepiece tokenizer_path=./data/tokenizers/fineweb_8192_bpe.model
train_loader:dataset:fineweb10B_sp8192 train_shards:80
val_loader:shards pattern=./data/datasets/fineweb10B_sp8192/fineweb_val_*.bin tokens:40546304
model_params:36204632
diffusion_aux:prob:0.03 weight:0.5000 start_frac:0.25 stop_frac:0.60 subsample:1.00 objective:latent_mse params:263168
XSA:last_11 active_layers:[0, 1, 2, 3, 4, 5, 6, 7, 8, 9, 10]
world_size:1 grad_accum_steps:8
sdp_backends:cudnn=False flash=True mem_efficient=False math=False
attention_mode:gqa num_heads:8 num_kv_heads:4
tie_embeddings:True embed_lr:0.045 head_lr:0.008 matrix_lr:0.045 scalar_lr:0.02
quant_stack:compressor=brotli matrix_bits=6 embed_bits=8 matrix_clip_sigmas=12.85 embed_clip_sigmas=20.0 muon_row_normalize=True
train_batch_tokens:786432 train_seq_len:2048 iterations:20000 warmup_steps:20 max_wallclock_seconds:600.000
seed:1337
gptq:reserve_skipped skip_quant:enabled effective_wallclock_ms:600000
screen_mode:warmup_steps 20->2
warmup_step:1/2
warmup_step:2/2
step:0/20000 val_loss:9.00738945 val_bpb:3.48765246 train_time:0ms step_avg:0.01ms
step:1/20000 train_loss:9.0076 train_time:723ms step_avg:723.25ms
step:2/20000 train_loss:16.6063 train_time:1388ms step_avg:694.21ms
step:3/20000 train_loss:14.0933 train_time:2146ms step_avg:715.25ms
step:4/20000 train_loss:11.2790 train_time:2906ms step_avg:726.50ms
step:5/20000 train_loss:9.1034 train_time:3663ms step_avg:732.61ms
step:6/20000 train_loss:7.8670 train_time:4426ms step_avg:737.70ms
step:7/20000 train_loss:7.2892 train_time:5188ms step_avg:741.16ms
step:8/20000 train_loss:6.9736 train_time:5950ms step_avg:743.74ms
step:9/20000 train_loss:6.8447 train_time:6711ms step_avg:745.62ms
step:10/20000 train_loss:6.8258 train_time:7471ms step_avg:747.15ms
diffusion_startup:step:198 elapsed_ms:150268 frac:0.25
diffusion_cutoff:step:469 elapsed_ms:360095 frac:0.60
step:500/20000 train_loss:3.2528 train_time:383364ms step_avg:766.73ms
swa:start step:700
late_qat:enabled step:709 scale:0.1493
step:789/20000 val_loss:3.08147585 val_bpb:1.19314446 train_time:600257ms step_avg:760.78ms
stopping_early: wallclock_cap train_time:600257ms step:789/20000
peak memory allocated: 49904 MiB reserved: 49978 MiB
DIAGNOSTIC post_train val_loss:3.0815 val_bpb:1.1931 eval_time:12432ms
export_excluding_training_only_params:262144
Serialized model: 135398000 bytes
Code size: 101437 bytes
skip_quant:enabled — skipping post-training quantization pipeline
[v12a] done at 2026-04-16T19:39:50Z
