[v13] launching SEED=1337 MATRIX_LR=0.045 HEAD_LR=0.016 AUX=0.03 startfrac=0.25 stopfrac=0.60 at 2026-04-16T19:53:32Z
logs/aa1de8b4-6641-44dd-bdc2-9e33ded70baf.txt
val_bpb:enabled tokenizer_kind=sentencepiece tokenizer_path=./data/tokenizers/fineweb_8192_bpe.model
train_loader:dataset:fineweb10B_sp8192 train_shards:80
val_loader:shards pattern=./data/datasets/fineweb10B_sp8192/fineweb_val_*.bin tokens:40546304
model_params:36204632
diffusion_aux:prob:0.03 weight:0.5000 start_frac:0.25 stop_frac:0.60 subsample:1.00 objective:latent_mse params:263168
XSA:last_11 active_layers:[0, 1, 2, 3, 4, 5, 6, 7, 8, 9, 10]
world_size:1 grad_accum_steps:8
sdp_backends:cudnn=False flash=True mem_efficient=False math=False
attention_mode:gqa num_heads:8 num_kv_heads:4
tie_embeddings:True embed_lr:0.03 head_lr:0.016 matrix_lr:0.045 scalar_lr:0.02
quant_stack:compressor=brotli matrix_bits=6 embed_bits=8 matrix_clip_sigmas=12.85 embed_clip_sigmas=20.0 muon_row_normalize=True
train_batch_tokens:786432 train_seq_len:2048 iterations:20000 warmup_steps:20 max_wallclock_seconds:600.000
seed:1337
gptq:reserve_skipped skip_quant:enabled effective_wallclock_ms:600000
screen_mode:warmup_steps 20->2
warmup_step:1/2
warmup_step:2/2
step:0/20000 val_loss:9.00738945 val_bpb:3.48765246 train_time:0ms step_avg:0.02ms
step:1/20000 train_loss:9.0076 train_time:724ms step_avg:724.44ms
step:2/20000 train_loss:12.2793 train_time:1387ms step_avg:693.31ms
step:3/20000 train_loss:10.8614 train_time:2132ms step_avg:710.56ms
step:4/20000 train_loss:9.1776 train_time:2875ms step_avg:718.81ms
step:5/20000 train_loss:8.0252 train_time:3621ms step_avg:724.13ms
step:6/20000 train_loss:7.5588 train_time:4367ms step_avg:727.90ms
step:7/20000 train_loss:7.2755 train_time:5115ms step_avg:730.71ms
step:8/20000 train_loss:7.0761 train_time:5867ms step_avg:733.38ms
step:9/20000 train_loss:6.9341 train_time:6619ms step_avg:735.43ms
step:10/20000 train_loss:6.8347 train_time:7375ms step_avg:737.46ms
diffusion_startup:step:201 elapsed_ms:150743 frac:0.25
diffusion_cutoff:step:474 elapsed_ms:360665 frac:0.60
step:500/20000 train_loss:3.2328 train_time:380037ms step_avg:760.07ms
swa:start step:700
late_qat:enabled step:714 scale:0.1499
step:795/20000 val_loss:3.07241196 val_bpb:1.18963493 train_time:600569ms step_avg:755.43ms
stopping_early: wallclock_cap train_time:600569ms step:795/20000
peak memory allocated: 49904 MiB reserved: 49978 MiB
DIAGNOSTIC post_train val_loss:3.0724 val_bpb:1.1896 eval_time:12446ms
export_excluding_training_only_params:262144
Serialized model: 135398000 bytes
Code size: 101437 bytes
skip_quant:enabled — skipping post-training quantization pipeline
[v13] done at 2026-04-16T20:05:15Z
