W0417 14:05:37.381000 72537 torch/distributed/run.py:803] 
W0417 14:05:37.381000 72537 torch/distributed/run.py:803] *****************************************
W0417 14:05:37.381000 72537 torch/distributed/run.py:803] Setting OMP_NUM_THREADS environment variable for each process to be 1 in default, to avoid your system being overloaded, please further tune the variable for optimal performance in your application as needed. 
W0417 14:05:37.381000 72537 torch/distributed/run.py:803] *****************************************
logs/f9f8e391-244d-4a53-9b8f-6e311a7fdc3b.txt
val_bpb:enabled tokenizer_kind=sentencepiece tokenizer_path=./data/tokenizers/fineweb_8192_bpe.model
train_loader:dataset:fineweb10B_sp8192 train_shards:80
val_loader:shards pattern=./data/datasets/fineweb10B_sp8192/fineweb_val_*.bin tokens:40540160
model_params:36204632
diffusion_aux:prob:0.03 weight:0.5000 start_frac:0.25 stop_frac:0.60 subsample:1.00 objective:latent_mse params:263168
XSA:last_11 active_layers:[0, 1, 2, 3, 4, 5, 6, 7, 8, 9, 10]
world_size:8 grad_accum_steps:1
sdp_backends:cudnn=False flash=True mem_efficient=False math=False
attention_mode:gqa num_heads:8 num_kv_heads:4
tie_embeddings:True embed_lr:0.03 head_lr:0.008 matrix_lr:0.02 scalar_lr:0.02
quant_stack:compressor=brotli matrix_bits=6 embed_bits=8 matrix_clip_sigmas=12.85 embed_clip_sigmas=20.0 muon_row_normalize=True
train_batch_tokens:786432 train_seq_len:2048 iterations:20000 warmup_steps:20 max_wallclock_seconds:600.000
seed:1337
gptq:reserve_skipped skip_quant:enabled effective_wallclock_ms:600000
screen_mode:warmup_steps 20->2
warmup_step:1/2
warmup_step:2/2
step:0/20000 val_loss:9.00796645 val_bpb:3.48726453 train_time:0ms step_avg:0.01ms
step:1/20000 train_loss:9.0082 train_time:126ms step_avg:126.18ms
step:2/20000 train_loss:12.3254 train_time:158ms step_avg:78.95ms
step:3/20000 train_loss:11.0267 train_time:257ms step_avg:85.76ms
step:4/20000 train_loss:9.3986 train_time:365ms step_avg:91.33ms
step:5/20000 train_loss:8.3055 train_time:469ms step_avg:93.84ms
step:6/20000 train_loss:7.7021 train_time:574ms step_avg:95.72ms
step:7/20000 train_loss:7.2492 train_time:675ms step_avg:96.43ms
step:8/20000 train_loss:7.0807 train_time:780ms step_avg:97.51ms
step:9/20000 train_loss:6.9858 train_time:880ms step_avg:97.74ms
step:10/20000 train_loss:6.9457 train_time:983ms step_avg:98.34ms
step:500/20000 train_loss:3.3141 train_time:49668ms step_avg:99.34ms
step:1000/20000 train_loss:3.1866 train_time:99371ms step_avg:99.37ms
step:1500/20000 train_loss:3.1731 train_time:149069ms step_avg:99.38ms
diffusion_startup:step:1509 elapsed_ms:150042 frac:0.25
step:2000/20000 train_loss:3.1354 train_time:218426ms step_avg:109.21ms
step:2500/20000 train_loss:3.0972 train_time:269303ms step_avg:107.72ms
step:3000/20000 train_loss:3.0236 train_time:320807ms step_avg:106.94ms
diffusion_cutoff:step:3383 elapsed_ms:360059 frac:0.60
step:3500/20000 train_loss:2.9663 train_time:371642ms step_avg:106.18ms
step:4000/20000 train_loss:3.0266 train_time:421426ms step_avg:105.36ms
step:4000/20000 val_loss:2.95819425 val_bpb:1.14520918 train_time:421509ms step_avg:105.38ms
step:4500/20000 train_loss:2.9471 train_time:471199ms step_avg:104.71ms
swa:start step:5000
step:5000/20000 train_loss:2.9369 train_time:520939ms step_avg:104.19ms
late_qat:enabled step:5185 scale:0.1500
step:5500/20000 train_loss:2.8477 train_time:571919ms step_avg:103.99ms
step:5776/20000 val_loss:2.83236318 val_bpb:1.09649605 train_time:600092ms step_avg:103.89ms
stopping_early: wallclock_cap train_time:600092ms step:5776/20000
peak memory allocated: 49712 MiB reserved: 49884 MiB
DIAGNOSTIC post_train val_loss:2.8324 val_bpb:1.0965 eval_time:1576ms
export_excluding_training_only_params:262144
Serialized model: 135398000 bytes
Code size: 101739 bytes
skip_quant:enabled — skipping post-training quantization pipeline
