[v14b] launching SEED=1337 MATRIX_LR=0.045 SCALAR_LR=0.040 AUX=0.03 startfrac=0.25 stopfrac=0.60 at 2026-04-16T20:48:53Z
logs/8d0be0f4-f444-4452-a319-0ffab93534ef.txt
val_bpb:enabled tokenizer_kind=sentencepiece tokenizer_path=./data/tokenizers/fineweb_8192_bpe.model
train_loader:dataset:fineweb10B_sp8192 train_shards:80
val_loader:shards pattern=./data/datasets/fineweb10B_sp8192/fineweb_val_*.bin tokens:40546304
model_params:36204632
diffusion_aux:prob:0.03 weight:0.5000 start_frac:0.25 stop_frac:0.60 subsample:1.00 objective:latent_mse params:263168
XSA:last_11 active_layers:[0, 1, 2, 3, 4, 5, 6, 7, 8, 9, 10]
world_size:1 grad_accum_steps:8
sdp_backends:cudnn=False flash=True mem_efficient=False math=False
attention_mode:gqa num_heads:8 num_kv_heads:4
tie_embeddings:True embed_lr:0.03 head_lr:0.008 matrix_lr:0.045 scalar_lr:0.04
quant_stack:compressor=brotli matrix_bits=6 embed_bits=8 matrix_clip_sigmas=12.85 embed_clip_sigmas=20.0 muon_row_normalize=True
train_batch_tokens:786432 train_seq_len:2048 iterations:20000 warmup_steps:20 max_wallclock_seconds:600.000
seed:1337
gptq:reserve_skipped skip_quant:enabled effective_wallclock_ms:600000
screen_mode:warmup_steps 20->2
warmup_step:1/2
warmup_step:2/2
step:0/20000 val_loss:9.00738945 val_bpb:3.48765246 train_time:0ms step_avg:0.01ms
step:1/20000 train_loss:9.0076 train_time:727ms step_avg:726.61ms
step:2/20000 train_loss:11.6557 train_time:1389ms step_avg:694.48ms
step:3/20000 train_loss:9.9924 train_time:2137ms step_avg:712.26ms
step:4/20000 train_loss:8.4442 train_time:2889ms step_avg:722.30ms
step:5/20000 train_loss:7.6305 train_time:3635ms step_avg:727.08ms
step:6/20000 train_loss:7.4664 train_time:4382ms step_avg:730.40ms
step:7/20000 train_loss:7.3741 train_time:5130ms step_avg:732.89ms
step:8/20000 train_loss:7.1722 train_time:5876ms step_avg:734.48ms
step:9/20000 train_loss:6.9573 train_time:6625ms step_avg:736.12ms
step:10/20000 train_loss:6.8060 train_time:7377ms step_avg:737.67ms
diffusion_startup:step:201 elapsed_ms:150431 frac:0.25
diffusion_cutoff:step:474 elapsed_ms:360105 frac:0.60
step:500/20000 train_loss:3.2418 train_time:379464ms step_avg:758.93ms
swa:start step:700
late_qat:enabled step:715 scale:0.1491
step:795/20000 val_loss:3.07590468 val_bpb:1.19098731 train_time:600341ms step_avg:755.15ms
stopping_early: wallclock_cap train_time:600341ms step:795/20000
peak memory allocated: 49904 MiB reserved: 49978 MiB
DIAGNOSTIC post_train val_loss:3.0759 val_bpb:1.1910 eval_time:12433ms
export_excluding_training_only_params:262144
Serialized model: 135398000 bytes
Code size: 101437 bytes
skip_quant:enabled — skipping post-training quantization pipeline
[v14b] done at 2026-04-16T21:00:36Z
