[v15b] launching loader_prefetch SEED=2026 MATRIX_LR=0.045 AUX=0.03 startfrac=0.25 stopfrac=0.60 at 2026-04-16T21:34:32Z
logs/cc544850-e64e-4f80-a0f4-23d7f24f51d5.txt
val_bpb:enabled tokenizer_kind=sentencepiece tokenizer_path=./data/tokenizers/fineweb_8192_bpe.model
train_loader:dataset:fineweb10B_sp8192 train_shards:80
val_loader:shards pattern=./data/datasets/fineweb10B_sp8192/fineweb_val_*.bin tokens:40546304
model_params:36204632
diffusion_aux:prob:0.03 weight:0.5000 start_frac:0.25 stop_frac:0.60 subsample:1.00 objective:latent_mse params:263168
XSA:last_11 active_layers:[0, 1, 2, 3, 4, 5, 6, 7, 8, 9, 10]
world_size:1 grad_accum_steps:8
sdp_backends:cudnn=False flash=True mem_efficient=False math=False
attention_mode:gqa num_heads:8 num_kv_heads:4
tie_embeddings:True embed_lr:0.03 head_lr:0.008 matrix_lr:0.045 scalar_lr:0.02
quant_stack:compressor=brotli matrix_bits=6 embed_bits=8 matrix_clip_sigmas=12.85 embed_clip_sigmas=20.0 muon_row_normalize=True
train_batch_tokens:786432 train_seq_len:2048 iterations:20000 warmup_steps:20 max_wallclock_seconds:600.000
seed:2026
gptq:reserve_skipped skip_quant:enabled effective_wallclock_ms:600000
screen_mode:warmup_steps 20->2
warmup_step:1/2
warmup_step:2/2
step:0/20000 val_loss:9.01025414 val_bpb:3.48876166 train_time:0ms step_avg:0.02ms
step:1/20000 train_loss:9.0117 train_time:723ms step_avg:722.51ms
step:2/20000 train_loss:12.2724 train_time:1376ms step_avg:688.19ms
step:3/20000 train_loss:10.9276 train_time:2125ms step_avg:708.50ms
step:4/20000 train_loss:9.2431 train_time:2869ms step_avg:717.22ms
step:5/20000 train_loss:8.0721 train_time:3611ms step_avg:722.15ms
step:6/20000 train_loss:7.5231 train_time:4356ms step_avg:726.01ms
step:7/20000 train_loss:7.2112 train_time:5104ms step_avg:729.08ms
step:8/20000 train_loss:7.0880 train_time:5851ms step_avg:731.42ms
step:9/20000 train_loss:6.9413 train_time:6602ms step_avg:733.57ms
step:10/20000 train_loss:6.7777 train_time:7352ms step_avg:735.23ms
diffusion_startup:step:202 elapsed_ms:150594 frac:0.25
diffusion_cutoff:step:476 elapsed_ms:360730 frac:0.60
step:500/20000 train_loss:3.2732 train_time:378554ms step_avg:757.11ms
swa:start step:700
late_qat:enabled step:718 scale:0.1485
step:798/20000 val_loss:3.07395108 val_bpb:1.19023088 train_time:600150ms step_avg:752.07ms
stopping_early: wallclock_cap train_time:600150ms step:798/20000
peak memory allocated: 49966 MiB reserved: 50076 MiB
DIAGNOSTIC post_train val_loss:3.0740 val_bpb:1.1902 eval_time:12400ms
export_excluding_training_only_params:262144
Serialized model: 135398000 bytes
Code size: 101739 bytes
skip_quant:enabled — skipping post-training quantization pipeline
[v15b] done at 2026-04-16T21:46:14Z
