W0417 15:32:14.759000 92113 torch/distributed/run.py:803] 
W0417 15:32:14.759000 92113 torch/distributed/run.py:803] *****************************************
W0417 15:32:14.759000 92113 torch/distributed/run.py:803] Setting OMP_NUM_THREADS environment variable for each process to be 1 in default, to avoid your system being overloaded, please further tune the variable for optimal performance in your application as needed. 
W0417 15:32:14.759000 92113 torch/distributed/run.py:803] *****************************************
logs/exp013_v16_8x_03_prefetch.txt
val_bpb:enabled tokenizer_kind=sentencepiece tokenizer_path=./data/tokenizers/fineweb_8192_bpe.model
train_loader:dataset:fineweb10B_sp8192 train_shards:80
val_loader:shards pattern=./data/datasets/fineweb10B_sp8192/fineweb_val_*.bin tokens:40546304
model_params:36204632
diffusion_aux:prob:0.03 weight:0.5000 stop_frac:0.60 subsample:1.00 objective:latent_mse params:263168
XSA:last_11 active_layers:[0, 1, 2, 3, 4, 5, 6, 7, 8, 9, 10]
world_size:8 grad_accum_steps:1
sdp_backends:cudnn=False flash=True mem_efficient=False math=False
attention_mode:gqa num_heads:8 num_kv_heads:4
tie_embeddings:True embed_lr:0.03 head_lr:0.008 matrix_lr:0.02 scalar_lr:0.02
quant_stack:compressor=brotli matrix_bits=6 embed_bits=8 matrix_clip_sigmas=12.85 embed_clip_sigmas=20.0 muon_row_normalize=True
train_batch_tokens:786432 train_seq_len:2048 iterations:20000 warmup_steps:20 max_wallclock_seconds:600.000
seed:1337
gptq:reserve_skipped skip_quant:enabled effective_wallclock_ms:600000
warmup_step:1/20
warmup_step:2/20
warmup_step:3/20
warmup_step:4/20
warmup_step:5/20
warmup_step:6/20
warmup_step:7/20
warmup_step:8/20
warmup_step:9/20
warmup_step:10/20
warmup_step:11/20
warmup_step:12/20
warmup_step:13/20
warmup_step:14/20
warmup_step:15/20
warmup_step:16/20
warmup_step:17/20
warmup_step:18/20
warmup_step:19/20
warmup_step:20/20
step:0/20000 val_loss:9.00738945 val_bpb:3.48765246 train_time:0ms step_avg:0.01ms
step:1/20000 train_loss:9.0044 train_time:127ms step_avg:127.37ms
step:2/20000 train_loss:12.4261 train_time:159ms step_avg:79.60ms
step:3/20000 train_loss:10.9751 train_time:259ms step_avg:86.36ms
step:4/20000 train_loss:9.4337 train_time:362ms step_avg:90.39ms
step:5/20000 train_loss:8.2809 train_time:465ms step_avg:93.00ms
step:6/20000 train_loss:7.7204 train_time:566ms step_avg:94.41ms
step:7/20000 train_loss:7.2836 train_time:669ms step_avg:95.60ms
step:8/20000 train_loss:7.0967 train_time:773ms step_avg:96.57ms
step:9/20000 train_loss:6.9918 train_time:875ms step_avg:97.25ms
step:10/20000 train_loss:6.8458 train_time:978ms step_avg:97.82ms
step:500/20000 train_loss:3.3579 train_time:69607ms step_avg:139.21ms
step:1000/20000 train_loss:3.1637 train_time:120056ms step_avg:120.06ms
step:1500/20000 train_loss:3.1560 train_time:171161ms step_avg:114.11ms
step:2000/20000 train_loss:3.0680 train_time:222174ms step_avg:111.09ms
step:2500/20000 train_loss:3.1557 train_time:272811ms step_avg:109.12ms
step:3000/20000 train_loss:3.1344 train_time:323603ms step_avg:107.87ms
diffusion_cutoff:step:3356 elapsed_ms:360036 frac:0.60
step:3500/20000 train_loss:2.9750 train_time:374231ms step_avg:106.92ms
step:4000/20000 train_loss:2.9782 train_time:424062ms step_avg:106.02ms
step:4000/20000 val_loss:2.96694511 val_bpb:1.14879827 train_time:424150ms step_avg:106.04ms
step:4500/20000 train_loss:2.8652 train_time:473797ms step_avg:105.29ms
swa:start step:5000
step:5000/20000 train_loss:2.8681 train_time:523498ms step_avg:104.70ms
late_qat:enabled step:5160 scale:0.1499
step:5500/20000 train_loss:2.8948 train_time:574371ms step_avg:104.43ms
step:5753/20000 val_loss:2.83283463 val_bpb:1.09687082 train_time:600095ms step_avg:104.31ms
stopping_early: wallclock_cap train_time:600095ms step:5753/20000
peak memory allocated: 49723 MiB reserved: 49884 MiB
DIAGNOSTIC post_train val_loss:2.8328 val_bpb:1.0969 eval_time:1581ms
export_excluding_training_only_params:262144
Serialized model: 135398000 bytes
Code size: 110390 bytes
skip_quant:enabled — skipping post-training quantization pipeline
