[v16] launching loader_prefetch SEED=1337 MATRIX_LR=0.045 AUX=0.03 startfrac=0.20 stopfrac=0.65 at 2026-04-16T22:03:46Z
logs/exp013_v16_window.txt
val_bpb:enabled tokenizer_kind=sentencepiece tokenizer_path=./data/tokenizers/fineweb_8192_bpe.model
train_loader:dataset:fineweb10B_sp8192 train_shards:80
val_loader:shards pattern=./data/datasets/fineweb10B_sp8192/fineweb_val_*.bin tokens:40546304
model_params:36204632
diffusion_aux:prob:0.03 weight:0.5000 start_frac:0.20 stop_frac:0.65 subsample:1.00 objective:latent_mse params:263168
XSA:last_11 active_layers:[0, 1, 2, 3, 4, 5, 6, 7, 8, 9, 10]
world_size:1 grad_accum_steps:8
sdp_backends:cudnn=False flash=True mem_efficient=False math=False
attention_mode:gqa num_heads:8 num_kv_heads:4
tie_embeddings:True embed_lr:0.03 head_lr:0.008 matrix_lr:0.045 scalar_lr:0.02
quant_stack:compressor=brotli matrix_bits=6 embed_bits=8 matrix_clip_sigmas=12.85 embed_clip_sigmas=20.0 muon_row_normalize=True
train_batch_tokens:786432 train_seq_len:2048 iterations:20000 warmup_steps:20 max_wallclock_seconds:600.000
seed:1337
gptq:reserve_skipped skip_quant:enabled effective_wallclock_ms:600000
screen_mode:warmup_steps 20->2
warmup_step:1/2
warmup_step:2/2
step:0/20000 val_loss:9.00738945 val_bpb:3.48765246 train_time:0ms step_avg:0.01ms
step:1/20000 train_loss:9.0078 train_time:727ms step_avg:727.05ms
step:2/20000 train_loss:12.2761 train_time:1392ms step_avg:695.84ms
step:3/20000 train_loss:10.8603 train_time:2146ms step_avg:715.21ms
step:4/20000 train_loss:9.1592 train_time:2898ms step_avg:724.49ms
step:5/20000 train_loss:8.0421 train_time:3645ms step_avg:729.05ms
step:6/20000 train_loss:7.5743 train_time:4395ms step_avg:732.55ms
step:7/20000 train_loss:7.2495 train_time:5152ms step_avg:735.99ms
step:8/20000 train_loss:7.0764 train_time:5906ms step_avg:738.29ms
step:9/20000 train_loss:6.9464 train_time:6664ms step_avg:740.48ms
step:10/20000 train_loss:6.8410 train_time:7420ms step_avg:741.98ms
diffusion_startup:step:160 elapsed_ms:120526 frac:0.20
step:500/20000 train_loss:3.2476 train_time:382404ms step_avg:764.81ms
diffusion_cutoff:step:510 elapsed_ms:390085 frac:0.65
swa:start step:700
late_qat:enabled step:710 scale:0.1499
step:791/20000 val_loss:3.07106688 val_bpb:1.18911412 train_time:600739ms step_avg:759.47ms
stopping_early: wallclock_cap train_time:600739ms step:791/20000
peak memory allocated: 49906 MiB reserved: 49980 MiB
DIAGNOSTIC post_train val_loss:3.0711 val_bpb:1.1891 eval_time:12488ms
export_excluding_training_only_params:262144
Serialized model: 135398000 bytes
Code size: 101739 bytes
skip_quant:enabled — skipping post-training quantization pipeline
