[v18] launching loader_prefetch SEED=1337 MATRIX_LR=0.045 WARMDOWN_FRAC=0.500 AUX=0.03 startfrac=0.25 stopfrac=0.60 at 2026-04-16T23:58:27Z
logs/c98e0f4c-3cc5-4078-a523-770b9de0ff1d.txt
val_bpb:enabled tokenizer_kind=sentencepiece tokenizer_path=./data/tokenizers/fineweb_8192_bpe.model
train_loader:dataset:fineweb10B_sp8192 train_shards:80
val_loader:shards pattern=./data/datasets/fineweb10B_sp8192/fineweb_val_*.bin tokens:40546304
model_params:36204632
diffusion_aux:prob:0.03 weight:0.5000 start_frac:0.25 stop_frac:0.60 subsample:1.00 objective:latent_mse params:263168
XSA:last_11 active_layers:[0, 1, 2, 3, 4, 5, 6, 7, 8, 9, 10]
world_size:1 grad_accum_steps:8
sdp_backends:cudnn=False flash=True mem_efficient=False math=False
attention_mode:gqa num_heads:8 num_kv_heads:4
tie_embeddings:True embed_lr:0.03 head_lr:0.008 matrix_lr:0.045 scalar_lr:0.02
quant_stack:compressor=brotli matrix_bits=6 embed_bits=8 matrix_clip_sigmas=12.85 embed_clip_sigmas=20.0 muon_row_normalize=True
train_batch_tokens:786432 train_seq_len:2048 iterations:20000 warmup_steps:20 max_wallclock_seconds:600.000
seed:1337
gptq:reserve_skipped skip_quant:enabled effective_wallclock_ms:600000
screen_mode:warmup_steps 20->2
warmup_step:1/2
warmup_step:2/2
step:0/20000 val_loss:9.00738945 val_bpb:3.48765246 train_time:0ms step_avg:0.02ms
step:1/20000 train_loss:9.0078 train_time:727ms step_avg:727.02ms
step:2/20000 train_loss:12.2761 train_time:1390ms step_avg:695.03ms
step:3/20000 train_loss:10.8603 train_time:2145ms step_avg:714.98ms
step:4/20000 train_loss:9.1593 train_time:2895ms step_avg:723.81ms
step:5/20000 train_loss:8.0422 train_time:3641ms step_avg:728.14ms
step:6/20000 train_loss:7.5742 train_time:4393ms step_avg:732.14ms
step:7/20000 train_loss:7.2495 train_time:5149ms step_avg:735.60ms
step:8/20000 train_loss:7.0765 train_time:5907ms step_avg:738.32ms
step:9/20000 train_loss:6.9463 train_time:6665ms step_avg:740.61ms
step:10/20000 train_loss:6.8412 train_time:7421ms step_avg:742.13ms
diffusion_startup:step:201 elapsed_ms:150240 frac:0.25
diffusion_cutoff:step:476 elapsed_ms:360543 frac:0.60
step:500/20000 train_loss:3.2875 train_time:378388ms step_avg:756.78ms
late_qat:enabled step:738 scale:0.1495
swa:start step:750
step:799/20000 val_loss:3.07218354 val_bpb:1.18954648 train_time:600597ms step_avg:751.69ms
stopping_early: wallclock_cap train_time:600597ms step:799/20000
peak memory allocated: 49966 MiB reserved: 50076 MiB
DIAGNOSTIC post_train val_loss:3.0722 val_bpb:1.1895 eval_time:12411ms
export_excluding_training_only_params:262144
Serialized model: 135398000 bytes
Code size: 101739 bytes
skip_quant:enabled — skipping post-training quantization pipeline
