logs/58bd6662-f840-4bb6-a280-9dfd46e0659d.txt
val_bpb:enabled tokenizer_kind=sentencepiece tokenizer_path=./data/tokenizers/fineweb_8192_bpe.model
train_loader:dataset:fineweb10B_sp8192 train_shards:80
val_loader:shards pattern=./data/datasets/fineweb10B_sp8192/fineweb_val_*.bin tokens:40546304
model_params:36204632
diffusion_aux:prob:0.03 weight:0.5000 start_frac:0.25 stop_frac:0.60 subsample:1.00 objective:latent_mse params:263168
XSA:last_11 active_layers:[0, 1, 2, 3, 4, 5, 6, 7, 8, 9, 10]
world_size:1 grad_accum_steps:8
sdp_backends:cudnn=False flash=True mem_efficient=False math=False
attention_mode:gqa num_heads:8 num_kv_heads:4
tie_embeddings:True embed_lr:0.03 head_lr:0.008 matrix_lr:0.045 scalar_lr:0.02
quant_stack:compressor=brotli matrix_bits=6 embed_bits=8 matrix_clip_sigmas=12.85 embed_clip_sigmas=20.0 muon_row_normalize=True
train_batch_tokens:786432 train_seq_len:2048 iterations:20000 warmup_steps:20 max_wallclock_seconds:600.000
seed:1337
gptq:reserve_skipped skip_quant:enabled effective_wallclock_ms:600000
screen_mode:warmup_steps 20->2
warmup_step:1/2
warmup_step:2/2
step:0/20000 val_loss:9.00738945 val_bpb:3.48765246 train_time:0ms step_avg:0.02ms
step:1/20000 train_loss:9.0078 train_time:729ms step_avg:729.01ms
step:2/20000 train_loss:12.2761 train_time:1390ms step_avg:695.18ms
step:3/20000 train_loss:10.8603 train_time:2142ms step_avg:713.86ms
step:4/20000 train_loss:9.1593 train_time:2891ms step_avg:722.67ms
step:5/20000 train_loss:8.0422 train_time:3634ms step_avg:726.83ms
step:6/20000 train_loss:7.5743 train_time:4382ms step_avg:730.35ms
step:7/20000 train_loss:7.2495 train_time:5137ms step_avg:733.83ms
step:8/20000 train_loss:7.0763 train_time:5895ms step_avg:736.84ms
step:9/20000 train_loss:6.9455 train_time:6649ms step_avg:738.74ms
step:10/20000 train_loss:6.8414 train_time:7391ms step_avg:739.10ms
diffusion_startup:step:201 elapsed_ms:150164 frac:0.25
diffusion_cutoff:step:476 elapsed_ms:360593 frac:0.60
step:500/20000 train_loss:3.2377 train_time:378436ms step_avg:756.87ms
swa:start step:700
late_qat:enabled step:702 scale:0.1485
step:798/20000 val_loss:3.07181093 val_bpb:1.18940221 train_time:600251ms step_avg:752.19ms
stopping_early: wallclock_cap train_time:600251ms step:798/20000
peak memory allocated: 49966 MiB reserved: 50076 MiB
DIAGNOSTIC post_train val_loss:3.0718 val_bpb:1.1894 eval_time:12427ms
export_excluding_training_only_params:262144
Serialized model: 135398000 bytes
Code size: 101739 bytes
skip_quant:enabled — skipping post-training quantization pipeline
