logs/c9cf84e3-c7ba-4750-b19b-01aae63f5cc2.txt
val_bpb:enabled tokenizer_kind=sentencepiece tokenizer_path=./data/tokenizers/fineweb_8192_bpe.model
train_loader:dataset:fineweb10B_sp8192 train_shards:80
val_loader:shards pattern=./data/datasets/fineweb10B_sp8192/fineweb_val_*.bin tokens:40540160
model_params:36204632
diffusion_aux:prob:0.03 weight:0.5000 start_frac:0.25 stop_frac:0.60 subsample:1.00 objective:latent_mse params:263168
XSA:last_11 active_layers:[0, 1, 2, 3, 4, 5, 6, 7, 8, 9, 10]
world_size:1 grad_accum_steps:8
sdp_backends:cudnn=False flash=True mem_efficient=False math=False
attention_mode:gqa num_heads:8 num_kv_heads:4
tie_embeddings:True embed_lr:0.03 head_lr:0.008 matrix_lr:0.045 scalar_lr:0.02
quant_stack:compressor=brotli matrix_bits=6 embed_bits=8 matrix_clip_sigmas=12.85 embed_clip_sigmas=20.0 muon_row_normalize=True
train_batch_tokens:786432 train_seq_len:2048 iterations:20000 warmup_steps:20 max_wallclock_seconds:600.000
seed:1337
gptq:reserve_skipped skip_quant:enabled effective_wallclock_ms:600000
screen_mode:warmup_steps 20->2
warmup_step:1/2
warmup_step:2/2
step:0/20000 val_loss:9.00796645 val_bpb:3.48726453 train_time:0ms step_avg:0.01ms
step:1/20000 train_loss:9.0082 train_time:726ms step_avg:726.06ms
step:2/20000 train_loss:12.2306 train_time:1384ms step_avg:692.14ms
step:3/20000 train_loss:10.8653 train_time:2130ms step_avg:709.89ms
step:4/20000 train_loss:9.1847 train_time:2873ms step_avg:718.24ms
step:5/20000 train_loss:8.0374 train_time:3614ms step_avg:722.87ms
step:6/20000 train_loss:7.5391 train_time:4360ms step_avg:726.69ms
step:7/20000 train_loss:7.2489 train_time:5112ms step_avg:730.26ms
step:8/20000 train_loss:7.0504 train_time:5862ms step_avg:732.79ms
step:9/20000 train_loss:6.9429 train_time:6615ms step_avg:735.02ms
step:10/20000 train_loss:6.7769 train_time:7364ms step_avg:736.41ms
diffusion_startup:step:201 elapsed_ms:150139 frac:0.25
diffusion_cutoff:step:476 elapsed_ms:360702 frac:0.60
step:500/20000 train_loss:3.2742 train_time:378562ms step_avg:757.12ms
swa:start step:700
late_qat:enabled step:717 scale:0.1497
step:798/20000 val_loss:3.06571182 val_bpb:1.18683258 train_time:600503ms step_avg:752.51ms
stopping_early: wallclock_cap train_time:600503ms step:798/20000
peak memory allocated: 49966 MiB reserved: 50076 MiB
DIAGNOSTIC post_train val_loss:3.0657 val_bpb:1.1868 eval_time:12431ms
export_excluding_training_only_params:262144
Serialized model: 135398000 bytes
Code size: 101739 bytes
skip_quant:enabled — skipping post-training quantization pipeline
