logs/3f2f96c8-82c3-45d3-ac8e-42e837fa76de.txt
val_bpb:enabled tokenizer_kind=sentencepiece tokenizer_path=./data/tokenizers/fineweb_8192_bpe.model
train_loader:dataset:fineweb10B_sp8192 train_shards:80
val_loader:shards pattern=./data/datasets/fineweb10B_sp8192/fineweb_val_*.bin tokens:40540160
model_params:36204632
diffusion_aux:prob:0.03 weight:0.5000 start_frac:0.25 stop_frac:0.60 subsample:1.00 objective:latent_mse params:263168
XSA:last_11 active_layers:[0, 1, 2, 3, 4, 5, 6, 7, 8, 9, 10]
world_size:1 grad_accum_steps:8
sdp_backends:cudnn=False flash=True mem_efficient=False math=False
attention_mode:gqa num_heads:8 num_kv_heads:4
tie_embeddings:True embed_lr:0.03 head_lr:0.008 matrix_lr:0.045 scalar_lr:0.02
quant_stack:compressor=brotli matrix_bits=6 embed_bits=8 matrix_clip_sigmas=12.85 embed_clip_sigmas=20.0 muon_row_normalize=True
train_batch_tokens:786432 train_seq_len:2048 iterations:20000 warmup_steps:20 max_wallclock_seconds:600.000
seed:42
gptq:reserve_skipped skip_quant:enabled effective_wallclock_ms:600000
screen_mode:warmup_steps 20->2
warmup_step:1/2
warmup_step:2/2
step:0/20000 val_loss:9.00732814 val_bpb:3.48701742 train_time:0ms step_avg:0.02ms
step:1/20000 train_loss:9.0077 train_time:742ms step_avg:741.96ms
step:2/20000 train_loss:12.2231 train_time:1411ms step_avg:705.66ms
step:3/20000 train_loss:10.7798 train_time:2176ms step_avg:725.39ms
step:4/20000 train_loss:9.0878 train_time:2938ms step_avg:734.58ms
step:5/20000 train_loss:7.9949 train_time:3702ms step_avg:740.31ms
step:6/20000 train_loss:7.5143 train_time:4455ms step_avg:742.58ms
step:7/20000 train_loss:7.2679 train_time:5220ms step_avg:745.72ms
step:8/20000 train_loss:7.0750 train_time:5988ms step_avg:748.55ms
step:9/20000 train_loss:6.9313 train_time:6753ms step_avg:750.36ms
step:10/20000 train_loss:6.7460 train_time:7526ms step_avg:752.61ms
diffusion_startup:step:201 elapsed_ms:150358 frac:0.25
diffusion_cutoff:step:475 elapsed_ms:360435 frac:0.60
step:500/20000 train_loss:3.2311 train_time:379006ms step_avg:758.01ms
swa:start step:700
late_qat:enabled step:717 scale:0.1491
step:798/20000 val_loss:3.06747903 val_bpb:1.18751673 train_time:600661ms step_avg:752.71ms
stopping_early: wallclock_cap train_time:600661ms step:798/20000
peak memory allocated: 49966 MiB reserved: 50076 MiB
DIAGNOSTIC post_train val_loss:3.0675 val_bpb:1.1875 eval_time:12424ms
export_excluding_training_only_params:262144
Serialized model: 135398000 bytes
Code size: 101739 bytes
skip_quant:enabled — skipping post-training quantization pipeline
