logs/5d07378f-1fe2-467c-a8c2-f2d9635dbb54.txt
val_bpb:enabled tokenizer_kind=sentencepiece tokenizer_path=./data/tokenizers/fineweb_8192_bpe.model
train_loader:dataset:fineweb10B_sp8192 train_shards:80
val_loader:shards pattern=./data/datasets/fineweb10B_sp8192/fineweb_val_*.bin tokens:40540160
model_params:36204632
diffusion_aux:prob:0.03 weight:0.5000 start_frac:0.25 stop_frac:0.60 subsample:1.00 objective:latent_mse params:263168
XSA:last_11 active_layers:[0, 1, 2, 3, 4, 5, 6, 7, 8, 9, 10]
world_size:1 grad_accum_steps:8
sdp_backends:cudnn=False flash=True mem_efficient=False math=False
attention_mode:gqa num_heads:8 num_kv_heads:4
tie_embeddings:True embed_lr:0.03 head_lr:0.008 matrix_lr:0.045 scalar_lr:0.02
quant_stack:compressor=brotli matrix_bits=6 embed_bits=8 matrix_clip_sigmas=12.85 embed_clip_sigmas=20.0 muon_row_normalize=True
train_batch_tokens:786432 train_seq_len:2048 iterations:20000 warmup_steps:20 max_wallclock_seconds:600.000
seed:1337
gptq:reserve_skipped skip_quant:enabled effective_wallclock_ms:600000
screen_mode:warmup_steps 20->2
warmup_step:1/2
warmup_step:2/2
step:0/20000 val_loss:9.00796645 val_bpb:3.48726453 train_time:0ms step_avg:0.02ms
step:1/20000 train_loss:9.0082 train_time:727ms step_avg:726.85ms
step:2/20000 train_loss:12.2306 train_time:1382ms step_avg:691.22ms
step:3/20000 train_loss:10.8653 train_time:2135ms step_avg:711.66ms
step:4/20000 train_loss:9.1848 train_time:2884ms step_avg:721.08ms
step:5/20000 train_loss:8.0376 train_time:3624ms step_avg:724.79ms
step:6/20000 train_loss:7.5392 train_time:4378ms step_avg:729.63ms
step:7/20000 train_loss:7.2489 train_time:5129ms step_avg:732.73ms
step:8/20000 train_loss:7.0505 train_time:5880ms step_avg:734.98ms
step:9/20000 train_loss:6.9427 train_time:6632ms step_avg:736.86ms
step:10/20000 train_loss:6.7767 train_time:7385ms step_avg:738.46ms
diffusion_startup:step:201 elapsed_ms:150021 frac:0.25
diffusion_cutoff:step:476 elapsed_ms:360313 frac:0.60
step:500/20000 train_loss:3.2727 train_time:378150ms step_avg:756.30ms
swa:start step:700
late_qat:enabled step:718 scale:0.1494
step:799/20000 val_loss:3.06791709 val_bpb:1.18768631 train_time:600575ms step_avg:751.66ms
stopping_early: wallclock_cap train_time:600575ms step:799/20000
peak memory allocated: 49966 MiB reserved: 50076 MiB
DIAGNOSTIC post_train val_loss:3.0679 val_bpb:1.1877 eval_time:12420ms
export_excluding_training_only_params:262144
Serialized model: 135398000 bytes
Code size: 101739 bytes
skip_quant:enabled — skipping post-training quantization pipeline
