logs/a81af7a9-6261-42f2-85cd-94b344e8b065.txt
val_bpb:enabled tokenizer_kind=sentencepiece tokenizer_path=./data/tokenizers/fineweb_8192_bpe.model
train_loader:dataset:fineweb10B_sp8192 train_shards:80
val_loader:shards pattern=./data/datasets/fineweb10B_sp8192/fineweb_val_*.bin tokens:40540160
model_params:39091296
diffusion_aux:prob:0.03 weight:0.5000 start_frac:0.25 stop_frac:0.60 subsample:1.00 objective:latent_mse params:263168
XSA:last_12 active_layers:[0, 1, 2, 3, 4, 5, 6, 7, 8, 9, 10, 11]
world_size:1 grad_accum_steps:8
sdp_backends:cudnn=False flash=True mem_efficient=False math=False
attention_mode:gqa num_heads:8 num_kv_heads:4
tie_embeddings:True embed_lr:0.03 head_lr:0.008 matrix_lr:0.045 scalar_lr:0.02
quant_stack:compressor=brotli matrix_bits=6 embed_bits=8 matrix_clip_sigmas=12.85 embed_clip_sigmas=20.0 muon_row_normalize=True
train_batch_tokens:786432 train_seq_len:2048 iterations:20000 warmup_steps:20 max_wallclock_seconds:600.000
seed:1337
gptq:reserve_skipped skip_quant:enabled effective_wallclock_ms:600000
screen_mode:warmup_steps 20->2
warmup_step:1/2
warmup_step:2/2
step:0/20000 val_loss:9.00796645 val_bpb:3.48726453 train_time:0ms step_avg:0.02ms
step:1/20000 train_loss:9.0082 train_time:790ms step_avg:790.45ms
step:2/20000 train_loss:12.3259 train_time:1510ms step_avg:754.80ms
step:3/20000 train_loss:11.0416 train_time:2317ms step_avg:772.39ms
step:4/20000 train_loss:9.3738 train_time:3124ms step_avg:781.03ms
step:5/20000 train_loss:8.1792 train_time:3928ms step_avg:785.60ms
step:6/20000 train_loss:7.5990 train_time:4735ms step_avg:789.20ms
step:7/20000 train_loss:7.2374 train_time:5547ms step_avg:792.38ms
step:8/20000 train_loss:7.0365 train_time:6360ms step_avg:795.03ms
step:9/20000 train_loss:6.9482 train_time:7174ms step_avg:797.10ms
step:10/20000 train_loss:6.7862 train_time:7988ms step_avg:798.77ms
diffusion_startup:step:186 elapsed_ms:150473 frac:0.25
diffusion_cutoff:step:439 elapsed_ms:360741 frac:0.60
step:500/20000 train_loss:3.2539 train_time:410054ms step_avg:820.11ms
swa:start step:650
late_qat:enabled step:661 scale:0.1495
step:735/20000 val_loss:3.07647368 val_bpb:1.19099883 train_time:600086ms step_avg:816.44ms
stopping_early: wallclock_cap train_time:600086ms step:735/20000
peak memory allocated: 54175 MiB reserved: 54260 MiB
DIAGNOSTIC post_train val_loss:3.0765 val_bpb:1.1910 eval_time:13489ms
export_excluding_training_only_params:262144
Serialized model: 146945908 bytes
Code size: 101739 bytes
skip_quant:enabled — skipping post-training quantization pipeline
