logs/e96da9a3-3453-4f81-a5df-28d4f4901f8c.txt
val_bpb:enabled tokenizer_kind=sentencepiece tokenizer_path=./data/tokenizers/fineweb_8192_bpe.model
train_loader:dataset:fineweb10B_sp8192 train_shards:80
val_loader:shards pattern=./data/datasets/fineweb10B_sp8192/fineweb_val_*.bin tokens:40540160
model_params:33318992
diffusion_aux:prob:0.03 weight:0.5000 start_frac:0.25 stop_frac:0.60 subsample:1.00 objective:latent_mse params:263168
XSA:last_10 active_layers:[0, 1, 2, 3, 4, 5, 6, 7, 8, 9]
world_size:1 grad_accum_steps:8
sdp_backends:cudnn=False flash=True mem_efficient=False math=False
attention_mode:gqa num_heads:8 num_kv_heads:4
tie_embeddings:True embed_lr:0.03 head_lr:0.008 matrix_lr:0.045 scalar_lr:0.02
quant_stack:compressor=brotli matrix_bits=6 embed_bits=8 matrix_clip_sigmas=12.85 embed_clip_sigmas=20.0 muon_row_normalize=True
train_batch_tokens:786432 train_seq_len:2048 iterations:20000 warmup_steps:20 max_wallclock_seconds:600.000
seed:1337
gptq:reserve_skipped skip_quant:enabled effective_wallclock_ms:600000
screen_mode:warmup_steps 20->2
warmup_step:1/2
warmup_step:2/2
step:0/20000 val_loss:9.00796645 val_bpb:3.48726453 train_time:0ms step_avg:0.02ms
step:1/20000 train_loss:9.0082 train_time:682ms step_avg:681.74ms
step:2/20000 train_loss:12.3292 train_time:1288ms step_avg:644.19ms
step:3/20000 train_loss:11.0423 train_time:1983ms step_avg:661.10ms
step:4/20000 train_loss:9.3756 train_time:2669ms step_avg:667.17ms
step:5/20000 train_loss:8.1810 train_time:3351ms step_avg:670.11ms
step:6/20000 train_loss:7.6023 train_time:4037ms step_avg:672.80ms
step:7/20000 train_loss:7.2357 train_time:4725ms step_avg:674.98ms
step:8/20000 train_loss:7.0353 train_time:5415ms step_avg:676.85ms
step:9/20000 train_loss:6.9451 train_time:6104ms step_avg:678.22ms
step:10/20000 train_loss:6.7820 train_time:6801ms step_avg:680.06ms
diffusion_startup:step:219 elapsed_ms:150288 frac:0.25
step:500/20000 train_loss:3.3103 train_time:348112ms step_avg:696.22ms
diffusion_cutoff:step:518 elapsed_ms:360619 frac:0.60
late_qat:enabled step:781 scale:0.1489
swa:start step:800
step:868/20000 val_loss:3.07138994 val_bpb:1.18903076 train_time:600114ms step_avg:691.38ms
stopping_early: wallclock_cap train_time:600114ms step:868/20000
peak memory allocated: 45948 MiB reserved: 45960 MiB
DIAGNOSTIC post_train val_loss:3.0714 val_bpb:1.1890 eval_time:11426ms
export_excluding_training_only_params:262144
Serialized model: 123854252 bytes
Code size: 101739 bytes
skip_quant:enabled — skipping post-training quantization pipeline
