logs/5d0837ef-9d70-42bb-924c-c8e19ae41c40.txt
val_bpb:enabled tokenizer_kind=sentencepiece tokenizer_path=./data/tokenizers/fineweb_8192_bpe.model
train_loader:dataset:fineweb10B_sp8192 train_shards:80
val_loader:shards pattern=./data/datasets/fineweb10B_sp8192/fineweb_val_*.bin tokens:40540160
model_params:36204632
diffusion_aux:prob:0.03 weight:0.2500 start_frac:0.25 stop_frac:0.60 subsample:1.00 objective:latent_mse params:263168
XSA:last_11 active_layers:[0, 1, 2, 3, 4, 5, 6, 7, 8, 9, 10]
world_size:1 grad_accum_steps:8
sdp_backends:cudnn=False flash=True mem_efficient=False math=False
attention_mode:gqa num_heads:8 num_kv_heads:4
tie_embeddings:True embed_lr:0.03 head_lr:0.008 matrix_lr:0.045 scalar_lr:0.02
quant_stack:compressor=brotli matrix_bits=6 embed_bits=8 matrix_clip_sigmas=12.85 embed_clip_sigmas=20.0 muon_row_normalize=True
train_batch_tokens:786432 train_seq_len:2048 iterations:20000 warmup_steps:20 max_wallclock_seconds:600.000
seed:1337
gptq:reserve_skipped skip_quant:enabled effective_wallclock_ms:600000
screen_mode:warmup_steps 20->2
warmup_step:1/2
warmup_step:2/2
step:0/20000 val_loss:9.00796645 val_bpb:3.48726453 train_time:0ms step_avg:0.04ms
step:1/20000 train_loss:9.0082 train_time:727ms step_avg:727.40ms
step:2/20000 train_loss:12.2306 train_time:1393ms step_avg:696.70ms
step:3/20000 train_loss:10.8653 train_time:2146ms step_avg:715.23ms
step:4/20000 train_loss:9.1847 train_time:2898ms step_avg:724.56ms
step:5/20000 train_loss:8.0375 train_time:3646ms step_avg:729.21ms
step:6/20000 train_loss:7.5392 train_time:4393ms step_avg:732.11ms
step:7/20000 train_loss:7.2489 train_time:5151ms step_avg:735.88ms
step:8/20000 train_loss:7.0505 train_time:5908ms step_avg:738.56ms
step:9/20000 train_loss:6.9423 train_time:6663ms step_avg:740.39ms
step:10/20000 train_loss:6.7772 train_time:7420ms step_avg:741.98ms
diffusion_startup:step:200 elapsed_ms:150479 frac:0.25
diffusion_cutoff:step:472 elapsed_ms:360148 frac:0.60
step:500/20000 train_loss:3.2734 train_time:381076ms step_avg:762.15ms
swa:start step:700
late_qat:enabled step:712 scale:0.1499
step:793/20000 val_loss:3.06680669 val_bpb:1.18725644 train_time:600788ms step_avg:757.61ms
stopping_early: wallclock_cap train_time:600788ms step:793/20000
peak memory allocated: 49904 MiB reserved: 49934 MiB
DIAGNOSTIC post_train val_loss:3.0668 val_bpb:1.1873 eval_time:12471ms
export_excluding_training_only_params:262144
Serialized model: 135398000 bytes
Code size: 101739 bytes
skip_quant:enabled — skipping post-training quantization pipeline
