logs/4be0c2ad-2a17-4286-882b-33f7946fab38.txt
val_bpb:enabled tokenizer_kind=sentencepiece tokenizer_path=./data/tokenizers/fineweb_8192_bpe.model
train_loader:dataset:fineweb10B_sp8192 train_shards:80
val_loader:shards pattern=./data/datasets/fineweb10B_sp8192/fineweb_val_*.bin tokens:40540160
model_params:36204632
diffusion_aux:prob:0.03 weight:0.5000 start_frac:0.25 stop_frac:0.60 subsample:1.00 objective:latent_mse params:263168
XSA:last_11 active_layers:[0, 1, 2, 3, 4, 5, 6, 7, 8, 9, 10]
world_size:1 grad_accum_steps:8
sdp_backends:cudnn=False flash=True mem_efficient=False math=False
attention_mode:gqa num_heads:8 num_kv_heads:4
tie_embeddings:True embed_lr:0.03 head_lr:0.008 matrix_lr:0.045 scalar_lr:0.02
quant_stack:compressor=brotli matrix_bits=6 embed_bits=8 matrix_clip_sigmas=12.85 embed_clip_sigmas=20.0 muon_row_normalize=True
train_batch_tokens:786432 train_seq_len:2048 iterations:20000 warmup_steps:20 max_wallclock_seconds:600.000
seed:1337
gptq:reserve_skipped skip_quant:enabled effective_wallclock_ms:600000
screen_mode:warmup_steps 20->2
warmup_step:1/2
warmup_step:2/2
step:0/20000 val_loss:9.00796645 val_bpb:3.48726453 train_time:0ms step_avg:0.05ms
step:1/20000 train_loss:9.0082 train_time:730ms step_avg:730.00ms
step:2/20000 train_loss:12.2328 train_time:1398ms step_avg:699.02ms
step:3/20000 train_loss:10.4317 train_time:2150ms step_avg:716.72ms
step:4/20000 train_loss:8.7846 train_time:2898ms step_avg:724.49ms
step:5/20000 train_loss:7.8918 train_time:3644ms step_avg:728.89ms
step:6/20000 train_loss:7.6435 train_time:4395ms step_avg:732.52ms
step:7/20000 train_loss:7.4625 train_time:5146ms step_avg:735.15ms
step:8/20000 train_loss:7.2397 train_time:5899ms step_avg:737.33ms
step:9/20000 train_loss:7.0328 train_time:6654ms step_avg:739.32ms
step:10/20000 train_loss:6.7695 train_time:7405ms step_avg:740.49ms
diffusion_startup:step:200 elapsed_ms:150677 frac:0.25
diffusion_cutoff:step:472 elapsed_ms:360449 frac:0.60
step:500/20000 train_loss:3.2759 train_time:381359ms step_avg:762.72ms
swa:start step:700
late_qat:enabled step:712 scale:0.1491
step:792/20000 val_loss:3.06834890 val_bpb:1.18785348 train_time:600368ms step_avg:758.04ms
stopping_early: wallclock_cap train_time:600368ms step:792/20000
peak memory allocated: 49906 MiB reserved: 49980 MiB
DIAGNOSTIC post_train val_loss:3.0683 val_bpb:1.1879 eval_time:12453ms
export_excluding_training_only_params:262144
Serialized model: 135398000 bytes
Code size: 101739 bytes
skip_quant:enabled — skipping post-training quantization pipeline
