logs/dfb76452-57e8-4d35-afaf-6b3e2c87415f.txt
val_bpb:enabled tokenizer_kind=sentencepiece tokenizer_path=./data/tokenizers/fineweb_8192_bpe.model
train_loader:dataset:fineweb10B_sp8192 train_shards:80
val_loader:shards pattern=./data/datasets/fineweb10B_sp8192/fineweb_val_*.bin tokens:40540160
model_params:36204632
diffusion_aux:prob:0.03 weight:0.5000 start_frac:0.25 stop_frac:0.60 subsample:1.00 objective:latent_mse params:263168
XSA:last_11 active_layers:[0, 1, 2, 3, 4, 5, 6, 7, 8, 9, 10]
world_size:1 grad_accum_steps:8
sdp_backends:cudnn=False flash=True mem_efficient=False math=False
attention_mode:gqa num_heads:8 num_kv_heads:4
tie_embeddings:True embed_lr:0.03 head_lr:0.008 matrix_lr:0.045 scalar_lr:0.02
quant_stack:compressor=brotli matrix_bits=6 embed_bits=8 matrix_clip_sigmas=12.85 embed_clip_sigmas=20.0 muon_row_normalize=True
train_batch_tokens:786432 train_seq_len:2048 iterations:20000 warmup_steps:20 max_wallclock_seconds:600.000
seed:1337
gptq:reserve_skipped skip_quant:enabled effective_wallclock_ms:600000
screen_mode:warmup_steps 20->2
warmup_step:1/2
warmup_step:2/2
step:0/20000 val_loss:9.00798537 val_bpb:3.48727185 train_time:0ms step_avg:0.02ms
step:1/20000 train_loss:9.0082 train_time:727ms step_avg:727.13ms
step:2/20000 train_loss:11.2462 train_time:1384ms step_avg:691.90ms
step:3/20000 train_loss:9.7112 train_time:2128ms step_avg:709.20ms
step:4/20000 train_loss:8.1594 train_time:2874ms step_avg:718.53ms
step:5/20000 train_loss:7.2676 train_time:3624ms step_avg:724.72ms
step:6/20000 train_loss:6.9218 train_time:4377ms step_avg:729.52ms
step:7/20000 train_loss:6.7746 train_time:5130ms step_avg:732.87ms
step:8/20000 train_loss:6.6964 train_time:5881ms step_avg:735.14ms
step:9/20000 train_loss:6.5703 train_time:6629ms step_avg:736.58ms
step:10/20000 train_loss:6.3513 train_time:7382ms step_avg:738.17ms
diffusion_startup:step:202 elapsed_ms:150149 frac:0.25
diffusion_cutoff:step:478 elapsed_ms:360502 frac:0.60
step:500/20000 train_loss:3.2737 train_time:376824ms step_avg:753.65ms
swa:start step:700
late_qat:enabled step:720 scale:0.1495
step:801/20000 val_loss:3.06636467 val_bpb:1.18708532 train_time:600546ms step_avg:749.75ms
stopping_early: wallclock_cap train_time:600546ms step:801/20000
peak memory allocated: 49966 MiB reserved: 50078 MiB
DIAGNOSTIC post_train val_loss:3.0664 val_bpb:1.1871 eval_time:12400ms
export_excluding_training_only_params:262144
Serialized model: 135398000 bytes
Code size: 101739 bytes
skip_quant:enabled — skipping post-training quantization pipeline
