logs/c11ee6bb-92b1-4e1d-930b-d7a4316a6b50.txt
val_bpb:enabled tokenizer_kind=sentencepiece tokenizer_path=./data/tokenizers/fineweb_8192_bpe.model
train_loader:dataset:fineweb10B_sp8192 train_shards:80
val_loader:shards pattern=./data/datasets/fineweb10B_sp8192/fineweb_val_*.bin tokens:40540160
model_params:34762840
diffusion_aux:prob:0.03 weight:0.5000 start_frac:0.25 stop_frac:0.60 subsample:1.00 objective:latent_mse params:263168
XSA:last_11 active_layers:[0, 1, 2, 3, 4, 5, 6, 7, 8, 9, 10]
world_size:1 grad_accum_steps:8
sdp_backends:cudnn=False flash=True mem_efficient=False math=False
attention_mode:gqa num_heads:8 num_kv_heads:2
tie_embeddings:True embed_lr:0.03 head_lr:0.008 matrix_lr:0.045 scalar_lr:0.02
quant_stack:compressor=brotli matrix_bits=6 embed_bits=8 matrix_clip_sigmas=12.85 embed_clip_sigmas=20.0 muon_row_normalize=True
train_batch_tokens:786432 train_seq_len:2048 iterations:20000 warmup_steps:20 max_wallclock_seconds:600.000
seed:1337
gptq:reserve_skipped skip_quant:enabled effective_wallclock_ms:600000
screen_mode:warmup_steps 20->2
warmup_step:1/2
warmup_step:2/2
step:0/20000 val_loss:9.00796645 val_bpb:3.48726453 train_time:0ms step_avg:0.03ms
step:1/20000 train_loss:9.0082 train_time:696ms step_avg:696.17ms
step:2/20000 train_loss:12.2326 train_time:1322ms step_avg:661.20ms
step:3/20000 train_loss:10.8731 train_time:2042ms step_avg:680.70ms
step:4/20000 train_loss:9.1792 train_time:2756ms step_avg:689.06ms
step:5/20000 train_loss:8.0217 train_time:3464ms step_avg:692.86ms
step:6/20000 train_loss:7.5302 train_time:4179ms step_avg:696.54ms
step:7/20000 train_loss:7.2383 train_time:4903ms step_avg:700.42ms
step:8/20000 train_loss:7.0499 train_time:5624ms step_avg:703.01ms
step:9/20000 train_loss:6.9594 train_time:6344ms step_avg:704.90ms
step:10/20000 train_loss:6.7961 train_time:7065ms step_avg:706.54ms
diffusion_startup:step:210 elapsed_ms:150224 frac:0.25
diffusion_cutoff:step:497 elapsed_ms:360623 frac:0.60
step:500/20000 train_loss:3.2974 train_time:362753ms step_avg:725.51ms
swa:start step:750
late_qat:enabled step:750 scale:0.1480
step:834/20000 val_loss:3.07419585 val_bpb:1.19011701 train_time:600647ms step_avg:720.20ms
stopping_early: wallclock_cap train_time:600647ms step:834/20000
peak memory allocated: 50358 MiB reserved: 50470 MiB
DIAGNOSTIC post_train val_loss:3.0742 val_bpb:1.1901 eval_time:11988ms
export_excluding_training_only_params:262144
Serialized model: 129630832 bytes
Code size: 101739 bytes
skip_quant:enabled — skipping post-training quantization pipeline
