logs/1feb6c58-4426-446c-a60d-7d4970c0e8f5.txt
val_bpb:enabled tokenizer_kind=sentencepiece tokenizer_path=./data/tokenizers/fineweb_8192_bpe.model
train_loader:dataset:fineweb10B_sp8192 train_shards:80
val_loader:shards pattern=./data/datasets/fineweb10B_sp8192/fineweb_val_*.bin tokens:40540160
model_params:36204632
diffusion_aux:prob:0.03 weight:0.5000 start_frac:0.25 stop_frac:0.60 subsample:1.00 objective:latent_mse params:263168
XSA:last_11 active_layers:[0, 1, 2, 3, 4, 5, 6, 7, 8, 9, 10]
world_size:1 grad_accum_steps:8
sdp_backends:cudnn=False flash=True mem_efficient=False math=False
attention_mode:gqa num_heads:8 num_kv_heads:4
tie_embeddings:True embed_lr:0.03 head_lr:0.008 matrix_lr:0.045 scalar_lr:0.02
quant_stack:compressor=brotli matrix_bits=6 embed_bits=8 matrix_clip_sigmas=12.85 embed_clip_sigmas=20.0 muon_row_normalize=True
train_batch_tokens:786432 train_seq_len:2048 iterations:20000 warmup_steps:20 max_wallclock_seconds:600.000
seed:1337
gptq:reserve_skipped skip_quant:enabled effective_wallclock_ms:600000
screen_mode:warmup_steps 20->2
warmup_step:1/2
warmup_step:2/2
step:0/20000 val_loss:9.00796645 val_bpb:3.48726453 train_time:0ms step_avg:0.02ms
step:1/20000 train_loss:9.0082 train_time:731ms step_avg:731.35ms
step:2/20000 train_loss:12.2306 train_time:1389ms step_avg:694.44ms
step:3/20000 train_loss:10.8653 train_time:2138ms step_avg:712.76ms
step:4/20000 train_loss:9.1848 train_time:2886ms step_avg:721.40ms
step:5/20000 train_loss:8.0375 train_time:3631ms step_avg:726.19ms
step:6/20000 train_loss:7.5391 train_time:4378ms step_avg:729.66ms
step:7/20000 train_loss:7.2489 train_time:5126ms step_avg:732.23ms
step:8/20000 train_loss:7.0505 train_time:5879ms step_avg:734.93ms
step:9/20000 train_loss:6.9429 train_time:6631ms step_avg:736.77ms
step:10/20000 train_loss:6.7769 train_time:7383ms step_avg:738.31ms
diffusion_startup:step:202 elapsed_ms:150688 frac:0.25
diffusion_cutoff:step:476 elapsed_ms:360064 frac:0.60
step:500/20000 train_loss:3.2735 train_time:377887ms step_avg:755.77ms
swa:start step:700
late_qat:enabled step:745 scale:0.0986
step:798/20000 val_loss:3.06555397 val_bpb:1.18677148 train_time:600206ms step_avg:752.14ms
stopping_early: wallclock_cap train_time:600206ms step:798/20000
peak memory allocated: 49966 MiB reserved: 50076 MiB
DIAGNOSTIC post_train val_loss:3.0656 val_bpb:1.1868 eval_time:12456ms
export_excluding_training_only_params:262144
Serialized model: 135398000 bytes
Code size: 101739 bytes
skip_quant:enabled — skipping post-training quantization pipeline
