nohup: ignoring input
W0417 09:17:29.691000 54712 torch/distributed/run.py:803] 
W0417 09:17:29.691000 54712 torch/distributed/run.py:803] *****************************************
W0417 09:17:29.691000 54712 torch/distributed/run.py:803] Setting OMP_NUM_THREADS environment variable for each process to be 1 in default, to avoid your system being overloaded, please further tune the variable for optimal performance in your application as needed. 
W0417 09:17:29.691000 54712 torch/distributed/run.py:803] *****************************************
logs/c759ee93-5748-49f2-bea2-ee1ee3ddd776.txt
val_bpb:enabled tokenizer_kind=sentencepiece tokenizer_path=./data/tokenizers/fineweb_8192_bpe.model
train_loader:dataset:fineweb10B_sp8192 train_shards:80
val_loader:shards pattern=./data/datasets/fineweb10B_sp8192/fineweb_val_*.bin tokens:40540160
model_params:36204632
diffusion_aux:prob:0.03 weight:0.5000 start_frac:0.25 stop_frac:0.60 subsample:1.00 objective:latent_mse params:263168
XSA:last_11 active_layers:[0, 1, 2, 3, 4, 5, 6, 7, 8, 9, 10]
world_size:8 grad_accum_steps:1
sdp_backends:cudnn=False flash=True mem_efficient=False math=False
attention_mode:gqa num_heads:8 num_kv_heads:4
tie_embeddings:True embed_lr:0.03 head_lr:0.008 matrix_lr:0.025 scalar_lr:0.02
quant_stack:compressor=brotli matrix_bits=6 embed_bits=8 matrix_clip_sigmas=12.85 embed_clip_sigmas=20.0 muon_row_normalize=True
train_batch_tokens:786432 train_seq_len:2048 iterations:20000 warmup_steps:20 max_wallclock_seconds:600.000
seed:1337
gptq:reserve_skipped skip_quant:enabled effective_wallclock_ms:600000
screen_mode:warmup_steps 20->2
warmup_step:1/2
warmup_step:2/2
step:0/20000 val_loss:9.00796645 val_bpb:3.48726453 train_time:0ms step_avg:0.01ms
step:1/20000 train_loss:9.0082 train_time:135ms step_avg:134.97ms
step:2/20000 train_loss:12.3103 train_time:173ms step_avg:86.66ms
step:3/20000 train_loss:10.9723 train_time:276ms step_avg:92.11ms
step:4/20000 train_loss:9.3294 train_time:380ms step_avg:95.11ms
step:5/20000 train_loss:8.2351 train_time:485ms step_avg:97.03ms
step:6/20000 train_loss:7.6629 train_time:590ms step_avg:98.27ms
step:7/20000 train_loss:7.2301 train_time:693ms step_avg:99.02ms
step:8/20000 train_loss:7.0709 train_time:798ms step_avg:99.74ms
step:9/20000 train_loss:6.9765 train_time:901ms step_avg:100.11ms
step:10/20000 train_loss:6.9254 train_time:1006ms step_avg:100.63ms
step:500/20000 train_loss:3.3181 train_time:49728ms step_avg:99.46ms
step:1000/20000 train_loss:3.1998 train_time:99401ms step_avg:99.40ms
step:1500/20000 train_loss:3.1874 train_time:149097ms step_avg:99.40ms
diffusion_startup:step:1509 elapsed_ms:150070 frac:0.25
step:2000/20000 train_loss:3.1478 train_time:219182ms step_avg:109.59ms
step:2500/20000 train_loss:3.1151 train_time:270162ms step_avg:108.06ms
step:3000/20000 train_loss:3.0392 train_time:321669ms step_avg:107.22ms
diffusion_cutoff:step:3374 elapsed_ms:360086 frac:0.60
step:3500/20000 train_loss:2.9870 train_time:372585ms step_avg:106.45ms
step:4000/20000 train_loss:3.0434 train_time:422547ms step_avg:105.64ms
step:4000/20000 val_loss:2.97689499 val_bpb:1.15244882 train_time:422625ms step_avg:105.66ms
step:4500/20000 train_loss:2.9668 train_time:472421ms step_avg:104.98ms
swa:start step:5000
step:5000/20000 train_loss:2.9436 train_time:522158ms step_avg:104.43ms
late_qat:enabled step:5173 scale:0.1500
step:5500/20000 train_loss:2.8554 train_time:573039ms step_avg:104.19ms
step:5764/20000 val_loss:2.83492632 val_bpb:1.09748832 train_time:600054ms step_avg:104.10ms
stopping_early: wallclock_cap train_time:600054ms step:5764/20000
peak memory allocated: 49712 MiB reserved: 49884 MiB
DIAGNOSTIC post_train val_loss:2.8349 val_bpb:1.0975 eval_time:1575ms
export_excluding_training_only_params:262144
Serialized model: 135398000 bytes
Code size: 101739 bytes
skip_quant:enabled — skipping post-training quantization pipeline
