nohup: ignoring input
W0417 09:36:26.336000 55649 torch/distributed/run.py:803] 
W0417 09:36:26.336000 55649 torch/distributed/run.py:803] *****************************************
W0417 09:36:26.336000 55649 torch/distributed/run.py:803] Setting OMP_NUM_THREADS environment variable for each process to be 1 in default, to avoid your system being overloaded, please further tune the variable for optimal performance in your application as needed. 
W0417 09:36:26.336000 55649 torch/distributed/run.py:803] *****************************************
logs/bf998f1f-e601-401d-afcc-d4100b6d6b84.txt
val_bpb:enabled tokenizer_kind=sentencepiece tokenizer_path=./data/tokenizers/fineweb_8192_bpe.model
train_loader:dataset:fineweb10B_sp8192 train_shards:80
val_loader:shards pattern=./data/datasets/fineweb10B_sp8192/fineweb_val_*.bin tokens:40540160
model_params:36204632
diffusion_aux:prob:0.03 weight:0.5000 start_frac:0.25 stop_frac:0.60 subsample:1.00 objective:latent_mse params:263168
XSA:last_11 active_layers:[0, 1, 2, 3, 4, 5, 6, 7, 8, 9, 10]
world_size:8 grad_accum_steps:1
sdp_backends:cudnn=False flash=True mem_efficient=False math=False
attention_mode:gqa num_heads:8 num_kv_heads:4
tie_embeddings:True embed_lr:0.03 head_lr:0.008 matrix_lr:0.02 scalar_lr:0.02
quant_stack:compressor=brotli matrix_bits=6 embed_bits=8 matrix_clip_sigmas=12.85 embed_clip_sigmas=20.0 muon_row_normalize=True
train_batch_tokens:786432 train_seq_len:2048 iterations:20000 warmup_steps:20 max_wallclock_seconds:600.000
seed:1337
gptq:reserve_skipped skip_quant:enabled effective_wallclock_ms:600000
screen_mode:warmup_steps 20->2
warmup_step:1/2
warmup_step:2/2
step:0/20000 val_loss:9.00796645 val_bpb:3.48726453 train_time:0ms step_avg:0.02ms
step:1/20000 train_loss:9.0082 train_time:151ms step_avg:151.24ms
step:2/20000 train_loss:12.3254 train_time:194ms step_avg:96.95ms
step:3/20000 train_loss:11.0270 train_time:297ms step_avg:98.97ms
step:4/20000 train_loss:9.3986 train_time:402ms step_avg:100.61ms
step:5/20000 train_loss:8.3054 train_time:507ms step_avg:101.34ms
step:6/20000 train_loss:7.7027 train_time:610ms step_avg:101.60ms
step:7/20000 train_loss:7.2497 train_time:715ms step_avg:102.16ms
step:8/20000 train_loss:7.0811 train_time:819ms step_avg:102.33ms
step:9/20000 train_loss:6.9856 train_time:923ms step_avg:102.54ms
step:10/20000 train_loss:6.9458 train_time:1023ms step_avg:102.34ms
step:500/20000 train_loss:3.3167 train_time:49733ms step_avg:99.47ms
step:1000/20000 train_loss:3.1921 train_time:99325ms step_avg:99.32ms
step:1500/20000 train_loss:3.1801 train_time:148968ms step_avg:99.31ms
diffusion_startup:step:1510 elapsed_ms:150040 frac:0.25
step:2000/20000 train_loss:3.1437 train_time:218337ms step_avg:109.17ms
step:2500/20000 train_loss:3.1043 train_time:269189ms step_avg:107.68ms
step:3000/20000 train_loss:3.0347 train_time:320430ms step_avg:106.81ms
diffusion_cutoff:step:3387 elapsed_ms:360003 frac:0.60
step:3500/20000 train_loss:2.9792 train_time:371166ms step_avg:106.05ms
step:4000/20000 train_loss:3.0317 train_time:420887ms step_avg:105.22ms
step:4000/20000 val_loss:2.96819726 val_bpb:1.14908166 train_time:420967ms step_avg:105.24ms
step:4500/20000 train_loss:2.9573 train_time:470593ms step_avg:104.58ms
swa:start step:5000
step:5000/20000 train_loss:2.9429 train_time:520289ms step_avg:104.06ms
late_qat:enabled step:5193 scale:0.1500
step:5500/20000 train_loss:2.8555 train_time:570900ms step_avg:103.80ms
step:5786/20000 val_loss:2.83483084 val_bpb:1.09745136 train_time:600064ms step_avg:103.71ms
stopping_early: wallclock_cap train_time:600064ms step:5786/20000
peak memory allocated: 49712 MiB reserved: 49884 MiB
DIAGNOSTIC post_train val_loss:2.8348 val_bpb:1.0975 eval_time:1575ms
export_excluding_training_only_params:262144
Serialized model: 135398000 bytes
Code size: 101739 bytes
skip_quant:enabled — skipping post-training quantization pipeline
