nohup: ignoring input
W0417 10:11:47.000000 56564 torch/distributed/run.py:803] 
W0417 10:11:47.000000 56564 torch/distributed/run.py:803] *****************************************
W0417 10:11:47.000000 56564 torch/distributed/run.py:803] Setting OMP_NUM_THREADS environment variable for each process to be 1 in default, to avoid your system being overloaded, please further tune the variable for optimal performance in your application as needed. 
W0417 10:11:47.000000 56564 torch/distributed/run.py:803] *****************************************
logs/11e35499-2c43-4a90-8d8f-e904410a4da6.txt
val_bpb:enabled tokenizer_kind=sentencepiece tokenizer_path=./data/tokenizers/fineweb_8192_bpe.model
train_loader:dataset:fineweb10B_sp8192 train_shards:80
val_loader:shards pattern=./data/datasets/fineweb10B_sp8192/fineweb_val_*.bin tokens:40540160
model_params:36204632
diffusion_aux:prob:0.03 weight:0.5000 start_frac:0.25 stop_frac:0.60 subsample:1.00 objective:latent_mse params:263168
XSA:last_11 active_layers:[0, 1, 2, 3, 4, 5, 6, 7, 8, 9, 10]
world_size:8 grad_accum_steps:1
sdp_backends:cudnn=False flash=True mem_efficient=False math=False
attention_mode:gqa num_heads:8 num_kv_heads:4
tie_embeddings:True embed_lr:0.03 head_lr:0.008 matrix_lr:0.015 scalar_lr:0.02
quant_stack:compressor=brotli matrix_bits=6 embed_bits=8 matrix_clip_sigmas=12.85 embed_clip_sigmas=20.0 muon_row_normalize=True
train_batch_tokens:786432 train_seq_len:2048 iterations:20000 warmup_steps:20 max_wallclock_seconds:600.000
seed:1337
gptq:reserve_skipped skip_quant:enabled effective_wallclock_ms:600000
screen_mode:warmup_steps 20->2
warmup_step:1/2
warmup_step:2/2
step:0/20000 val_loss:9.00796645 val_bpb:3.48726453 train_time:0ms step_avg:0.02ms
step:1/20000 train_loss:9.0082 train_time:127ms step_avg:127.17ms
step:2/20000 train_loss:12.3400 train_time:160ms step_avg:80.19ms
step:3/20000 train_loss:11.0701 train_time:263ms step_avg:87.56ms
step:4/20000 train_loss:9.4568 train_time:368ms step_avg:92.12ms
step:5/20000 train_loss:8.3703 train_time:469ms step_avg:93.82ms
step:6/20000 train_loss:7.7429 train_time:574ms step_avg:95.65ms
step:7/20000 train_loss:7.2753 train_time:677ms step_avg:96.75ms
step:8/20000 train_loss:7.0945 train_time:784ms step_avg:97.97ms
step:9/20000 train_loss:6.9986 train_time:886ms step_avg:98.44ms
step:10/20000 train_loss:6.9619 train_time:990ms step_avg:98.98ms
step:500/20000 train_loss:3.3289 train_time:49812ms step_avg:99.62ms
step:1000/20000 train_loss:3.1900 train_time:99556ms step_avg:99.56ms
step:1500/20000 train_loss:3.1733 train_time:149272ms step_avg:99.51ms
diffusion_startup:step:1507 elapsed_ms:150043 frac:0.25
step:2000/20000 train_loss:3.1329 train_time:218347ms step_avg:109.17ms
step:2500/20000 train_loss:3.0918 train_time:269121ms step_avg:107.65ms
step:3000/20000 train_loss:3.0194 train_time:320518ms step_avg:106.84ms
diffusion_cutoff:step:3386 elapsed_ms:360053 frac:0.60
step:3500/20000 train_loss:2.9681 train_time:371320ms step_avg:106.09ms
step:4000/20000 train_loss:3.0249 train_time:421154ms step_avg:105.29ms
step:4000/20000 val_loss:2.95700000 val_bpb:1.14474685 train_time:421226ms step_avg:105.31ms
step:4500/20000 train_loss:2.9483 train_time:470918ms step_avg:104.65ms
swa:start step:5000
step:5000/20000 train_loss:2.9339 train_time:520688ms step_avg:104.14ms
late_qat:enabled step:5188 scale:0.1500
step:5500/20000 train_loss:2.8504 train_time:571611ms step_avg:103.93ms
step:5778/20000 val_loss:2.83434778 val_bpb:1.09726435 train_time:600075ms step_avg:103.86ms
stopping_early: wallclock_cap train_time:600075ms step:5778/20000
peak memory allocated: 49712 MiB reserved: 49884 MiB
DIAGNOSTIC post_train val_loss:2.8343 val_bpb:1.0973 eval_time:1575ms
export_excluding_training_only_params:262144
Serialized model: 135398000 bytes
Code size: 101739 bytes
skip_quant:enabled — skipping post-training quantization pipeline
