nohup: ignoring input
W0417 10:29:55.966000 57483 torch/distributed/run.py:803] 
W0417 10:29:55.966000 57483 torch/distributed/run.py:803] *****************************************
W0417 10:29:55.966000 57483 torch/distributed/run.py:803] Setting OMP_NUM_THREADS environment variable for each process to be 1 in default, to avoid your system being overloaded, please further tune the variable for optimal performance in your application as needed. 
W0417 10:29:55.966000 57483 torch/distributed/run.py:803] *****************************************
logs/528ac925-aff4-441a-b99d-b2c84e7027a6.txt
val_bpb:enabled tokenizer_kind=sentencepiece tokenizer_path=./data/tokenizers/fineweb_8192_bpe.model
train_loader:dataset:fineweb10B_sp8192 train_shards:80
val_loader:shards pattern=./data/datasets/fineweb10B_sp8192/fineweb_val_*.bin tokens:40540160
model_params:36204632
diffusion_aux:prob:0.03 weight:0.5000 start_frac:0.25 stop_frac:0.60 subsample:1.00 objective:latent_mse params:263168
XSA:last_11 active_layers:[0, 1, 2, 3, 4, 5, 6, 7, 8, 9, 10]
world_size:8 grad_accum_steps:1
sdp_backends:cudnn=False flash=True mem_efficient=False math=False
attention_mode:gqa num_heads:8 num_kv_heads:4
tie_embeddings:True embed_lr:0.03 head_lr:0.008 matrix_lr:0.01 scalar_lr:0.02
quant_stack:compressor=brotli matrix_bits=6 embed_bits=8 matrix_clip_sigmas=12.85 embed_clip_sigmas=20.0 muon_row_normalize=True
train_batch_tokens:786432 train_seq_len:2048 iterations:20000 warmup_steps:20 max_wallclock_seconds:600.000
seed:1337
gptq:reserve_skipped skip_quant:enabled effective_wallclock_ms:600000
screen_mode:warmup_steps 20->2
warmup_step:1/2
warmup_step:2/2
step:0/20000 val_loss:9.00796645 val_bpb:3.48726453 train_time:0ms step_avg:0.01ms
step:1/20000 train_loss:9.0082 train_time:135ms step_avg:135.25ms
step:2/20000 train_loss:12.3542 train_time:172ms step_avg:85.96ms
step:3/20000 train_loss:11.1171 train_time:275ms step_avg:91.74ms
step:4/20000 train_loss:9.5148 train_time:378ms step_avg:94.42ms
step:5/20000 train_loss:8.4312 train_time:482ms step_avg:96.42ms
step:6/20000 train_loss:7.7838 train_time:584ms step_avg:97.38ms
step:7/20000 train_loss:7.3014 train_time:687ms step_avg:98.15ms
step:8/20000 train_loss:7.1110 train_time:791ms step_avg:98.87ms
step:9/20000 train_loss:7.0111 train_time:896ms step_avg:99.53ms
step:10/20000 train_loss:6.9779 train_time:1001ms step_avg:100.14ms
step:500/20000 train_loss:3.3521 train_time:49612ms step_avg:99.22ms
step:1000/20000 train_loss:3.1865 train_time:99186ms step_avg:99.19ms
step:1500/20000 train_loss:3.1721 train_time:148751ms step_avg:99.17ms
diffusion_startup:step:1512 elapsed_ms:150018 frac:0.25
step:2000/20000 train_loss:3.1315 train_time:218208ms step_avg:109.10ms
step:2500/20000 train_loss:3.0871 train_time:268868ms step_avg:107.55ms
step:3000/20000 train_loss:3.0155 train_time:320078ms step_avg:106.69ms
diffusion_cutoff:step:3391 elapsed_ms:360049 frac:0.60
step:3500/20000 train_loss:2.9640 train_time:370804ms step_avg:105.94ms
step:4000/20000 train_loss:3.0181 train_time:420624ms step_avg:105.16ms
step:4000/20000 val_loss:2.94972892 val_bpb:1.14193199 train_time:420705ms step_avg:105.18ms
step:4500/20000 train_loss:2.9449 train_time:470306ms step_avg:104.51ms
step:5000/20000 train_loss:2.9327 train_time:519985ms step_avg:104.00ms
swa:start step:5050
late_qat:enabled step:5195 scale:0.1499
step:5500/20000 train_loss:2.8560 train_time:570891ms step_avg:103.80ms
step:5787/20000 val_loss:2.84055016 val_bpb:1.09966549 train_time:600129ms step_avg:103.70ms
stopping_early: wallclock_cap train_time:600129ms step:5787/20000
peak memory allocated: 49712 MiB reserved: 49884 MiB
DIAGNOSTIC post_train val_loss:2.8406 val_bpb:1.0997 eval_time:1570ms
export_excluding_training_only_params:262144
Serialized model: 135398000 bytes
Code size: 101739 bytes
skip_quant:enabled — skipping post-training quantization pipeline
