nohup: ignoring input
W0417 11:01:17.284000 59203 torch/distributed/run.py:803] 
W0417 11:01:17.284000 59203 torch/distributed/run.py:803] *****************************************
W0417 11:01:17.284000 59203 torch/distributed/run.py:803] Setting OMP_NUM_THREADS environment variable for each process to be 1 in default, to avoid your system being overloaded, please further tune the variable for optimal performance in your application as needed. 
W0417 11:01:17.284000 59203 torch/distributed/run.py:803] *****************************************
logs/7925cd1d-3b63-4893-9193-c0a191c3f047.txt
val_bpb:enabled tokenizer_kind=sentencepiece tokenizer_path=./data/tokenizers/fineweb_8192_bpe.model
train_loader:dataset:fineweb10B_sp8192 train_shards:80
val_loader:shards pattern=./data/datasets/fineweb10B_sp8192/fineweb_val_*.bin tokens:40540160
model_params:36204632
diffusion_aux:prob:0.03 weight:0.5000 start_frac:0.25 stop_frac:0.60 subsample:1.00 objective:latent_mse params:263168
XSA:last_11 active_layers:[0, 1, 2, 3, 4, 5, 6, 7, 8, 9, 10]
world_size:8 grad_accum_steps:1
sdp_backends:cudnn=False flash=True mem_efficient=False math=False
attention_mode:gqa num_heads:8 num_kv_heads:4
tie_embeddings:True embed_lr:0.03 head_lr:0.008 matrix_lr:0.02 scalar_lr:0.02
quant_stack:compressor=brotli matrix_bits=6 embed_bits=8 matrix_clip_sigmas=12.85 embed_clip_sigmas=20.0 muon_row_normalize=True
train_batch_tokens:786432 train_seq_len:2048 iterations:20000 warmup_steps:20 max_wallclock_seconds:600.000
seed:2026
gptq:reserve_skipped skip_quant:enabled effective_wallclock_ms:600000
screen_mode:warmup_steps 20->2
warmup_step:1/2
warmup_step:2/2
step:0/20000 val_loss:9.00675438 val_bpb:3.48679530 train_time:0ms step_avg:0.01ms
step:1/20000 train_loss:9.0090 train_time:137ms step_avg:137.01ms
step:2/20000 train_loss:12.1653 train_time:175ms step_avg:87.61ms
step:3/20000 train_loss:10.9701 train_time:277ms step_avg:92.30ms
step:4/20000 train_loss:9.4098 train_time:382ms step_avg:95.38ms
step:5/20000 train_loss:8.2332 train_time:484ms step_avg:96.82ms
step:6/20000 train_loss:7.7161 train_time:590ms step_avg:98.36ms
step:7/20000 train_loss:7.2660 train_time:693ms step_avg:99.02ms
step:8/20000 train_loss:7.0660 train_time:795ms step_avg:99.39ms
step:9/20000 train_loss:6.9836 train_time:903ms step_avg:100.33ms
step:10/20000 train_loss:6.9174 train_time:1009ms step_avg:100.92ms
step:500/20000 train_loss:3.3780 train_time:49879ms step_avg:99.76ms
step:1000/20000 train_loss:3.2245 train_time:99738ms step_avg:99.74ms
step:1500/20000 train_loss:3.1510 train_time:149437ms step_avg:99.62ms
diffusion_startup:step:1505 elapsed_ms:150014 frac:0.25
step:2000/20000 train_loss:3.1368 train_time:220163ms step_avg:110.08ms
step:2500/20000 train_loss:2.9923 train_time:271660ms step_avg:108.66ms
step:3000/20000 train_loss:3.0446 train_time:322958ms step_avg:107.65ms
diffusion_cutoff:step:3360 elapsed_ms:360013 frac:0.60
step:3500/20000 train_loss:2.9956 train_time:373924ms step_avg:106.84ms
step:4000/20000 train_loss:2.9989 train_time:423737ms step_avg:105.93ms
step:4000/20000 val_loss:2.97072212 val_bpb:1.15005911 train_time:423817ms step_avg:105.95ms
step:4500/20000 train_loss:3.0553 train_time:473554ms step_avg:105.23ms
swa:start step:5000
step:5000/20000 train_loss:2.8937 train_time:523317ms step_avg:104.66ms
late_qat:enabled step:5162 scale:0.1498
step:5500/20000 train_loss:2.8397 train_time:574271ms step_avg:104.41ms
step:5752/20000 val_loss:2.83655295 val_bpb:1.09811804 train_time:600097ms step_avg:104.33ms
stopping_early: wallclock_cap train_time:600097ms step:5752/20000
peak memory allocated: 49712 MiB reserved: 49884 MiB
DIAGNOSTIC post_train val_loss:2.8366 val_bpb:1.0981 eval_time:1578ms
export_excluding_training_only_params:262144
Serialized model: 135398000 bytes
Code size: 101739 bytes
skip_quant:enabled — skipping post-training quantization pipeline
