nohup: ignoring input
W0417 11:15:34.144000 60058 torch/distributed/run.py:803] 
W0417 11:15:34.144000 60058 torch/distributed/run.py:803] *****************************************
W0417 11:15:34.144000 60058 torch/distributed/run.py:803] Setting OMP_NUM_THREADS environment variable for each process to be 1 in default, to avoid your system being overloaded, please further tune the variable for optimal performance in your application as needed. 
W0417 11:15:34.144000 60058 torch/distributed/run.py:803] *****************************************
logs/343b89a9-baf1-4725-8b96-f0d5c14afac6.txt
val_bpb:enabled tokenizer_kind=sentencepiece tokenizer_path=./data/tokenizers/fineweb_8192_bpe.model
train_loader:dataset:fineweb10B_sp8192 train_shards:80
val_loader:shards pattern=./data/datasets/fineweb10B_sp8192/fineweb_val_*.bin tokens:40540160
model_params:36204632
diffusion_aux:prob:0.03 weight:0.5000 start_frac:0.25 stop_frac:0.60 subsample:1.00 objective:latent_mse params:263168
XSA:last_11 active_layers:[0, 1, 2, 3, 4, 5, 6, 7, 8, 9, 10]
world_size:8 grad_accum_steps:1
sdp_backends:cudnn=False flash=True mem_efficient=False math=False
attention_mode:gqa num_heads:8 num_kv_heads:4
tie_embeddings:True embed_lr:0.03 head_lr:0.008 matrix_lr:0.02 scalar_lr:0.02
quant_stack:compressor=brotli matrix_bits=6 embed_bits=8 matrix_clip_sigmas=12.85 embed_clip_sigmas=20.0 muon_row_normalize=True
train_batch_tokens:786432 train_seq_len:2048 iterations:20000 warmup_steps:20 max_wallclock_seconds:600.000
seed:1337
gptq:reserve_skipped skip_quant:enabled effective_wallclock_ms:600000
screen_mode:warmup_steps 20->2
warmup_step:1/2
warmup_step:2/2
step:0/20000 val_loss:9.00796645 val_bpb:3.48726453 train_time:0ms step_avg:0.01ms
step:1/20000 train_loss:9.0082 train_time:138ms step_avg:138.30ms
step:2/20000 train_loss:12.3254 train_time:175ms step_avg:87.35ms
step:3/20000 train_loss:11.0269 train_time:281ms step_avg:93.65ms
step:4/20000 train_loss:9.3986 train_time:381ms step_avg:95.15ms
step:5/20000 train_loss:8.3055 train_time:485ms step_avg:96.98ms
step:6/20000 train_loss:7.7028 train_time:590ms step_avg:98.33ms
step:7/20000 train_loss:7.2497 train_time:694ms step_avg:99.09ms
step:8/20000 train_loss:7.0811 train_time:800ms step_avg:99.97ms
step:9/20000 train_loss:6.9858 train_time:904ms step_avg:100.42ms
step:10/20000 train_loss:6.9459 train_time:1009ms step_avg:100.91ms
step:500/20000 train_loss:3.3190 train_time:49972ms step_avg:99.94ms
step:1000/20000 train_loss:3.1947 train_time:99971ms step_avg:99.97ms
step:1500/20000 train_loss:3.1802 train_time:149976ms step_avg:99.98ms
diffusion_startup:step:1500 elapsed_ms:150053 frac:0.25
step:2000/20000 train_loss:3.1410 train_time:219582ms step_avg:109.79ms
step:2500/20000 train_loss:3.1075 train_time:270429ms step_avg:108.17ms
step:3000/20000 train_loss:3.0292 train_time:321936ms step_avg:107.31ms
diffusion_cutoff:step:3373 elapsed_ms:360096 frac:0.60
step:3500/20000 train_loss:2.9789 train_time:372673ms step_avg:106.48ms
step:4000/20000 train_loss:3.0343 train_time:422494ms step_avg:105.62ms
step:4000/20000 val_loss:2.96801323 val_bpb:1.14901041 train_time:422569ms step_avg:105.64ms
step:4500/20000 train_loss:2.9542 train_time:472345ms step_avg:104.97ms
swa:start step:5000
step:5000/20000 train_loss:2.9409 train_time:522131ms step_avg:104.43ms
late_qat:enabled step:5173 scale:0.1499
step:5500/20000 train_loss:2.8519 train_time:573250ms step_avg:104.23ms
step:5762/20000 val_loss:2.83208362 val_bpb:1.09638782 train_time:600068ms step_avg:104.14ms
stopping_early: wallclock_cap train_time:600068ms step:5762/20000
peak memory allocated: 49712 MiB reserved: 49884 MiB
DIAGNOSTIC post_train val_loss:2.8321 val_bpb:1.0964 eval_time:1578ms
export_excluding_training_only_params:262144
Serialized model: 135398000 bytes
Code size: 101739 bytes
skip_quant:enabled — skipping post-training quantization pipeline
