logs/exp002_depth_recurrence.txt
val_bpb:enabled tokenizer_kind=sentencepiece tokenizer_path=./data/tokenizers/fineweb_1024_bpe.model
train_loader:dataset:fineweb10B_sp1024 train_shards:80
val_loader:shards pattern=./data/datasets/fineweb10B_sp1024/fineweb_val_*.bin tokens:62021632
model_params:26993770
mtp_num_heads:0 mtp_loss_weight:0.2 mtp_params:0
XSA:last_11 active_layers:[0, 1, 2, 3, 4, 5, 6, 7, 8, 9, 10]
recurrence:depth:2 shared_layers:2-8
world_size:1 grad_accum_steps:8
sdp_backends:cudnn=False flash=True mem_efficient=False math=False
attention_mode:gqa num_heads:8 num_kv_heads:4
tie_embeddings:True embed_lr:0.035 head_lr:0.0 matrix_lr:0.025 scalar_lr:0.025
train_batch_tokens:786432 train_seq_len:2048 iterations:20000 warmup_steps:20 max_wallclock_seconds:600.000
seed:1337
warmup_step:1/20
warmup_step:2/20
warmup_step:3/20
warmup_step:4/20
warmup_step:5/20
warmup_step:6/20
warmup_step:7/20
warmup_step:8/20
warmup_step:9/20
warmup_step:10/20
warmup_step:11/20
warmup_step:12/20
warmup_step:13/20
warmup_step:14/20
warmup_step:15/20
warmup_step:16/20
warmup_step:17/20
warmup_step:18/20
warmup_step:19/20
warmup_step:20/20
step:0/20000 val_loss:6.9309 val_bpb:4.1049 train_time:0ms step_avg:0.02ms
step:1/20000 train_loss:6.9313 train_time:1036ms step_avg:1035.89ms
step:2/20000 train_loss:8.3204 train_time:2060ms step_avg:1029.95ms
step:3/20000 train_loss:8.0342 train_time:3114ms step_avg:1037.94ms
step:4/20000 train_loss:7.5793 train_time:4182ms step_avg:1045.53ms
step:5/20000 train_loss:7.1126 train_time:5249ms step_avg:1049.75ms
step:6/20000 train_loss:6.7677 train_time:6302ms step_avg:1050.34ms
step:7/20000 train_loss:6.4575 train_time:7354ms step_avg:1050.57ms
step:8/20000 train_loss:6.2377 train_time:8411ms step_avg:1051.36ms
step:9/20000 train_loss:6.0548 train_time:9463ms step_avg:1051.48ms
step:10/20000 train_loss:5.9057 train_time:10577ms step_avg:1057.73ms
late_qat:enabled step:44 scale:0.1499
swa:start step:50
step:500/20000 train_loss:2.6314 train_time:528178ms step_avg:1056.36ms
step:568/20000 val_loss:2.6427 val_bpb:1.5651 train_time:600065ms step_avg:1056.45ms
stopping_early: wallclock_cap train_time:600065ms step:568/20000
peak memory allocated: 37646 MiB reserved: 37668 MiB
ema:applying EMA weights
DIAGNOSTIC post_ema val_loss:6.0496 val_bpb:3.5829 eval_time:26589ms
ema:EMA is worse (3.5829 > 1.5651), reverting to live checkpoint
Serialized model: 106158839 bytes
Code size: 106798 bytes
gptq:building non-banked model for Hessian collection...
gptq:generating autoregressive calibration data (64 seqs x 2048 tokens, temp=0.8)...
gptq:generated 64 sequences in 298.7s
gptq:collecting hessians from autoregressive data...
gptq:collected hessians for 68 layers (AR self-gen)
[rank0]: Traceback (most recent call last):
[rank0]:   File "/workspace/parameter-golf/parameter-golf-exp/experiments/002-depth-recurrence/train_gpt.py", line 2224, in <module>
[rank0]:     main()
[rank0]:   File "/workspace/parameter-golf/parameter-golf-exp/experiments/002-depth-recurrence/train_gpt.py", line 2080, in main
[rank0]:     quant_result, quant_meta = mixed_quantize_int6(unbanked_sd, {"mlp", "attn"}, hessians=hessians)
[rank0]:                                ^^^^^^^^^^^^^^^^^^^^^^^^^^^^^^^^^^^^^^^^^^^^^^^^^^^^^^^^^^^^^^^^^^^^
[rank0]:   File "/workspace/parameter-golf/parameter-golf-exp/experiments/002-depth-recurrence/train_gpt.py", line 1586, in mixed_quantize_int6
[rank0]:     q, s = quantize_int6_gptq(t, hessian=H, clip_range=cr)
[rank0]:            ^^^^^^^^^^^^^^^^^^^^^^^^^^^^^^^^^^^^^^^^^^^^^^^
[rank0]:   File "/workspace/parameter-golf/parameter-golf-exp/experiments/002-depth-recurrence/train_gpt.py", line 1221, in quantize_int6_gptq
[rank0]:     Hinv = torch.linalg.cholesky(H)
[rank0]:            ^^^^^^^^^^^^^^^^^^^^^^^^
[rank0]: torch._C._LinAlgError: linalg.cholesky: The factorization could not be completed because the input is not positive-definite (the leading minor of order 155 is not positive-definite).
[rank0]:[W408 05:14:32.062368491 ProcessGroupNCCL.cpp:1524] Warning: WARNING: destroy_process_group() was not called before program exit, which can leak resources. For more info, please see https://pytorch.org/docs/stable/distributed.html#shutdown (function operator())
E0408 05:14:34.557000 30809 torch/distributed/elastic/multiprocessing/api.py:882] failed (exitcode: 1) local_rank: 0 (pid: 30877) of binary: /usr/local/bin/python
Traceback (most recent call last):
  File "/usr/local/bin/torchrun", line 7, in <module>
    sys.exit(main())
             ^^^^^^
  File "/usr/local/lib/python3.12/dist-packages/torch/distributed/elastic/multiprocessing/errors/__init__.py", line 357, in wrapper
    return f(*args, **kwargs)
           ^^^^^^^^^^^^^^^^^^
  File "/usr/local/lib/python3.12/dist-packages/torch/distributed/run.py", line 936, in main
    run(args)
  File "/usr/local/lib/python3.12/dist-packages/torch/distributed/run.py", line 927, in run
    elastic_launch(
  File "/usr/local/lib/python3.12/dist-packages/torch/distributed/launcher/api.py", line 156, in __call__
    return launch_agent(self._config, self._entrypoint, list(args))
           ^^^^^^^^^^^^^^^^^^^^^^^^^^^^^^^^^^^^^^^^^^^^^^^^^^^^^^^^
  File "/usr/local/lib/python3.12/dist-packages/torch/distributed/launcher/api.py", line 293, in launch_agent
    raise ChildFailedError(
torch.distributed.elastic.multiprocessing.errors.ChildFailedError: 
============================================================
experiments/002-depth-recurrence/train_gpt.py FAILED
------------------------------------------------------------
Failures:
  <NO_OTHER_FAILURES>
------------------------------------------------------------
Root Cause (first observed failure):
[0]:
  time      : 2026-04-08_05:14:34
  host      : 12811e26f684
  rank      : 0 (local_rank: 0)
  exitcode  : 1 (pid: 30877)
  error_file: <N/A>
  traceback : To enable traceback see: https://pytorch.org/docs/stable/elastic/errors.html
============================================================
