logs/exp002_v6_warmdown1200.txt
val_bpb:enabled tokenizer_kind=sentencepiece tokenizer_path=./data/tokenizers/fineweb_1024_bpe.model
train_loader:dataset:fineweb10B_sp1024 train_shards:80
val_loader:shards pattern=./data/datasets/fineweb10B_sp1024/fineweb_val_*.bin tokens:62021632
model_params:26993756
mtp_num_heads:0 mtp_loss_weight:0.2 mtp_params:0
XSA:last_11 active_layers:[0, 1, 2, 3, 4, 5, 6, 7, 8, 9, 10]
recurrence:depth:1 shared_layers:2-8
world_size:1 grad_accum_steps:8
sdp_backends:cudnn=False flash=True mem_efficient=False math=False
attention_mode:gqa num_heads:8 num_kv_heads:4
tie_embeddings:True embed_lr:0.035 head_lr:0.0 matrix_lr:0.025 scalar_lr:0.025
train_batch_tokens:786432 train_seq_len:2048 iterations:20000 warmup_steps:20 max_wallclock_seconds:600.000
seed:1337
warmup_step:1/20
warmup_step:2/20
warmup_step:3/20
warmup_step:4/20
warmup_step:5/20
warmup_step:6/20
warmup_step:7/20
warmup_step:8/20
warmup_step:9/20
warmup_step:10/20
warmup_step:11/20
warmup_step:12/20
warmup_step:13/20
warmup_step:14/20
warmup_step:15/20
warmup_step:16/20
warmup_step:17/20
warmup_step:18/20
warmup_step:19/20
warmup_step:20/20
step:0/20000 val_loss:6.9309 val_bpb:4.1049 train_time:0ms step_avg:0.02ms
step:1/20000 train_loss:6.9313 train_time:651ms step_avg:650.74ms
step:2/20000 train_loss:8.6943 train_time:1241ms step_avg:620.74ms
step:3/20000 train_loss:7.7406 train_time:1896ms step_avg:632.07ms
step:4/20000 train_loss:7.0130 train_time:2544ms step_avg:636.01ms
step:5/20000 train_loss:6.7776 train_time:3191ms step_avg:638.16ms
step:6/20000 train_loss:6.7595 train_time:3845ms step_avg:640.77ms
step:7/20000 train_loss:6.6366 train_time:4492ms step_avg:641.76ms
step:8/20000 train_loss:6.5287 train_time:5145ms step_avg:643.11ms
step:9/20000 train_loss:6.3884 train_time:5793ms step_avg:643.67ms
step:10/20000 train_loss:6.1500 train_time:6446ms step_avg:644.57ms
step:500/20000 train_loss:2.3043 train_time:324198ms step_avg:648.40ms
swa:start step:700
late_qat:enabled step:746 scale:0.1493
step:925/20000 val_loss:2.1872 val_bpb:1.2954 train_time:600285ms step_avg:648.96ms
stopping_early: wallclock_cap train_time:600285ms step:925/20000
peak memory allocated: 23055 MiB reserved: 23196 MiB
ema:applying EMA weights
DIAGNOSTIC post_ema val_loss:2.3325 val_bpb:1.3814 eval_time:16338ms
ema:EMA is worse (1.3814 > 1.2954), reverting to live checkpoint
Serialized model: 106158518 bytes
Code size: 109056 bytes
quant:int8+zlib mode (USE_INT8_ZLIB=1)
int8_stats: param_count=26993756 int8_bytes=27256174
Serialized model int8+zlib: 16904172 bytes
Total submission size int8+zlib: 17013228 bytes
final_int6_roundtrip val_loss:2.3410 val_bpb:1.3865 eval_time:20318ms
final_int6_roundtrip_exact val_loss:2.34099592 val_bpb:1.38646964
