logs/exp002_v9.txt
val_bpb:enabled tokenizer_kind=sentencepiece tokenizer_path=./data/tokenizers/fineweb_1024_bpe.model
train_loader:dataset:fineweb10B_sp1024 train_shards:80
val_loader:shards pattern=./data/datasets/fineweb10B_sp1024/fineweb_val_*.bin tokens:62021632
model_params:26993756
mtp_num_heads:0 mtp_loss_weight:0.2 mtp_params:0
XSA:last_11 active_layers:[0, 1, 2, 3, 4, 5, 6, 7, 8, 9, 10]
recurrence:depth:1 shared_layers:2-8
world_size:1 grad_accum_steps:8
sdp_backends:cudnn=False flash=True mem_efficient=False math=False
attention_mode:gqa num_heads:8 num_kv_heads:4
tie_embeddings:True embed_lr:0.035 head_lr:0.0 matrix_lr:0.025 scalar_lr:0.025
train_batch_tokens:786432 train_seq_len:2048 iterations:20000 warmup_steps:20 max_wallclock_seconds:600.000
seed:1337
warmup_step:1/20
warmup_step:2/20
warmup_step:3/20
warmup_step:4/20
warmup_step:5/20
warmup_step:6/20
warmup_step:7/20
warmup_step:8/20
warmup_step:9/20
warmup_step:10/20
warmup_step:11/20
warmup_step:12/20
warmup_step:13/20
warmup_step:14/20
warmup_step:15/20
warmup_step:16/20
warmup_step:17/20
warmup_step:18/20
warmup_step:19/20
warmup_step:20/20
step:0/20000 val_loss:6.9309 val_bpb:4.1049 train_time:0ms step_avg:0.02ms
step:1/20000 train_loss:6.9313 train_time:649ms step_avg:648.67ms
step:2/20000 train_loss:8.6943 train_time:1239ms step_avg:619.45ms
step:3/20000 train_loss:8.2525 train_time:1894ms step_avg:631.23ms
step:4/20000 train_loss:7.6024 train_time:2540ms step_avg:635.01ms
step:5/20000 train_loss:7.0047 train_time:3190ms step_avg:637.91ms
step:6/20000 train_loss:6.6059 train_time:3836ms step_avg:639.34ms
step:7/20000 train_loss:6.2926 train_time:4485ms step_avg:640.64ms
step:8/20000 train_loss:6.0690 train_time:5132ms step_avg:641.51ms
step:9/20000 train_loss:5.9446 train_time:5778ms step_avg:642.01ms
step:10/20000 train_loss:5.8448 train_time:6429ms step_avg:642.88ms
swa:start step:250
late_qat:enabled step:401 scale:0.1500
step:500/20000 train_loss:2.4388 train_time:323903ms step_avg:647.81ms
step:925/20000 val_loss:2.3171 val_bpb:1.3723 train_time:600292ms step_avg:648.96ms
stopping_early: wallclock_cap train_time:600292ms step:925/20000
peak memory allocated: 23055 MiB reserved: 23196 MiB
ema:applying EMA weights
DIAGNOSTIC post_ema val_loss:2.5167 val_bpb:1.4905 eval_time:16333ms
ema:EMA is worse (1.4905 > 1.3723), reverting to live checkpoint
Serialized model: 106158518 bytes
Code size: 110304 bytes
quant:int8+lzma mode (USE_INT8_LZMA=1)
int8_stats: param_count=26993756 int8_bytes=27256174
Serialized model int8+lzma: 13418416 bytes
Total submission size int8+lzma: 13528720 bytes
final_int6_roundtrip val_loss:2.5650 val_bpb:1.5192 eval_time:20203ms
final_int6_roundtrip_exact val_loss:2.56503488 val_bpb:1.51915814
final_int6_sliding_window val_loss:2.5352 val_bpb:1.5015 stride:64 eval_time:593978ms
final_int6_sliding_window_exact val_loss:2.53516133 val_bpb:1.50146931
final_int8_zlib_roundtrip_exact val_loss:2.53516133 val_bpb:1.50146931
