logs/exp002_v8.txt
val_bpb:enabled tokenizer_kind=sentencepiece tokenizer_path=./data/tokenizers/fineweb_1024_bpe.model
train_loader:dataset:fineweb10B_sp1024 train_shards:80
val_loader:shards pattern=./data/datasets/fineweb10B_sp1024/fineweb_val_*.bin tokens:62021632
model_params:26993756
mtp_num_heads:0 mtp_loss_weight:0.2 mtp_params:0
XSA:last_11 active_layers:[0, 1, 2, 3, 4, 5, 6, 7, 8, 9, 10]
recurrence:depth:1 shared_layers:2-8
world_size:1 grad_accum_steps:8
sdp_backends:cudnn=False flash=True mem_efficient=False math=False
attention_mode:gqa num_heads:8 num_kv_heads:4
tie_embeddings:True embed_lr:0.035 head_lr:0.0 matrix_lr:0.025 scalar_lr:0.025
train_batch_tokens:786432 train_seq_len:2048 iterations:20000 warmup_steps:20 max_wallclock_seconds:600.000
seed:1337
warmup_step:1/20
warmup_step:2/20
warmup_step:3/20
warmup_step:4/20
warmup_step:5/20
warmup_step:6/20
warmup_step:7/20
warmup_step:8/20
warmup_step:9/20
warmup_step:10/20
warmup_step:11/20
warmup_step:12/20
warmup_step:13/20
warmup_step:14/20
warmup_step:15/20
warmup_step:16/20
warmup_step:17/20
warmup_step:18/20
warmup_step:19/20
warmup_step:20/20
step:0/20000 val_loss:6.9309 val_bpb:4.1049 train_time:0ms step_avg:0.01ms
step:1/20000 train_loss:6.9313 train_time:647ms step_avg:646.68ms
step:2/20000 train_loss:8.6943 train_time:1235ms step_avg:617.29ms
step:3/20000 train_loss:8.2502 train_time:1896ms step_avg:632.09ms
step:4/20000 train_loss:7.6010 train_time:2541ms step_avg:635.33ms
step:5/20000 train_loss:7.0042 train_time:3191ms step_avg:638.17ms
step:6/20000 train_loss:6.6059 train_time:3838ms step_avg:639.71ms
step:7/20000 train_loss:6.2926 train_time:4490ms step_avg:641.39ms
step:8/20000 train_loss:6.0691 train_time:5138ms step_avg:642.26ms
step:9/20000 train_loss:5.9446 train_time:5791ms step_avg:643.43ms
step:10/20000 train_loss:5.8445 train_time:6438ms step_avg:643.76ms
swa:start step:250
late_qat:enabled step:404 scale:0.1499
step:500/20000 train_loss:2.4372 train_time:323060ms step_avg:646.12ms
step:929/20000 val_loss:2.3151 val_bpb:1.3711 train_time:600652ms step_avg:646.56ms
stopping_early: wallclock_cap train_time:600652ms step:929/20000
peak memory allocated: 23040 MiB reserved: 23084 MiB
ema:applying EMA weights
DIAGNOSTIC post_ema val_loss:2.5113 val_bpb:1.4873 eval_time:16308ms
ema:EMA is worse (1.4873 > 1.3711), reverting to live checkpoint
Serialized model: 106158518 bytes
Code size: 110385 bytes
quant:int8+lzma mode (USE_INT8_LZMA=1)
int8_stats: param_count=26993756 int8_bytes=27256174
Serialized model int8+lzma: 13428640 bytes
Total submission size int8+lzma: 13539025 bytes
final_int6_roundtrip val_loss:2.5646 val_bpb:1.5189 eval_time:20175ms
final_int6_roundtrip_exact val_loss:2.56460447 val_bpb:1.51890322
final_int6_sliding_window val_loss:2.5350 val_bpb:1.5014 stride:64 eval_time:591188ms
final_int6_sliding_window_exact val_loss:2.53497284 val_bpb:1.50135768
final_int8_zlib_roundtrip_exact val_loss:2.53497284 val_bpb:1.50135768
[W408 10:05:03.138976434 AllocatorConfig.cpp:28] Warning: PYTORCH_CUDA_ALLOC_CONF is deprecated, use PYTORCH_ALLOC_CONF instead (function operator())
