logs/exp002_v4_d1_int8.txt
val_bpb:enabled tokenizer_kind=sentencepiece tokenizer_path=./data/tokenizers/fineweb_1024_bpe.model
train_loader:dataset:fineweb10B_sp1024 train_shards:80
val_loader:shards pattern=./data/datasets/fineweb10B_sp1024/fineweb_val_*.bin tokens:62021632
model_params:26993756
mtp_num_heads:0 mtp_loss_weight:0.2 mtp_params:0
XSA:last_11 active_layers:[0, 1, 2, 3, 4, 5, 6, 7, 8, 9, 10]
recurrence:depth:1 shared_layers:2-8
world_size:1 grad_accum_steps:8
sdp_backends:cudnn=False flash=True mem_efficient=False math=False
attention_mode:gqa num_heads:8 num_kv_heads:4
tie_embeddings:True embed_lr:0.035 head_lr:0.0 matrix_lr:0.025 scalar_lr:0.025
train_batch_tokens:786432 train_seq_len:2048 iterations:20000 warmup_steps:20 max_wallclock_seconds:600.000
seed:1337
warmup_step:1/20
warmup_step:2/20
warmup_step:3/20
warmup_step:4/20
warmup_step:5/20
warmup_step:6/20
warmup_step:7/20
warmup_step:8/20
warmup_step:9/20
warmup_step:10/20
warmup_step:11/20
warmup_step:12/20
warmup_step:13/20
warmup_step:14/20
warmup_step:15/20
warmup_step:16/20
warmup_step:17/20
warmup_step:18/20
warmup_step:19/20
warmup_step:20/20
step:0/20000 val_loss:6.9309 val_bpb:4.1049 train_time:0ms step_avg:0.02ms
step:1/20000 train_loss:6.9313 train_time:652ms step_avg:652.14ms
step:2/20000 train_loss:8.6943 train_time:1251ms step_avg:625.44ms
step:3/20000 train_loss:8.2539 train_time:1908ms step_avg:636.13ms
step:4/20000 train_loss:7.6070 train_time:2559ms step_avg:639.75ms
step:5/20000 train_loss:7.0094 train_time:3213ms step_avg:642.65ms
step:6/20000 train_loss:6.6100 train_time:3867ms step_avg:644.53ms
step:7/20000 train_loss:6.2961 train_time:4522ms step_avg:646.01ms
step:8/20000 train_loss:6.0721 train_time:5174ms step_avg:646.70ms
step:9/20000 train_loss:5.9451 train_time:5827ms step_avg:647.40ms
step:10/20000 train_loss:5.8446 train_time:6483ms step_avg:648.25ms
swa:start step:250
late_qat:enabled step:396 scale:0.1499
step:500/20000 train_loss:2.4418 train_time:326029ms step_avg:652.06ms
step:920/20000 val_loss:2.3212 val_bpb:1.3748 train_time:600281ms step_avg:652.48ms
stopping_early: wallclock_cap train_time:600281ms step:920/20000
peak memory allocated: 23002 MiB reserved: 23196 MiB
ema:applying EMA weights
DIAGNOSTIC post_ema val_loss:2.5249 val_bpb:1.4954 eval_time:16407ms
ema:EMA is worse (1.4954 > 1.3748), reverting to live checkpoint
Serialized model: 106158518 bytes
Code size: 109056 bytes
quant:int8+zlib mode (USE_INT8_ZLIB=1)
int8_stats: param_count=26993756 int8_bytes=27256174
Serialized model int8+zlib: 14479474 bytes
Total submission size int8+zlib: 14588530 bytes
final_int6_roundtrip val_loss:2.5692 val_bpb:1.5216 eval_time:20758ms
final_int6_roundtrip_exact val_loss:2.56922660 val_bpb:1.52164071
final_int6_sliding_window val_loss:2.5384 val_bpb:1.5034 stride:64 eval_time:600429ms
final_int6_sliding_window_exact val_loss:2.53837962 val_bpb:1.50337537
final_int8_zlib_roundtrip_exact val_loss:2.53837962 val_bpb:1.50337537
