logs/exp002_depth_recurrence.txt
val_bpb:enabled tokenizer_kind=sentencepiece tokenizer_path=./data/tokenizers/fineweb_1024_bpe.model
train_loader:dataset:fineweb10B_sp1024 train_shards:80
val_loader:shards pattern=./data/datasets/fineweb10B_sp1024/fineweb_val_*.bin tokens:62021632
model_params:26993756
mtp_num_heads:0 mtp_loss_weight:0.2 mtp_params:0
XSA:last_11 active_layers:[0, 1, 2, 3, 4, 5, 6, 7, 8, 9, 10]
recurrence:depth:1 shared_layers:2-8
world_size:1 grad_accum_steps:8
sdp_backends:cudnn=False flash=True mem_efficient=False math=False
attention_mode:gqa num_heads:8 num_kv_heads:4
tie_embeddings:True embed_lr:0.035 head_lr:0.0 matrix_lr:0.025 scalar_lr:0.025
train_batch_tokens:786432 train_seq_len:2048 iterations:20000 warmup_steps:20 max_wallclock_seconds:600.000
seed:1337
warmup_step:1/20
warmup_step:2/20
warmup_step:3/20
warmup_step:4/20
warmup_step:5/20
warmup_step:6/20
warmup_step:7/20
warmup_step:8/20
warmup_step:9/20
warmup_step:10/20
warmup_step:11/20
warmup_step:12/20
warmup_step:13/20
warmup_step:14/20
warmup_step:15/20
warmup_step:16/20
warmup_step:17/20
warmup_step:18/20
warmup_step:19/20
warmup_step:20/20
step:0/20000 val_loss:6.9309 val_bpb:4.1049 train_time:0ms step_avg:0.01ms
step:1/20000 train_loss:6.9313 train_time:653ms step_avg:653.29ms
step:2/20000 train_loss:8.6943 train_time:1249ms step_avg:624.65ms
step:3/20000 train_loss:8.2533 train_time:1906ms step_avg:635.22ms
step:4/20000 train_loss:7.6042 train_time:2553ms step_avg:638.14ms
step:5/20000 train_loss:7.0068 train_time:3208ms step_avg:641.53ms
step:6/20000 train_loss:6.6077 train_time:3860ms step_avg:643.31ms
step:7/20000 train_loss:6.2942 train_time:4509ms step_avg:644.20ms
step:8/20000 train_loss:6.0706 train_time:5165ms step_avg:645.59ms
step:9/20000 train_loss:5.9449 train_time:5813ms step_avg:645.85ms
step:10/20000 train_loss:5.8445 train_time:6466ms step_avg:646.56ms
swa:start step:250
late_qat:enabled step:397 scale:0.1499
step:500/20000 train_loss:2.4400 train_time:325535ms step_avg:651.07ms
step:922/20000 val_loss:2.3196 val_bpb:1.3738 train_time:600693ms step_avg:651.51ms
stopping_early: wallclock_cap train_time:600693ms step:922/20000
peak memory allocated: 23002 MiB reserved: 23196 MiB
ema:applying EMA weights
DIAGNOSTIC post_ema val_loss:2.5228 val_bpb:1.4941 eval_time:16263ms
Serialized model: 106158518 bytes
Code size: 106518 bytes
gptq:building non-banked model for Hessian collection...
gptq:generating autoregressive calibration data (64 seqs x 2048 tokens, temp=0.8)...
gptq:generated 64 sequences in 201.0s
gptq:collecting hessians from autoregressive data...
gptq:collected hessians for 68 layers (AR self-gen)
